ReferenceError: Cannot access 'app' before initialization
    at Object.<anonymous> (/data/data/com.termux/files/home/server.cjs:1:1)
    at Module._compile (node:internal/modules/cjs/loader:1873:14)
    at Module._extensions..js (node:internal/modules/cjs/loader:2013:10)
    at Module.load (node:internal/modules/cjs/loader:1596:32)
    at Module._load (node:internal/modules/cjs/loader:1398:12)
    at Object.<anonymous> (/data/data/com.termux/files/usr/lib/node_modules/pm2/lib/ProcessContainerFork.js:32:23)
    at Module._compile (node:internal/modules/cjs/loader:1873:14)
    at Module._extensions..js (node:internal/modules/cjs/loader:2013:10)
    at Module.load (node:internal/modules/cjs/loader:1596:32)
    at Module._load (node:internal/modules/cjs/loader:1398:12)
ReferenceError: Cannot access 'app' before initialization
    at Object.<anonymous> (/data/data/com.termux/files/home/server.cjs:1:1)
    at Module._compile (node:internal/modules/cjs/loader:1873:14)
    at Module._extensions..js (node:internal/modules/cjs/loader:2013:10)
    at Module.load (node:internal/modules/cjs/loader:1596:32)
    at Module._load (node:internal/modules/cjs/loader:1398:12)
    at Object.<anonymous> (/data/data/com.termux/files/usr/lib/node_modules/pm2/lib/ProcessContainerFork.js:32:23)
    at Module._compile (node:internal/modules/cjs/loader:1873:14)
    at Module._extensions..js (node:internal/modules/cjs/loader:2013:10)
    at Module.load (node:internal/modules/cjs/loader:1596:32)
    at Module._load (node:internal/modules/cjs/loader:1398:12)
ReferenceError: Cannot access 'app' before initialization
    at Object.<anonymous> (/data/data/com.termux/files/home/server.cjs:1:1)
    at Module._compile (node:internal/modules/cjs/loader:1873:14)
    at Module._extensions..js (node:internal/modules/cjs/loader:2013:10)
    at Module.load (node:internal/modules/cjs/loader:1596:32)
    at Module._load (node:internal/modules/cjs/loader:1398:12)
    at Object.<anonymous> (/data/data/com.termux/files/usr/lib/node_modules/pm2/lib/ProcessContainerFork.js:32:23)
    at Module._compile (node:internal/modules/cjs/loader:1873:14)
    at Module._extensions..js (node:internal/modules/cjs/loader:2013:10)
    at Module.load (node:internal/modules/cjs/loader:1596:32)
    at Module._load (node:internal/modules/cjs/loader:1398:12)
ReferenceError: Cannot access 'app' before initialization
    at Object.<anonymous> (/data/data/com.termux/files/home/server.cjs:1:1)
    at Module._compile (node:internal/modules/cjs/loader:1873:14)
    at Module._extensions..js (node:internal/modules/cjs/loader:2013:10)
    at Module.load (node:internal/modules/cjs/loader:1596:32)
    at Module._load (node:internal/modules/cjs/loader:1398:12)
    at Object.<anonymous> (/data/data/com.termux/files/usr/lib/node_modules/pm2/lib/ProcessContainerFork.js:32:23)
    at Module._compile (node:internal/modules/cjs/loader:1873:14)
    at Module._extensions..js (node:internal/modules/cjs/loader:2013:10)
    at Module.load (node:internal/modules/cjs/loader:1596:32)
    at Module._load (node:internal/modules/cjs/loader:1398:12)
ReferenceError: Cannot access 'app' before initialization
    at Object.<anonymous> (/data/data/com.termux/files/home/server.cjs:1:1)
    at Module._compile (node:internal/modules/cjs/loader:1873:14)
    at Module._extensions..js (node:internal/modules/cjs/loader:2013:10)
    at Module.load (node:internal/modules/cjs/loader:1596:32)
    at Module._load (node:internal/modules/cjs/loader:1398:12)
    at Object.<anonymous> (/data/data/com.termux/files/usr/lib/node_modules/pm2/lib/ProcessContainerFork.js:32:23)
    at Module._compile (node:internal/modules/cjs/loader:1873:14)
    at Module._extensions..js (node:internal/modules/cjs/loader:2013:10)
    at Module.load (node:internal/modules/cjs/loader:1596:32)
    at Module._load (node:internal/modules/cjs/loader:1398:12)
ReferenceError: Cannot access 'app' before initialization
    at Object.<anonymous> (/data/data/com.termux/files/home/server.cjs:1:1)
    at Module._compile (node:internal/modules/cjs/loader:1873:14)
    at Module._extensions..js (node:internal/modules/cjs/loader:2013:10)
    at Module.load (node:internal/modules/cjs/loader:1596:32)
    at Module._load (node:internal/modules/cjs/loader:1398:12)
    at Object.<anonymous> (/data/data/com.termux/files/usr/lib/node_modules/pm2/lib/ProcessContainerFork.js:32:23)
    at Module._compile (node:internal/modules/cjs/loader:1873:14)
    at Module._extensions..js (node:internal/modules/cjs/loader:2013:10)
    at Module.load (node:internal/modules/cjs/loader:1596:32)
    at Module._load (node:internal/modules/cjs/loader:1398:12)
ReferenceError: Cannot access 'app' before initialization
    at Object.<anonymous> (/data/data/com.termux/files/home/server.cjs:1:1)
    at Module._compile (node:internal/modules/cjs/loader:1873:14)
    at Module._extensions..js (node:internal/modules/cjs/loader:2013:10)
    at Module.load (node:internal/modules/cjs/loader:1596:32)
    at Module._load (node:internal/modules/cjs/loader:1398:12)
    at Object.<anonymous> (/data/data/com.termux/files/usr/lib/node_modules/pm2/lib/ProcessContainerFork.js:32:23)
    at Module._compile (node:internal/modules/cjs/loader:1873:14)
    at Module._extensions..js (node:internal/modules/cjs/loader:2013:10)
    at Module.load (node:internal/modules/cjs/loader:1596:32)
    at Module._load (node:internal/modules/cjs/loader:1398:12)
ReferenceError: Cannot access 'app' before initialization
    at Object.<anonymous> (/data/data/com.termux/files/home/server.cjs:1:1)
    at Module._compile (node:internal/modules/cjs/loader:1873:14)
    at Module._extensions..js (node:internal/modules/cjs/loader:2013:10)
    at Module.load (node:internal/modules/cjs/loader:1596:32)
    at Module._load (node:internal/modules/cjs/loader:1398:12)
    at Object.<anonymous> (/data/data/com.termux/files/usr/lib/node_modules/pm2/lib/ProcessContainerFork.js:32:23)
    at Module._compile (node:internal/modules/cjs/loader:1873:14)
    at Module._extensions..js (node:internal/modules/cjs/loader:2013:10)
    at Module.load (node:internal/modules/cjs/loader:1596:32)
    at Module._load (node:internal/modules/cjs/loader:1398:12)
ReferenceError: Cannot access 'app' before initialization
    at Object.<anonymous> (/data/data/com.termux/files/home/server.cjs:1:1)
    at Module._compile (node:internal/modules/cjs/loader:1873:14)
    at Module._extensions..js (node:internal/modules/cjs/loader:2013:10)
    at Module.load (node:internal/modules/cjs/loader:1596:32)
    at Module._load (node:internal/modules/cjs/loader:1398:12)
    at Object.<anonymous> (/data/data/com.termux/files/usr/lib/node_modules/pm2/lib/ProcessContainerFork.js:32:23)
    at Module._compile (node:internal/modules/cjs/loader:1873:14)
    at Module._extensions..js (node:internal/modules/cjs/loader:2013:10)
    at Module.load (node:internal/modules/cjs/loader:1596:32)
    at Module._load (node:internal/modules/cjs/loader:1398:12)
ReferenceError: Cannot access 'app' before initialization
    at Object.<anonymous> (/data/data/com.termux/files/home/server.cjs:1:1)
    at Module._compile (node:internal/modules/cjs/loader:1873:14)
    at Module._extensions..js (node:internal/modules/cjs/loader:2013:10)
    at Module.load (node:internal/modules/cjs/loader:1596:32)
    at Module._load (node:internal/modules/cjs/loader:1398:12)
    at Object.<anonymous> (/data/data/com.termux/files/usr/lib/node_modules/pm2/lib/ProcessContainerFork.js:32:23)
    at Module._compile (node:internal/modules/cjs/loader:1873:14)
    at Module._extensions..js (node:internal/modules/cjs/loader:2013:10)
    at Module.load (node:internal/modules/cjs/loader:1596:32)
    at Module._load (node:internal/modules/cjs/loader:1398:12)
ReferenceError: Cannot access 'app' before initialization
    at Object.<anonymous> (/data/data/com.termux/files/home/server.cjs:1:1)
    at Module._compile (node:internal/modules/cjs/loader:1873:14)
    at Module._extensions..js (node:internal/modules/cjs/loader:2013:10)
    at Module.load (node:internal/modules/cjs/loader:1596:32)
    at Module._load (node:internal/modules/cjs/loader:1398:12)
    at Object.<anonymous> (/data/data/com.termux/files/usr/lib/node_modules/pm2/lib/ProcessContainerFork.js:32:23)
    at Module._compile (node:internal/modules/cjs/loader:1873:14)
    at Module._extensions..js (node:internal/modules/cjs/loader:2013:10)
    at Module.load (node:internal/modules/cjs/loader:1596:32)
    at Module._load (node:internal/modules/cjs/loader:1398:12)
ReferenceError: Cannot access 'app' before initialization
    at Object.<anonymous> (/data/data/com.termux/files/home/server.cjs:1:1)
    at Module._compile (node:internal/modules/cjs/loader:1873:14)
    at Module._extensions..js (node:internal/modules/cjs/loader:2013:10)
    at Module.load (node:internal/modules/cjs/loader:1596:32)
    at Module._load (node:internal/modules/cjs/loader:1398:12)
    at Object.<anonymous> (/data/data/com.termux/files/usr/lib/node_modules/pm2/lib/ProcessContainerFork.js:32:23)
    at Module._compile (node:internal/modules/cjs/loader:1873:14)
    at Module._extensions..js (node:internal/modules/cjs/loader:2013:10)
    at Module.load (node:internal/modules/cjs/loader:1596:32)
    at Module._load (node:internal/modules/cjs/loader:1398:12)
ReferenceError: Cannot access 'app' before initialization
    at Object.<anonymous> (/data/data/com.termux/files/home/server.cjs:1:1)
    at Module._compile (node:internal/modules/cjs/loader:1873:14)
    at Module._extensions..js (node:internal/modules/cjs/loader:2013:10)
    at Module.load (node:internal/modules/cjs/loader:1596:32)
    at Module._load (node:internal/modules/cjs/loader:1398:12)
    at Object.<anonymous> (/data/data/com.termux/files/usr/lib/node_modules/pm2/lib/ProcessContainerFork.js:32:23)
    at Module._compile (node:internal/modules/cjs/loader:1873:14)
    at Module._extensions..js (node:internal/modules/cjs/loader:2013:10)
    at Module.load (node:internal/modules/cjs/loader:1596:32)
    at Module._load (node:internal/modules/cjs/loader:1398:12)
ReferenceError: Cannot access 'app' before initialization
    at Object.<anonymous> (/data/data/com.termux/files/home/server.cjs:1:1)
    at Module._compile (node:internal/modules/cjs/loader:1873:14)
    at Module._extensions..js (node:internal/modules/cjs/loader:2013:10)
    at Module.load (node:internal/modules/cjs/loader:1596:32)
    at Module._load (node:internal/modules/cjs/loader:1398:12)
    at Object.<anonymous> (/data/data/com.termux/files/usr/lib/node_modules/pm2/lib/ProcessContainerFork.js:32:23)
    at Module._compile (node:internal/modules/cjs/loader:1873:14)
    at Module._extensions..js (node:internal/modules/cjs/loader:2013:10)
    at Module.load (node:internal/modules/cjs/loader:1596:32)
    at Module._load (node:internal/modules/cjs/loader:1398:12)
ReferenceError: Cannot access 'app' before initialization
    at Object.<anonymous> (/data/data/com.termux/files/home/server.cjs:1:1)
    at Module._compile (node:internal/modules/cjs/loader:1873:14)
    at Module._extensions..js (node:internal/modules/cjs/loader:2013:10)
    at Module.load (node:internal/modules/cjs/loader:1596:32)
    at Module._load (node:internal/modules/cjs/loader:1398:12)
    at Object.<anonymous> (/data/data/com.termux/files/usr/lib/node_modules/pm2/lib/ProcessContainerFork.js:32:23)
    at Module._compile (node:internal/modules/cjs/loader:1873:14)
    at Module._extensions..js (node:internal/modules/cjs/loader:2013:10)
    at Module.load (node:internal/modules/cjs/loader:1596:32)
    at Module._load (node:internal/modules/cjs/loader:1398:12)
ReferenceError: Cannot access 'app' before initialization
    at Object.<anonymous> (/data/data/com.termux/files/home/server.cjs:1:1)
    at Module._compile (node:internal/modules/cjs/loader:1873:14)
    at Module._extensions..js (node:internal/modules/cjs/loader:2013:10)
    at Module.load (node:internal/modules/cjs/loader:1596:32)
    at Module._load (node:internal/modules/cjs/loader:1398:12)
    at Object.<anonymous> (/data/data/com.termux/files/usr/lib/node_modules/pm2/lib/ProcessContainerFork.js:32:23)
    at Module._compile (node:internal/modules/cjs/loader:1873:14)
    at Module._extensions..js (node:internal/modules/cjs/loader:2013:10)
    at Module.load (node:internal/modules/cjs/loader:1596:32)
    at Module._load (node:internal/modules/cjs/loader:1398:12)
ReferenceError: Cannot access 'app' before initialization
    at Object.<anonymous> (/data/data/com.termux/files/home/server.cjs:1:1)
    at Module._compile (node:internal/modules/cjs/loader:1873:14)
    at Module._extensions..js (node:internal/modules/cjs/loader:2013:10)
    at Module.load (node:internal/modules/cjs/loader:1596:32)
    at Module._load (node:internal/modules/cjs/loader:1398:12)
    at Object.<anonymous> (/data/data/com.termux/files/usr/lib/node_modules/pm2/lib/ProcessContainerFork.js:32:23)
    at Module._compile (node:internal/modules/cjs/loader:1873:14)
    at Module._extensions..js (node:internal/modules/cjs/loader:2013:10)
    at Module.load (node:internal/modules/cjs/loader:1596:32)
    at Module._load (node:internal/modules/cjs/loader:1398:12)
ReferenceError: Cannot access 'app' before initialization
    at Object.<anonymous> (/data/data/com.termux/files/home/server.cjs:1:1)
    at Module._compile (node:internal/modules/cjs/loader:1873:14)
    at Module._extensions..js (node:internal/modules/cjs/loader:2013:10)
    at Module.load (node:internal/modules/cjs/loader:1596:32)
    at Module._load (node:internal/modules/cjs/loader:1398:12)
    at Object.<anonymous> (/data/data/com.termux/files/usr/lib/node_modules/pm2/lib/ProcessContainerFork.js:32:23)
    at Module._compile (node:internal/modules/cjs/loader:1873:14)
    at Module._extensions..js (node:internal/modules/cjs/loader:2013:10)
    at Module.load (node:internal/modules/cjs/loader:1596:32)
    at Module._load (node:internal/modules/cjs/loader:1398:12)
ReferenceError: Cannot access 'app' before initialization
    at Object.<anonymous> (/data/data/com.termux/files/home/server.cjs:1:1)
    at Module._compile (node:internal/modules/cjs/loader:1873:14)
    at Module._extensions..js (node:internal/modules/cjs/loader:2013:10)
    at Module.load (node:internal/modules/cjs/loader:1596:32)
    at Module._load (node:internal/modules/cjs/loader:1398:12)
    at Object.<anonymous> (/data/data/com.termux/files/usr/lib/node_modules/pm2/lib/ProcessContainerFork.js:32:23)
    at Module._compile (node:internal/modules/cjs/loader:1873:14)
    at Module._extensions..js (node:internal/modules/cjs/loader:2013:10)
    at Module.load (node:internal/modules/cjs/loader:1596:32)
    at Module._load (node:internal/modules/cjs/loader:1398:12)
ReferenceError: Cannot access 'app' before initialization
    at Object.<anonymous> (/data/data/com.termux/files/home/server.cjs:1:1)
    at Module._compile (node:internal/modules/cjs/loader:1873:14)
    at Module._extensions..js (node:internal/modules/cjs/loader:2013:10)
    at Module.load (node:internal/modules/cjs/loader:1596:32)
    at Module._load (node:internal/modules/cjs/loader:1398:12)
    at Object.<anonymous> (/data/data/com.termux/files/usr/lib/node_modules/pm2/lib/ProcessContainerFork.js:32:23)
    at Module._compile (node:internal/modules/cjs/loader:1873:14)
    at Module._extensions..js (node:internal/modules/cjs/loader:2013:10)
    at Module.load (node:internal/modules/cjs/loader:1596:32)
    at Module._load (node:internal/modules/cjs/loader:1398:12)
ReferenceError: Cannot access 'app' before initialization
    at Object.<anonymous> (/data/data/com.termux/files/home/server.cjs:1:1)
    at Module._compile (node:internal/modules/cjs/loader:1873:14)
    at Module._extensions..js (node:internal/modules/cjs/loader:2013:10)
    at Module.load (node:internal/modules/cjs/loader:1596:32)
    at Module._load (node:internal/modules/cjs/loader:1398:12)
    at Object.<anonymous> (/data/data/com.termux/files/usr/lib/node_modules/pm2/lib/ProcessContainerFork.js:32:23)
    at Module._compile (node:internal/modules/cjs/loader:1873:14)
    at Module._extensions..js (node:internal/modules/cjs/loader:2013:10)
    at Module.load (node:internal/modules/cjs/loader:1596:32)
    at Module._load (node:internal/modules/cjs/loader:1398:12)
ReferenceError: Cannot access 'app' before initialization
    at Object.<anonymous> (/data/data/com.termux/files/home/server.cjs:1:1)
    at Module._compile (node:internal/modules/cjs/loader:1873:14)
    at Module._extensions..js (node:internal/modules/cjs/loader:2013:10)
    at Module.load (node:internal/modules/cjs/loader:1596:32)
    at Module._load (node:internal/modules/cjs/loader:1398:12)
    at Object.<anonymous> (/data/data/com.termux/files/usr/lib/node_modules/pm2/lib/ProcessContainerFork.js:32:23)
    at Module._compile (node:internal/modules/cjs/loader:1873:14)
    at Module._extensions..js (node:internal/modules/cjs/loader:2013:10)
    at Module.load (node:internal/modules/cjs/loader:1596:32)
    at Module._load (node:internal/modules/cjs/loader:1398:12)
ReferenceError: Cannot access 'app' before initialization
    at Object.<anonymous> (/data/data/com.termux/files/home/server.cjs:1:1)
    at Module._compile (node:internal/modules/cjs/loader:1873:14)
    at Module._extensions..js (node:internal/modules/cjs/loader:2013:10)
    at Module.load (node:internal/modules/cjs/loader:1596:32)
    at Module._load (node:internal/modules/cjs/loader:1398:12)
    at Object.<anonymous> (/data/data/com.termux/files/usr/lib/node_modules/pm2/lib/ProcessContainerFork.js:32:23)
    at Module._compile (node:internal/modules/cjs/loader:1873:14)
    at Module._extensions..js (node:internal/modules/cjs/loader:2013:10)
    at Module.load (node:internal/modules/cjs/loader:1596:32)
    at Module._load (node:internal/modules/cjs/loader:1398:12)
ReferenceError: Cannot access 'app' before initialization
    at Object.<anonymous> (/data/data/com.termux/files/home/server.cjs:1:1)
    at Module._compile (node:internal/modules/cjs/loader:1873:14)
    at Module._extensions..js (node:internal/modules/cjs/loader:2013:10)
    at Module.load (node:internal/modules/cjs/loader:1596:32)
    at Module._load (node:internal/modules/cjs/loader:1398:12)
    at Object.<anonymous> (/data/data/com.termux/files/usr/lib/node_modules/pm2/lib/ProcessContainerFork.js:32:23)
    at Module._compile (node:internal/modules/cjs/loader:1873:14)
    at Module._extensions..js (node:internal/modules/cjs/loader:2013:10)
    at Module.load (node:internal/modules/cjs/loader:1596:32)
    at Module._load (node:internal/modules/cjs/loader:1398:12)
ReferenceError: Cannot access 'app' before initialization
    at Object.<anonymous> (/data/data/com.termux/files/home/server.cjs:1:1)
    at Module._compile (node:internal/modules/cjs/loader:1873:14)
    at Module._extensions..js (node:internal/modules/cjs/loader:2013:10)
    at Module.load (node:internal/modules/cjs/loader:1596:32)
    at Module._load (node:internal/modules/cjs/loader:1398:12)
    at Object.<anonymous> (/data/data/com.termux/files/usr/lib/node_modules/pm2/lib/ProcessContainerFork.js:32:23)
    at Module._compile (node:internal/modules/cjs/loader:1873:14)
    at Module._extensions..js (node:internal/modules/cjs/loader:2013:10)
    at Module.load (node:internal/modules/cjs/loader:1596:32)
    at Module._load (node:internal/modules/cjs/loader:1398:12)
ReferenceError: Cannot access 'app' before initialization
    at Object.<anonymous> (/data/data/com.termux/files/home/server.cjs:1:1)
    at Module._compile (node:internal/modules/cjs/loader:1873:14)
    at Module._extensions..js (node:internal/modules/cjs/loader:2013:10)
    at Module.load (node:internal/modules/cjs/loader:1596:32)
    at Module._load (node:internal/modules/cjs/loader:1398:12)
    at Object.<anonymous> (/data/data/com.termux/files/usr/lib/node_modules/pm2/lib/ProcessContainerFork.js:32:23)
    at Module._compile (node:internal/modules/cjs/loader:1873:14)
    at Module._extensions..js (node:internal/modules/cjs/loader:2013:10)
    at Module.load (node:internal/modules/cjs/loader:1596:32)
    at Module._load (node:internal/modules/cjs/loader:1398:12)
ReferenceError: Cannot access 'app' before initialization
    at Object.<anonymous> (/data/data/com.termux/files/home/server.cjs:1:1)
    at Module._compile (node:internal/modules/cjs/loader:1873:14)
    at Module._extensions..js (node:internal/modules/cjs/loader:2013:10)
    at Module.load (node:internal/modules/cjs/loader:1596:32)
    at Module._load (node:internal/modules/cjs/loader:1398:12)
    at Object.<anonymous> (/data/data/com.termux/files/usr/lib/node_modules/pm2/lib/ProcessContainerFork.js:32:23)
    at Module._compile (node:internal/modules/cjs/loader:1873:14)
    at Module._extensions..js (node:internal/modules/cjs/loader:2013:10)
    at Module.load (node:internal/modules/cjs/loader:1596:32)
    at Module._load (node:internal/modules/cjs/loader:1398:12)
ReferenceError: Cannot access 'app' before initialization
    at Object.<anonymous> (/data/data/com.termux/files/home/server.cjs:1:1)
    at Module._compile (node:internal/modules/cjs/loader:1873:14)
    at Module._extensions..js (node:internal/modules/cjs/loader:2013:10)
    at Module.load (node:internal/modules/cjs/loader:1596:32)
    at Module._load (node:internal/modules/cjs/loader:1398:12)
    at Object.<anonymous> (/data/data/com.termux/files/usr/lib/node_modules/pm2/lib/ProcessContainerFork.js:32:23)
    at Module._compile (node:internal/modules/cjs/loader:1873:14)
    at Module._extensions..js (node:internal/modules/cjs/loader:2013:10)
    at Module.load (node:internal/modules/cjs/loader:1596:32)
    at Module._load (node:internal/modules/cjs/loader:1398:12)
ReferenceError: Cannot access 'app' before initialization
    at Object.<anonymous> (/data/data/com.termux/files/home/server.cjs:1:1)
    at Module._compile (node:internal/modules/cjs/loader:1873:14)
    at Module._extensions..js (node:internal/modules/cjs/loader:2013:10)
    at Module.load (node:internal/modules/cjs/loader:1596:32)
    at Module._load (node:internal/modules/cjs/loader:1398:12)
    at Object.<anonymous> (/data/data/com.termux/files/usr/lib/node_modules/pm2/lib/ProcessContainerFork.js:32:23)
    at Module._compile (node:internal/modules/cjs/loader:1873:14)
    at Module._extensions..js (node:internal/modules/cjs/loader:2013:10)
    at Module.load (node:internal/modules/cjs/loader:1596:32)
    at Module._load (node:internal/modules/cjs/loader:1398:12)
ReferenceError: Cannot access 'app' before initialization
    at Object.<anonymous> (/data/data/com.termux/files/home/server.cjs:1:1)
    at Module._compile (node:internal/modules/cjs/loader:1873:14)
    at Module._extensions..js (node:internal/modules/cjs/loader:2013:10)
    at Module.load (node:internal/modules/cjs/loader:1596:32)
    at Module._load (node:internal/modules/cjs/loader:1398:12)
    at Object.<anonymous> (/data/data/com.termux/files/usr/lib/node_modules/pm2/lib/ProcessContainerFork.js:32:23)
    at Module._compile (node:internal/modules/cjs/loader:1873:14)
    at Module._extensions..js (node:internal/modules/cjs/loader:2013:10)
    at Module.load (node:internal/modules/cjs/loader:1596:32)
    at Module._load (node:internal/modules/cjs/loader:1398:12)
ReferenceError: Cannot access 'app' before initialization
    at Object.<anonymous> (/data/data/com.termux/files/home/server.cjs:1:1)
    at Module._compile (node:internal/modules/cjs/loader:1873:14)
    at Module._extensions..js (node:internal/modules/cjs/loader:2013:10)
    at Module.load (node:internal/modules/cjs/loader:1596:32)
    at Module._load (node:internal/modules/cjs/loader:1398:12)
    at Object.<anonymous> (/data/data/com.termux/files/usr/lib/node_modules/pm2/lib/ProcessContainerFork.js:32:23)
    at Module._compile (node:internal/modules/cjs/loader:1873:14)
    at Module._extensions..js (node:internal/modules/cjs/loader:2013:10)
    at Module.load (node:internal/modules/cjs/loader:1596:32)
    at Module._load (node:internal/modules/cjs/loader:1398:12)
ReferenceError: Cannot access 'app' before initialization
    at Object.<anonymous> (/data/data/com.termux/files/home/server.cjs:1:1)
    at Module._compile (node:internal/modules/cjs/loader:1873:14)
    at Module._extensions..js (node:internal/modules/cjs/loader:2013:10)
    at Module.load (node:internal/modules/cjs/loader:1596:32)
    at Module._load (node:internal/modules/cjs/loader:1398:12)
    at Object.<anonymous> (/data/data/com.termux/files/usr/lib/node_modules/pm2/lib/ProcessContainerFork.js:32:23)
    at Module._compile (node:internal/modules/cjs/loader:1873:14)
    at Module._extensions..js (node:internal/modules/cjs/loader:2013:10)
    at Module.load (node:internal/modules/cjs/loader:1596:32)
    at Module._load (node:internal/modules/cjs/loader:1398:12)
ReferenceError: Cannot access 'app' before initialization
    at Object.<anonymous> (/data/data/com.termux/files/home/server.cjs:1:1)
    at Module._compile (node:internal/modules/cjs/loader:1873:14)
    at Module._extensions..js (node:internal/modules/cjs/loader:2013:10)
    at Module.load (node:internal/modules/cjs/loader:1596:32)
    at Module._load (node:internal/modules/cjs/loader:1398:12)
    at Object.<anonymous> (/data/data/com.termux/files/usr/lib/node_modules/pm2/lib/ProcessContainerFork.js:32:23)
    at Module._compile (node:internal/modules/cjs/loader:1873:14)
    at Module._extensions..js (node:internal/modules/cjs/loader:2013:10)
    at Module.load (node:internal/modules/cjs/loader:1596:32)
    at Module._load (node:internal/modules/cjs/loader:1398:12)
ReferenceError: Cannot access 'app' before initialization
    at Object.<anonymous> (/data/data/com.termux/files/home/server.cjs:1:1)
    at Module._compile (node:internal/modules/cjs/loader:1873:14)
    at Module._extensions..js (node:internal/modules/cjs/loader:2013:10)
    at Module.load (node:internal/modules/cjs/loader:1596:32)
    at Module._load (node:internal/modules/cjs/loader:1398:12)
    at Object.<anonymous> (/data/data/com.termux/files/usr/lib/node_modules/pm2/lib/ProcessContainerFork.js:32:23)
    at Module._compile (node:internal/modules/cjs/loader:1873:14)
    at Module._extensions..js (node:internal/modules/cjs/loader:2013:10)
    at Module.load (node:internal/modules/cjs/loader:1596:32)
    at Module._load (node:internal/modules/cjs/loader:1398:12)
ReferenceError: Cannot access 'app' before initialization
    at Object.<anonymous> (/data/data/com.termux/files/home/server.cjs:1:1)
    at Module._compile (node:internal/modules/cjs/loader:1873:14)
    at Module._extensions..js (node:internal/modules/cjs/loader:2013:10)
    at Module.load (node:internal/modules/cjs/loader:1596:32)
    at Module._load (node:internal/modules/cjs/loader:1398:12)
    at Object.<anonymous> (/data/data/com.termux/files/usr/lib/node_modules/pm2/lib/ProcessContainerFork.js:32:23)
    at Module._compile (node:internal/modules/cjs/loader:1873:14)
    at Module._extensions..js (node:internal/modules/cjs/loader:2013:10)
    at Module.load (node:internal/modules/cjs/loader:1596:32)
    at Module._load (node:internal/modules/cjs/loader:1398:12)
ReferenceError: Cannot access 'app' before initialization
    at Object.<anonymous> (/data/data/com.termux/files/home/server.cjs:1:1)
    at Module._compile (node:internal/modules/cjs/loader:1873:14)
    at Module._extensions..js (node:internal/modules/cjs/loader:2013:10)
    at Module.load (node:internal/modules/cjs/loader:1596:32)
    at Module._load (node:internal/modules/cjs/loader:1398:12)
    at Object.<anonymous> (/data/data/com.termux/files/usr/lib/node_modules/pm2/lib/ProcessContainerFork.js:32:23)
    at Module._compile (node:internal/modules/cjs/loader:1873:14)
    at Module._extensions..js (node:internal/modules/cjs/loader:2013:10)
    at Module.load (node:internal/modules/cjs/loader:1596:32)
    at Module._load (node:internal/modules/cjs/loader:1398:12)
ReferenceError: Cannot access 'app' before initialization
    at Object.<anonymous> (/data/data/com.termux/files/home/server.cjs:1:1)
    at Module._compile (node:internal/modules/cjs/loader:1873:14)
    at Module._extensions..js (node:internal/modules/cjs/loader:2013:10)
    at Module.load (node:internal/modules/cjs/loader:1596:32)
    at Module._load (node:internal/modules/cjs/loader:1398:12)
    at Object.<anonymous> (/data/data/com.termux/files/usr/lib/node_modules/pm2/lib/ProcessContainerFork.js:32:23)
    at Module._compile (node:internal/modules/cjs/loader:1873:14)
    at Module._extensions..js (node:internal/modules/cjs/loader:2013:10)
    at Module.load (node:internal/modules/cjs/loader:1596:32)
    at Module._load (node:internal/modules/cjs/loader:1398:12)
ReferenceError: Cannot access 'app' before initialization
    at Object.<anonymous> (/data/data/com.termux/files/home/server.cjs:1:1)
    at Module._compile (node:internal/modules/cjs/loader:1873:14)
    at Module._extensions..js (node:internal/modules/cjs/loader:2013:10)
    at Module.load (node:internal/modules/cjs/loader:1596:32)
    at Module._load (node:internal/modules/cjs/loader:1398:12)
    at Object.<anonymous> (/data/data/com.termux/files/usr/lib/node_modules/pm2/lib/ProcessContainerFork.js:32:23)
    at Module._compile (node:internal/modules/cjs/loader:1873:14)
    at Module._extensions..js (node:internal/modules/cjs/loader:2013:10)
    at Module.load (node:internal/modules/cjs/loader:1596:32)
    at Module._load (node:internal/modules/cjs/loader:1398:12)
ReferenceError: Cannot access 'app' before initialization
    at Object.<anonymous> (/data/data/com.termux/files/home/server.cjs:1:1)
    at Module._compile (node:internal/modules/cjs/loader:1873:14)
    at Module._extensions..js (node:internal/modules/cjs/loader:2013:10)
    at Module.load (node:internal/modules/cjs/loader:1596:32)
    at Module._load (node:internal/modules/cjs/loader:1398:12)
    at Object.<anonymous> (/data/data/com.termux/files/usr/lib/node_modules/pm2/lib/ProcessContainerFork.js:32:23)
    at Module._compile (node:internal/modules/cjs/loader:1873:14)
    at Module._extensions..js (node:internal/modules/cjs/loader:2013:10)
    at Module.load (node:internal/modules/cjs/loader:1596:32)
    at Module._load (node:internal/modules/cjs/loader:1398:12)
ReferenceError: Cannot access 'app' before initialization
    at Object.<anonymous> (/data/data/com.termux/files/home/server.cjs:1:1)
    at Module._compile (node:internal/modules/cjs/loader:1873:14)
    at Module._extensions..js (node:internal/modules/cjs/loader:2013:10)
    at Module.load (node:internal/modules/cjs/loader:1596:32)
    at Module._load (node:internal/modules/cjs/loader:1398:12)
    at Object.<anonymous> (/data/data/com.termux/files/usr/lib/node_modules/pm2/lib/ProcessContainerFork.js:32:23)
    at Module._compile (node:internal/modules/cjs/loader:1873:14)
    at Module._extensions..js (node:internal/modules/cjs/loader:2013:10)
    at Module.load (node:internal/modules/cjs/loader:1596:32)
    at Module._load (node:internal/modules/cjs/loader:1398:12)
ReferenceError: Cannot access 'app' before initialization
    at Object.<anonymous> (/data/data/com.termux/files/home/server.cjs:1:1)
    at Module._compile (node:internal/modules/cjs/loader:1873:14)
    at Module._extensions..js (node:internal/modules/cjs/loader:2013:10)
    at Module.load (node:internal/modules/cjs/loader:1596:32)
    at Module._load (node:internal/modules/cjs/loader:1398:12)
    at Object.<anonymous> (/data/data/com.termux/files/usr/lib/node_modules/pm2/lib/ProcessContainerFork.js:32:23)
    at Module._compile (node:internal/modules/cjs/loader:1873:14)
    at Module._extensions..js (node:internal/modules/cjs/loader:2013:10)
    at Module.load (node:internal/modules/cjs/loader:1596:32)
    at Module._load (node:internal/modules/cjs/loader:1398:12)
ReferenceError: Cannot access 'app' before initialization
    at Object.<anonymous> (/data/data/com.termux/files/home/server.cjs:1:1)
    at Module._compile (node:internal/modules/cjs/loader:1873:14)
    at Module._extensions..js (node:internal/modules/cjs/loader:2013:10)
    at Module.load (node:internal/modules/cjs/loader:1596:32)
    at Module._load (node:internal/modules/cjs/loader:1398:12)
    at Object.<anonymous> (/data/data/com.termux/files/usr/lib/node_modules/pm2/lib/ProcessContainerFork.js:32:23)
    at Module._compile (node:internal/modules/cjs/loader:1873:14)
    at Module._extensions..js (node:internal/modules/cjs/loader:2013:10)
    at Module.load (node:internal/modules/cjs/loader:1596:32)
    at Module._load (node:internal/modules/cjs/loader:1398:12)
ReferenceError: Cannot access 'app' before initialization
    at Object.<anonymous> (/data/data/com.termux/files/home/server.cjs:1:1)
    at Module._compile (node:internal/modules/cjs/loader:1873:14)
    at Module._extensions..js (node:internal/modules/cjs/loader:2013:10)
    at Module.load (node:internal/modules/cjs/loader:1596:32)
    at Module._load (node:internal/modules/cjs/loader:1398:12)
    at Object.<anonymous> (/data/data/com.termux/files/usr/lib/node_modules/pm2/lib/ProcessContainerFork.js:32:23)
    at Module._compile (node:internal/modules/cjs/loader:1873:14)
    at Module._extensions..js (node:internal/modules/cjs/loader:2013:10)
    at Module.load (node:internal/modules/cjs/loader:1596:32)
    at Module._load (node:internal/modules/cjs/loader:1398:12)
ReferenceError: Cannot access 'app' before initialization
    at Object.<anonymous> (/data/data/com.termux/files/home/server.cjs:1:1)
    at Module._compile (node:internal/modules/cjs/loader:1873:14)
    at Module._extensions..js (node:internal/modules/cjs/loader:2013:10)
    at Module.load (node:internal/modules/cjs/loader:1596:32)
    at Module._load (node:internal/modules/cjs/loader:1398:12)
    at Object.<anonymous> (/data/data/com.termux/files/usr/lib/node_modules/pm2/lib/ProcessContainerFork.js:32:23)
    at Module._compile (node:internal/modules/cjs/loader:1873:14)
    at Module._extensions..js (node:internal/modules/cjs/loader:2013:10)
    at Module.load (node:internal/modules/cjs/loader:1596:32)
    at Module._load (node:internal/modules/cjs/loader:1398:12)
ReferenceError: Cannot access 'app' before initialization
    at Object.<anonymous> (/data/data/com.termux/files/home/server.cjs:1:1)
    at Module._compile (node:internal/modules/cjs/loader:1873:14)
    at Module._extensions..js (node:internal/modules/cjs/loader:2013:10)
    at Module.load (node:internal/modules/cjs/loader:1596:32)
    at Module._load (node:internal/modules/cjs/loader:1398:12)
    at Object.<anonymous> (/data/data/com.termux/files/usr/lib/node_modules/pm2/lib/ProcessContainerFork.js:32:23)
    at Module._compile (node:internal/modules/cjs/loader:1873:14)
    at Module._extensions..js (node:internal/modules/cjs/loader:2013:10)
    at Module.load (node:internal/modules/cjs/loader:1596:32)
    at Module._load (node:internal/modules/cjs/loader:1398:12)
ReferenceError: Cannot access 'app' before initialization
    at Object.<anonymous> (/data/data/com.termux/files/home/server.cjs:1:1)
    at Module._compile (node:internal/modules/cjs/loader:1873:14)
    at Module._extensions..js (node:internal/modules/cjs/loader:2013:10)
    at Module.load (node:internal/modules/cjs/loader:1596:32)
    at Module._load (node:internal/modules/cjs/loader:1398:12)
    at Object.<anonymous> (/data/data/com.termux/files/usr/lib/node_modules/pm2/lib/ProcessContainerFork.js:32:23)
    at Module._compile (node:internal/modules/cjs/loader:1873:14)
    at Module._extensions..js (node:internal/modules/cjs/loader:2013:10)
    at Module.load (node:internal/modules/cjs/loader:1596:32)
    at Module._load (node:internal/modules/cjs/loader:1398:12)
ReferenceError: Cannot access 'app' before initialization
    at Object.<anonymous> (/data/data/com.termux/files/home/server.cjs:1:1)
    at Module._compile (node:internal/modules/cjs/loader:1873:14)
    at Module._extensions..js (node:internal/modules/cjs/loader:2013:10)
    at Module.load (node:internal/modules/cjs/loader:1596:32)
    at Module._load (node:internal/modules/cjs/loader:1398:12)
    at Object.<anonymous> (/data/data/com.termux/files/usr/lib/node_modules/pm2/lib/ProcessContainerFork.js:32:23)
    at Module._compile (node:internal/modules/cjs/loader:1873:14)
    at Module._extensions..js (node:internal/modules/cjs/loader:2013:10)
    at Module.load (node:internal/modules/cjs/loader:1596:32)
    at Module._load (node:internal/modules/cjs/loader:1398:12)
ReferenceError: Cannot access 'app' before initialization
    at Object.<anonymous> (/data/data/com.termux/files/home/server.cjs:1:1)
    at Module._compile (node:internal/modules/cjs/loader:1873:14)
    at Module._extensions..js (node:internal/modules/cjs/loader:2013:10)
    at Module.load (node:internal/modules/cjs/loader:1596:32)
    at Module._load (node:internal/modules/cjs/loader:1398:12)
    at Object.<anonymous> (/data/data/com.termux/files/usr/lib/node_modules/pm2/lib/ProcessContainerFork.js:32:23)
    at Module._compile (node:internal/modules/cjs/loader:1873:14)
    at Module._extensions..js (node:internal/modules/cjs/loader:2013:10)
    at Module.load (node:internal/modules/cjs/loader:1596:32)
    at Module._load (node:internal/modules/cjs/loader:1398:12)
ReferenceError: Cannot access 'app' before initialization
    at Object.<anonymous> (/data/data/com.termux/files/home/server.cjs:1:1)
    at Module._compile (node:internal/modules/cjs/loader:1873:14)
    at Module._extensions..js (node:internal/modules/cjs/loader:2013:10)
    at Module.load (node:internal/modules/cjs/loader:1596:32)
    at Module._load (node:internal/modules/cjs/loader:1398:12)
    at Object.<anonymous> (/data/data/com.termux/files/usr/lib/node_modules/pm2/lib/ProcessContainerFork.js:32:23)
    at Module._compile (node:internal/modules/cjs/loader:1873:14)
    at Module._extensions..js (node:internal/modules/cjs/loader:2013:10)
    at Module.load (node:internal/modules/cjs/loader:1596:32)
    at Module._load (node:internal/modules/cjs/loader:1398:12)
ReferenceError: Cannot access 'app' before initialization
    at Object.<anonymous> (/data/data/com.termux/files/home/server.cjs:1:1)
    at Module._compile (node:internal/modules/cjs/loader:1873:14)
    at Module._extensions..js (node:internal/modules/cjs/loader:2013:10)
    at Module.load (node:internal/modules/cjs/loader:1596:32)
    at Module._load (node:internal/modules/cjs/loader:1398:12)
    at Object.<anonymous> (/data/data/com.termux/files/usr/lib/node_modules/pm2/lib/ProcessContainerFork.js:32:23)
    at Module._compile (node:internal/modules/cjs/loader:1873:14)
    at Module._extensions..js (node:internal/modules/cjs/loader:2013:10)
    at Module.load (node:internal/modules/cjs/loader:1596:32)
    at Module._load (node:internal/modules/cjs/loader:1398:12)
ReferenceError: Cannot access 'app' before initialization
    at Object.<anonymous> (/data/data/com.termux/files/home/server.cjs:1:1)
    at Module._compile (node:internal/modules/cjs/loader:1873:14)
    at Module._extensions..js (node:internal/modules/cjs/loader:2013:10)
    at Module.load (node:internal/modules/cjs/loader:1596:32)
    at Module._load (node:internal/modules/cjs/loader:1398:12)
    at Object.<anonymous> (/data/data/com.termux/files/usr/lib/node_modules/pm2/lib/ProcessContainerFork.js:32:23)
    at Module._compile (node:internal/modules/cjs/loader:1873:14)
    at Module._extensions..js (node:internal/modules/cjs/loader:2013:10)
    at Module.load (node:internal/modules/cjs/loader:1596:32)
    at Module._load (node:internal/modules/cjs/loader:1398:12)
ReferenceError: Cannot access 'app' before initialization
    at Object.<anonymous> (/data/data/com.termux/files/home/server.cjs:1:1)
    at Module._compile (node:internal/modules/cjs/loader:1873:14)
    at Module._extensions..js (node:internal/modules/cjs/loader:2013:10)
    at Module.load (node:internal/modules/cjs/loader:1596:32)
    at Module._load (node:internal/modules/cjs/loader:1398:12)
    at Object.<anonymous> (/data/data/com.termux/files/usr/lib/node_modules/pm2/lib/ProcessContainerFork.js:32:23)
    at Module._compile (node:internal/modules/cjs/loader:1873:14)
    at Module._extensions..js (node:internal/modules/cjs/loader:2013:10)
    at Module.load (node:internal/modules/cjs/loader:1596:32)
    at Module._load (node:internal/modules/cjs/loader:1398:12)
ReferenceError: Cannot access 'app' before initialization
    at Object.<anonymous> (/data/data/com.termux/files/home/server.cjs:1:1)
    at Module._compile (node:internal/modules/cjs/loader:1873:14)
    at Module._extensions..js (node:internal/modules/cjs/loader:2013:10)
    at Module.load (node:internal/modules/cjs/loader:1596:32)
    at Module._load (node:internal/modules/cjs/loader:1398:12)
    at Object.<anonymous> (/data/data/com.termux/files/usr/lib/node_modules/pm2/lib/ProcessContainerFork.js:32:23)
    at Module._compile (node:internal/modules/cjs/loader:1873:14)
    at Module._extensions..js (node:internal/modules/cjs/loader:2013:10)
    at Module.load (node:internal/modules/cjs/loader:1596:32)
    at Module._load (node:internal/modules/cjs/loader:1398:12)
ReferenceError: Cannot access 'app' before initialization
    at Object.<anonymous> (/data/data/com.termux/files/home/server.cjs:1:1)
    at Module._compile (node:internal/modules/cjs/loader:1873:14)
    at Module._extensions..js (node:internal/modules/cjs/loader:2013:10)
    at Module.load (node:internal/modules/cjs/loader:1596:32)
    at Module._load (node:internal/modules/cjs/loader:1398:12)
    at Object.<anonymous> (/data/data/com.termux/files/usr/lib/node_modules/pm2/lib/ProcessContainerFork.js:32:23)
    at Module._compile (node:internal/modules/cjs/loader:1873:14)
    at Module._extensions..js (node:internal/modules/cjs/loader:2013:10)
    at Module.load (node:internal/modules/cjs/loader:1596:32)
    at Module._load (node:internal/modules/cjs/loader:1398:12)
ReferenceError: Cannot access 'app' before initialization
    at Object.<anonymous> (/data/data/com.termux/files/home/server.cjs:1:1)
    at Module._compile (node:internal/modules/cjs/loader:1873:14)
    at Module._extensions..js (node:internal/modules/cjs/loader:2013:10)
    at Module.load (node:internal/modules/cjs/loader:1596:32)
    at Module._load (node:internal/modules/cjs/loader:1398:12)
    at Object.<anonymous> (/data/data/com.termux/files/usr/lib/node_modules/pm2/lib/ProcessContainerFork.js:32:23)
    at Module._compile (node:internal/modules/cjs/loader:1873:14)
    at Module._extensions..js (node:internal/modules/cjs/loader:2013:10)
    at Module.load (node:internal/modules/cjs/loader:1596:32)
    at Module._load (node:internal/modules/cjs/loader:1398:12)
ReferenceError: Cannot access 'app' before initialization
    at Object.<anonymous> (/data/data/com.termux/files/home/server.cjs:1:1)
    at Module._compile (node:internal/modules/cjs/loader:1873:14)
    at Module._extensions..js (node:internal/modules/cjs/loader:2013:10)
    at Module.load (node:internal/modules/cjs/loader:1596:32)
    at Module._load (node:internal/modules/cjs/loader:1398:12)
    at Object.<anonymous> (/data/data/com.termux/files/usr/lib/node_modules/pm2/lib/ProcessContainerFork.js:32:23)
    at Module._compile (node:internal/modules/cjs/loader:1873:14)
    at Module._extensions..js (node:internal/modules/cjs/loader:2013:10)
    at Module.load (node:internal/modules/cjs/loader:1596:32)
    at Module._load (node:internal/modules/cjs/loader:1398:12)
ReferenceError: Cannot access 'app' before initialization
    at Object.<anonymous> (/data/data/com.termux/files/home/server.cjs:1:1)
    at Module._compile (node:internal/modules/cjs/loader:1873:14)
    at Module._extensions..js (node:internal/modules/cjs/loader:2013:10)
    at Module.load (node:internal/modules/cjs/loader:1596:32)
    at Module._load (node:internal/modules/cjs/loader:1398:12)
    at Object.<anonymous> (/data/data/com.termux/files/usr/lib/node_modules/pm2/lib/ProcessContainerFork.js:32:23)
    at Module._compile (node:internal/modules/cjs/loader:1873:14)
    at Module._extensions..js (node:internal/modules/cjs/loader:2013:10)
    at Module.load (node:internal/modules/cjs/loader:1596:32)
    at Module._load (node:internal/modules/cjs/loader:1398:12)
ReferenceError: Cannot access 'app' before initialization
    at Object.<anonymous> (/data/data/com.termux/files/home/server.cjs:1:1)
    at Module._compile (node:internal/modules/cjs/loader:1873:14)
    at Module._extensions..js (node:internal/modules/cjs/loader:2013:10)
    at Module.load (node:internal/modules/cjs/loader:1596:32)
    at Module._load (node:internal/modules/cjs/loader:1398:12)
    at Object.<anonymous> (/data/data/com.termux/files/usr/lib/node_modules/pm2/lib/ProcessContainerFork.js:32:23)
    at Module._compile (node:internal/modules/cjs/loader:1873:14)
    at Module._extensions..js (node:internal/modules/cjs/loader:2013:10)
    at Module.load (node:internal/modules/cjs/loader:1596:32)
    at Module._load (node:internal/modules/cjs/loader:1398:12)
ReferenceError: Cannot access 'app' before initialization
    at Object.<anonymous> (/data/data/com.termux/files/home/server.cjs:1:1)
    at Module._compile (node:internal/modules/cjs/loader:1873:14)
    at Module._extensions..js (node:internal/modules/cjs/loader:2013:10)
    at Module.load (node:internal/modules/cjs/loader:1596:32)
    at Module._load (node:internal/modules/cjs/loader:1398:12)
    at Object.<anonymous> (/data/data/com.termux/files/usr/lib/node_modules/pm2/lib/ProcessContainerFork.js:32:23)
    at Module._compile (node:internal/modules/cjs/loader:1873:14)
    at Module._extensions..js (node:internal/modules/cjs/loader:2013:10)
    at Module.load (node:internal/modules/cjs/loader:1596:32)
    at Module._load (node:internal/modules/cjs/loader:1398:12)
ReferenceError: Cannot access 'app' before initialization
    at Object.<anonymous> (/data/data/com.termux/files/home/server.cjs:1:1)
    at Module._compile (node:internal/modules/cjs/loader:1873:14)
    at Module._extensions..js (node:internal/modules/cjs/loader:2013:10)
    at Module.load (node:internal/modules/cjs/loader:1596:32)
    at Module._load (node:internal/modules/cjs/loader:1398:12)
    at Object.<anonymous> (/data/data/com.termux/files/usr/lib/node_modules/pm2/lib/ProcessContainerFork.js:32:23)
    at Module._compile (node:internal/modules/cjs/loader:1873:14)
    at Module._extensions..js (node:internal/modules/cjs/loader:2013:10)
    at Module.load (node:internal/modules/cjs/loader:1596:32)
    at Module._load (node:internal/modules/cjs/loader:1398:12)
ReferenceError: Cannot access 'app' before initialization
    at Object.<anonymous> (/data/data/com.termux/files/home/server.cjs:1:1)
    at Module._compile (node:internal/modules/cjs/loader:1873:14)
    at Module._extensions..js (node:internal/modules/cjs/loader:2013:10)
    at Module.load (node:internal/modules/cjs/loader:1596:32)
    at Module._load (node:internal/modules/cjs/loader:1398:12)
    at Object.<anonymous> (/data/data/com.termux/files/usr/lib/node_modules/pm2/lib/ProcessContainerFork.js:32:23)
    at Module._compile (node:internal/modules/cjs/loader:1873:14)
    at Module._extensions..js (node:internal/modules/cjs/loader:2013:10)
    at Module.load (node:internal/modules/cjs/loader:1596:32)
    at Module._load (node:internal/modules/cjs/loader:1398:12)
ReferenceError: Cannot access 'app' before initialization
    at Object.<anonymous> (/data/data/com.termux/files/home/server.cjs:1:1)
    at Module._compile (node:internal/modules/cjs/loader:1873:14)
    at Module._extensions..js (node:internal/modules/cjs/loader:2013:10)
    at Module.load (node:internal/modules/cjs/loader:1596:32)
    at Module._load (node:internal/modules/cjs/loader:1398:12)
    at Object.<anonymous> (/data/data/com.termux/files/usr/lib/node_modules/pm2/lib/ProcessContainerFork.js:32:23)
    at Module._compile (node:internal/modules/cjs/loader:1873:14)
    at Module._extensions..js (node:internal/modules/cjs/loader:2013:10)
    at Module.load (node:internal/modules/cjs/loader:1596:32)
    at Module._load (node:internal/modules/cjs/loader:1398:12)
ReferenceError: Cannot access 'app' before initialization
    at Object.<anonymous> (/data/data/com.termux/files/home/server.cjs:1:1)
    at Module._compile (node:internal/modules/cjs/loader:1873:14)
    at Module._extensions..js (node:internal/modules/cjs/loader:2013:10)
    at Module.load (node:internal/modules/cjs/loader:1596:32)
    at Module._load (node:internal/modules/cjs/loader:1398:12)
    at Object.<anonymous> (/data/data/com.termux/files/usr/lib/node_modules/pm2/lib/ProcessContainerFork.js:32:23)
    at Module._compile (node:internal/modules/cjs/loader:1873:14)
    at Module._extensions..js (node:internal/modules/cjs/loader:2013:10)
    at Module.load (node:internal/modules/cjs/loader:1596:32)
    at Module._load (node:internal/modules/cjs/loader:1398:12)
ReferenceError: Cannot access 'app' before initialization
    at Object.<anonymous> (/data/data/com.termux/files/home/server.cjs:1:1)
    at Module._compile (node:internal/modules/cjs/loader:1873:14)
    at Module._extensions..js (node:internal/modules/cjs/loader:2013:10)
    at Module.load (node:internal/modules/cjs/loader:1596:32)
    at Module._load (node:internal/modules/cjs/loader:1398:12)
    at Object.<anonymous> (/data/data/com.termux/files/usr/lib/node_modules/pm2/lib/ProcessContainerFork.js:32:23)
    at Module._compile (node:internal/modules/cjs/loader:1873:14)
    at Module._extensions..js (node:internal/modules/cjs/loader:2013:10)
    at Module.load (node:internal/modules/cjs/loader:1596:32)
    at Module._load (node:internal/modules/cjs/loader:1398:12)
ReferenceError: Cannot access 'app' before initialization
    at Object.<anonymous> (/data/data/com.termux/files/home/server.cjs:1:1)
    at Module._compile (node:internal/modules/cjs/loader:1873:14)
    at Module._extensions..js (node:internal/modules/cjs/loader:2013:10)
    at Module.load (node:internal/modules/cjs/loader:1596:32)
    at Module._load (node:internal/modules/cjs/loader:1398:12)
    at Object.<anonymous> (/data/data/com.termux/files/usr/lib/node_modules/pm2/lib/ProcessContainerFork.js:32:23)
    at Module._compile (node:internal/modules/cjs/loader:1873:14)
    at Module._extensions..js (node:internal/modules/cjs/loader:2013:10)
    at Module.load (node:internal/modules/cjs/loader:1596:32)
    at Module._load (node:internal/modules/cjs/loader:1398:12)
ReferenceError: Cannot access 'app' before initialization
    at Object.<anonymous> (/data/data/com.termux/files/home/server.cjs:1:1)
    at Module._compile (node:internal/modules/cjs/loader:1873:14)
    at Module._extensions..js (node:internal/modules/cjs/loader:2013:10)
    at Module.load (node:internal/modules/cjs/loader:1596:32)
    at Module._load (node:internal/modules/cjs/loader:1398:12)
    at Object.<anonymous> (/data/data/com.termux/files/usr/lib/node_modules/pm2/lib/ProcessContainerFork.js:32:23)
    at Module._compile (node:internal/modules/cjs/loader:1873:14)
    at Module._extensions..js (node:internal/modules/cjs/loader:2013:10)
    at Module.load (node:internal/modules/cjs/loader:1596:32)
    at Module._load (node:internal/modules/cjs/loader:1398:12)
ReferenceError: Cannot access 'app' before initialization
    at Object.<anonymous> (/data/data/com.termux/files/home/server.cjs:1:1)
    at Module._compile (node:internal/modules/cjs/loader:1873:14)
    at Module._extensions..js (node:internal/modules/cjs/loader:2013:10)
    at Module.load (node:internal/modules/cjs/loader:1596:32)
    at Module._load (node:internal/modules/cjs/loader:1398:12)
    at Object.<anonymous> (/data/data/com.termux/files/usr/lib/node_modules/pm2/lib/ProcessContainerFork.js:32:23)
    at Module._compile (node:internal/modules/cjs/loader:1873:14)
    at Module._extensions..js (node:internal/modules/cjs/loader:2013:10)
    at Module.load (node:internal/modules/cjs/loader:1596:32)
    at Module._load (node:internal/modules/cjs/loader:1398:12)
ReferenceError: Cannot access 'app' before initialization
    at Object.<anonymous> (/data/data/com.termux/files/home/server.cjs:1:1)
    at Module._compile (node:internal/modules/cjs/loader:1873:14)
    at Module._extensions..js (node:internal/modules/cjs/loader:2013:10)
    at Module.load (node:internal/modules/cjs/loader:1596:32)
    at Module._load (node:internal/modules/cjs/loader:1398:12)
    at Object.<anonymous> (/data/data/com.termux/files/usr/lib/node_modules/pm2/lib/ProcessContainerFork.js:32:23)
    at Module._compile (node:internal/modules/cjs/loader:1873:14)
    at Module._extensions..js (node:internal/modules/cjs/loader:2013:10)
    at Module.load (node:internal/modules/cjs/loader:1596:32)
    at Module._load (node:internal/modules/cjs/loader:1398:12)
ReferenceError: Cannot access 'app' before initialization
    at Object.<anonymous> (/data/data/com.termux/files/home/server.cjs:1:1)
    at Module._compile (node:internal/modules/cjs/loader:1873:14)
    at Module._extensions..js (node:internal/modules/cjs/loader:2013:10)
    at Module.load (node:internal/modules/cjs/loader:1596:32)
    at Module._load (node:internal/modules/cjs/loader:1398:12)
    at Object.<anonymous> (/data/data/com.termux/files/usr/lib/node_modules/pm2/lib/ProcessContainerFork.js:32:23)
    at Module._compile (node:internal/modules/cjs/loader:1873:14)
    at Module._extensions..js (node:internal/modules/cjs/loader:2013:10)
    at Module.load (node:internal/modules/cjs/loader:1596:32)
    at Module._load (node:internal/modules/cjs/loader:1398:12)
ReferenceError: Cannot access 'app' before initialization
    at Object.<anonymous> (/data/data/com.termux/files/home/server.cjs:1:1)
    at Module._compile (node:internal/modules/cjs/loader:1873:14)
    at Module._extensions..js (node:internal/modules/cjs/loader:2013:10)
    at Module.load (node:internal/modules/cjs/loader:1596:32)
    at Module._load (node:internal/modules/cjs/loader:1398:12)
    at Object.<anonymous> (/data/data/com.termux/files/usr/lib/node_modules/pm2/lib/ProcessContainerFork.js:32:23)
    at Module._compile (node:internal/modules/cjs/loader:1873:14)
    at Module._extensions..js (node:internal/modules/cjs/loader:2013:10)
    at Module.load (node:internal/modules/cjs/loader:1596:32)
    at Module._load (node:internal/modules/cjs/loader:1398:12)
ReferenceError: Cannot access 'app' before initialization
    at Object.<anonymous> (/data/data/com.termux/files/home/server.cjs:1:1)
    at Module._compile (node:internal/modules/cjs/loader:1873:14)
    at Module._extensions..js (node:internal/modules/cjs/loader:2013:10)
    at Module.load (node:internal/modules/cjs/loader:1596:32)
    at Module._load (node:internal/modules/cjs/loader:1398:12)
    at Object.<anonymous> (/data/data/com.termux/files/usr/lib/node_modules/pm2/lib/ProcessContainerFork.js:32:23)
    at Module._compile (node:internal/modules/cjs/loader:1873:14)
    at Module._extensions..js (node:internal/modules/cjs/loader:2013:10)
    at Module.load (node:internal/modules/cjs/loader:1596:32)
    at Module._load (node:internal/modules/cjs/loader:1398:12)
ReferenceError: Cannot access 'app' before initialization
    at Object.<anonymous> (/data/data/com.termux/files/home/server.cjs:1:1)
    at Module._compile (node:internal/modules/cjs/loader:1873:14)
    at Module._extensions..js (node:internal/modules/cjs/loader:2013:10)
    at Module.load (node:internal/modules/cjs/loader:1596:32)
    at Module._load (node:internal/modules/cjs/loader:1398:12)
    at Object.<anonymous> (/data/data/com.termux/files/usr/lib/node_modules/pm2/lib/ProcessContainerFork.js:32:23)
    at Module._compile (node:internal/modules/cjs/loader:1873:14)
    at Module._extensions..js (node:internal/modules/cjs/loader:2013:10)
    at Module.load (node:internal/modules/cjs/loader:1596:32)
    at Module._load (node:internal/modules/cjs/loader:1398:12)
ReferenceError: Cannot access 'app' before initialization
    at Object.<anonymous> (/data/data/com.termux/files/home/server.cjs:1:1)
    at Module._compile (node:internal/modules/cjs/loader:1873:14)
    at Module._extensions..js (node:internal/modules/cjs/loader:2013:10)
    at Module.load (node:internal/modules/cjs/loader:1596:32)
    at Module._load (node:internal/modules/cjs/loader:1398:12)
    at Object.<anonymous> (/data/data/com.termux/files/usr/lib/node_modules/pm2/lib/ProcessContainerFork.js:32:23)
    at Module._compile (node:internal/modules/cjs/loader:1873:14)
    at Module._extensions..js (node:internal/modules/cjs/loader:2013:10)
    at Module.load (node:internal/modules/cjs/loader:1596:32)
    at Module._load (node:internal/modules/cjs/loader:1398:12)
ReferenceError: Cannot access 'app' before initialization
    at Object.<anonymous> (/data/data/com.termux/files/home/server.cjs:1:1)
    at Module._compile (node:internal/modules/cjs/loader:1873:14)
    at Module._extensions..js (node:internal/modules/cjs/loader:2013:10)
    at Module.load (node:internal/modules/cjs/loader:1596:32)
    at Module._load (node:internal/modules/cjs/loader:1398:12)
    at Object.<anonymous> (/data/data/com.termux/files/usr/lib/node_modules/pm2/lib/ProcessContainerFork.js:32:23)
    at Module._compile (node:internal/modules/cjs/loader:1873:14)
    at Module._extensions..js (node:internal/modules/cjs/loader:2013:10)
    at Module.load (node:internal/modules/cjs/loader:1596:32)
    at Module._load (node:internal/modules/cjs/loader:1398:12)
ReferenceError: Cannot access 'app' before initialization
    at Object.<anonymous> (/data/data/com.termux/files/home/server.cjs:1:1)
    at Module._compile (node:internal/modules/cjs/loader:1873:14)
    at Module._extensions..js (node:internal/modules/cjs/loader:2013:10)
    at Module.load (node:internal/modules/cjs/loader:1596:32)
    at Module._load (node:internal/modules/cjs/loader:1398:12)
    at Object.<anonymous> (/data/data/com.termux/files/usr/lib/node_modules/pm2/lib/ProcessContainerFork.js:32:23)
    at Module._compile (node:internal/modules/cjs/loader:1873:14)
    at Module._extensions..js (node:internal/modules/cjs/loader:2013:10)
    at Module.load (node:internal/modules/cjs/loader:1596:32)
    at Module._load (node:internal/modules/cjs/loader:1398:12)
ReferenceError: Cannot access 'app' before initialization
    at Object.<anonymous> (/data/data/com.termux/files/home/server.cjs:1:1)
    at Module._compile (node:internal/modules/cjs/loader:1873:14)
    at Module._extensions..js (node:internal/modules/cjs/loader:2013:10)
    at Module.load (node:internal/modules/cjs/loader:1596:32)
    at Module._load (node:internal/modules/cjs/loader:1398:12)
    at Object.<anonymous> (/data/data/com.termux/files/usr/lib/node_modules/pm2/lib/ProcessContainerFork.js:32:23)
    at Module._compile (node:internal/modules/cjs/loader:1873:14)
    at Module._extensions..js (node:internal/modules/cjs/loader:2013:10)
    at Module.load (node:internal/modules/cjs/loader:1596:32)
    at Module._load (node:internal/modules/cjs/loader:1398:12)
ReferenceError: Cannot access 'app' before initialization
    at Object.<anonymous> (/data/data/com.termux/files/home/server.cjs:1:1)
    at Module._compile (node:internal/modules/cjs/loader:1873:14)
    at Module._extensions..js (node:internal/modules/cjs/loader:2013:10)
    at Module.load (node:internal/modules/cjs/loader:1596:32)
    at Module._load (node:internal/modules/cjs/loader:1398:12)
    at Object.<anonymous> (/data/data/com.termux/files/usr/lib/node_modules/pm2/lib/ProcessContainerFork.js:32:23)
    at Module._compile (node:internal/modules/cjs/loader:1873:14)
    at Module._extensions..js (node:internal/modules/cjs/loader:2013:10)
    at Module.load (node:internal/modules/cjs/loader:1596:32)
    at Module._load (node:internal/modules/cjs/loader:1398:12)
ReferenceError: Cannot access 'app' before initialization
    at Object.<anonymous> (/data/data/com.termux/files/home/server.cjs:1:1)
    at Module._compile (node:internal/modules/cjs/loader:1873:14)
    at Module._extensions..js (node:internal/modules/cjs/loader:2013:10)
    at Module.load (node:internal/modules/cjs/loader:1596:32)
    at Module._load (node:internal/modules/cjs/loader:1398:12)
    at Object.<anonymous> (/data/data/com.termux/files/usr/lib/node_modules/pm2/lib/ProcessContainerFork.js:32:23)
    at Module._compile (node:internal/modules/cjs/loader:1873:14)
    at Module._extensions..js (node:internal/modules/cjs/loader:2013:10)
    at Module.load (node:internal/modules/cjs/loader:1596:32)
    at Module._load (node:internal/modules/cjs/loader:1398:12)
ReferenceError: Cannot access 'app' before initialization
    at Object.<anonymous> (/data/data/com.termux/files/home/server.cjs:1:1)
    at Module._compile (node:internal/modules/cjs/loader:1873:14)
    at Module._extensions..js (node:internal/modules/cjs/loader:2013:10)
    at Module.load (node:internal/modules/cjs/loader:1596:32)
    at Module._load (node:internal/modules/cjs/loader:1398:12)
    at Object.<anonymous> (/data/data/com.termux/files/usr/lib/node_modules/pm2/lib/ProcessContainerFork.js:32:23)
    at Module._compile (node:internal/modules/cjs/loader:1873:14)
    at Module._extensions..js (node:internal/modules/cjs/loader:2013:10)
    at Module.load (node:internal/modules/cjs/loader:1596:32)
    at Module._load (node:internal/modules/cjs/loader:1398:12)
ReferenceError: Cannot access 'app' before initialization
    at Object.<anonymous> (/data/data/com.termux/files/home/server.cjs:1:1)
    at Module._compile (node:internal/modules/cjs/loader:1873:14)
    at Module._extensions..js (node:internal/modules/cjs/loader:2013:10)
    at Module.load (node:internal/modules/cjs/loader:1596:32)
    at Module._load (node:internal/modules/cjs/loader:1398:12)
    at Object.<anonymous> (/data/data/com.termux/files/usr/lib/node_modules/pm2/lib/ProcessContainerFork.js:32:23)
    at Module._compile (node:internal/modules/cjs/loader:1873:14)
    at Module._extensions..js (node:internal/modules/cjs/loader:2013:10)
    at Module.load (node:internal/modules/cjs/loader:1596:32)
    at Module._load (node:internal/modules/cjs/loader:1398:12)
ReferenceError: Cannot access 'app' before initialization
    at Object.<anonymous> (/data/data/com.termux/files/home/server.cjs:1:1)
    at Module._compile (node:internal/modules/cjs/loader:1873:14)
    at Module._extensions..js (node:internal/modules/cjs/loader:2013:10)
    at Module.load (node:internal/modules/cjs/loader:1596:32)
    at Module._load (node:internal/modules/cjs/loader:1398:12)
    at Object.<anonymous> (/data/data/com.termux/files/usr/lib/node_modules/pm2/lib/ProcessContainerFork.js:32:23)
    at Module._compile (node:internal/modules/cjs/loader:1873:14)
    at Module._extensions..js (node:internal/modules/cjs/loader:2013:10)
    at Module.load (node:internal/modules/cjs/loader:1596:32)
    at Module._load (node:internal/modules/cjs/loader:1398:12)
ReferenceError: Cannot access 'app' before initialization
    at Object.<anonymous> (/data/data/com.termux/files/home/server.cjs:1:1)
    at Module._compile (node:internal/modules/cjs/loader:1873:14)
    at Module._extensions..js (node:internal/modules/cjs/loader:2013:10)
    at Module.load (node:internal/modules/cjs/loader:1596:32)
    at Module._load (node:internal/modules/cjs/loader:1398:12)
    at Object.<anonymous> (/data/data/com.termux/files/usr/lib/node_modules/pm2/lib/ProcessContainerFork.js:32:23)
    at Module._compile (node:internal/modules/cjs/loader:1873:14)
    at Module._extensions..js (node:internal/modules/cjs/loader:2013:10)
    at Module.load (node:internal/modules/cjs/loader:1596:32)
    at Module._load (node:internal/modules/cjs/loader:1398:12)
ReferenceError: Cannot access 'app' before initialization
    at Object.<anonymous> (/data/data/com.termux/files/home/server.cjs:1:1)
    at Module._compile (node:internal/modules/cjs/loader:1873:14)
    at Module._extensions..js (node:internal/modules/cjs/loader:2013:10)
    at Module.load (node:internal/modules/cjs/loader:1596:32)
    at Module._load (node:internal/modules/cjs/loader:1398:12)
    at Object.<anonymous> (/data/data/com.termux/files/usr/lib/node_modules/pm2/lib/ProcessContainerFork.js:32:23)
    at Module._compile (node:internal/modules/cjs/loader:1873:14)
    at Module._extensions..js (node:internal/modules/cjs/loader:2013:10)
    at Module.load (node:internal/modules/cjs/loader:1596:32)
    at Module._load (node:internal/modules/cjs/loader:1398:12)
ReferenceError: Cannot access 'app' before initialization
    at Object.<anonymous> (/data/data/com.termux/files/home/server.cjs:1:1)
    at Module._compile (node:internal/modules/cjs/loader:1873:14)
    at Module._extensions..js (node:internal/modules/cjs/loader:2013:10)
    at Module.load (node:internal/modules/cjs/loader:1596:32)
    at Module._load (node:internal/modules/cjs/loader:1398:12)
    at Object.<anonymous> (/data/data/com.termux/files/usr/lib/node_modules/pm2/lib/ProcessContainerFork.js:32:23)
    at Module._compile (node:internal/modules/cjs/loader:1873:14)
    at Module._extensions..js (node:internal/modules/cjs/loader:2013:10)
    at Module.load (node:internal/modules/cjs/loader:1596:32)
    at Module._load (node:internal/modules/cjs/loader:1398:12)
ReferenceError: Cannot access 'app' before initialization
    at Object.<anonymous> (/data/data/com.termux/files/home/server.cjs:1:1)
    at Module._compile (node:internal/modules/cjs/loader:1873:14)
    at Module._extensions..js (node:internal/modules/cjs/loader:2013:10)
    at Module.load (node:internal/modules/cjs/loader:1596:32)
    at Module._load (node:internal/modules/cjs/loader:1398:12)
    at Object.<anonymous> (/data/data/com.termux/files/usr/lib/node_modules/pm2/lib/ProcessContainerFork.js:32:23)
    at Module._compile (node:internal/modules/cjs/loader:1873:14)
    at Module._extensions..js (node:internal/modules/cjs/loader:2013:10)
    at Module.load (node:internal/modules/cjs/loader:1596:32)
    at Module._load (node:internal/modules/cjs/loader:1398:12)
ReferenceError: Cannot access 'app' before initialization
    at Object.<anonymous> (/data/data/com.termux/files/home/server.cjs:1:1)
    at Module._compile (node:internal/modules/cjs/loader:1873:14)
    at Module._extensions..js (node:internal/modules/cjs/loader:2013:10)
    at Module.load (node:internal/modules/cjs/loader:1596:32)
    at Module._load (node:internal/modules/cjs/loader:1398:12)
    at Object.<anonymous> (/data/data/com.termux/files/usr/lib/node_modules/pm2/lib/ProcessContainerFork.js:32:23)
    at Module._compile (node:internal/modules/cjs/loader:1873:14)
    at Module._extensions..js (node:internal/modules/cjs/loader:2013:10)
    at Module.load (node:internal/modules/cjs/loader:1596:32)
    at Module._load (node:internal/modules/cjs/loader:1398:12)
ReferenceError: Cannot access 'app' before initialization
    at Object.<anonymous> (/data/data/com.termux/files/home/server.cjs:1:1)
    at Module._compile (node:internal/modules/cjs/loader:1873:14)
    at Module._extensions..js (node:internal/modules/cjs/loader:2013:10)
    at Module.load (node:internal/modules/cjs/loader:1596:32)
    at Module._load (node:internal/modules/cjs/loader:1398:12)
    at Object.<anonymous> (/data/data/com.termux/files/usr/lib/node_modules/pm2/lib/ProcessContainerFork.js:32:23)
    at Module._compile (node:internal/modules/cjs/loader:1873:14)
    at Module._extensions..js (node:internal/modules/cjs/loader:2013:10)
    at Module.load (node:internal/modules/cjs/loader:1596:32)
    at Module._load (node:internal/modules/cjs/loader:1398:12)
ReferenceError: Cannot access 'app' before initialization
    at Object.<anonymous> (/data/data/com.termux/files/home/server.cjs:1:1)
    at Module._compile (node:internal/modules/cjs/loader:1873:14)
    at Module._extensions..js (node:internal/modules/cjs/loader:2013:10)
    at Module.load (node:internal/modules/cjs/loader:1596:32)
    at Module._load (node:internal/modules/cjs/loader:1398:12)
    at Object.<anonymous> (/data/data/com.termux/files/usr/lib/node_modules/pm2/lib/ProcessContainerFork.js:32:23)
    at Module._compile (node:internal/modules/cjs/loader:1873:14)
    at Module._extensions..js (node:internal/modules/cjs/loader:2013:10)
    at Module.load (node:internal/modules/cjs/loader:1596:32)
    at Module._load (node:internal/modules/cjs/loader:1398:12)
ReferenceError: Cannot access 'app' before initialization
    at Object.<anonymous> (/data/data/com.termux/files/home/server.cjs:1:1)
    at Module._compile (node:internal/modules/cjs/loader:1873:14)
    at Module._extensions..js (node:internal/modules/cjs/loader:2013:10)
    at Module.load (node:internal/modules/cjs/loader:1596:32)
    at Module._load (node:internal/modules/cjs/loader:1398:12)
    at Object.<anonymous> (/data/data/com.termux/files/usr/lib/node_modules/pm2/lib/ProcessContainerFork.js:32:23)
    at Module._compile (node:internal/modules/cjs/loader:1873:14)
    at Module._extensions..js (node:internal/modules/cjs/loader:2013:10)
    at Module.load (node:internal/modules/cjs/loader:1596:32)
    at Module._load (node:internal/modules/cjs/loader:1398:12)
ReferenceError: Cannot access 'app' before initialization
    at Object.<anonymous> (/data/data/com.termux/files/home/server.cjs:1:1)
    at Module._compile (node:internal/modules/cjs/loader:1873:14)
    at Module._extensions..js (node:internal/modules/cjs/loader:2013:10)
    at Module.load (node:internal/modules/cjs/loader:1596:32)
    at Module._load (node:internal/modules/cjs/loader:1398:12)
    at Object.<anonymous> (/data/data/com.termux/files/usr/lib/node_modules/pm2/lib/ProcessContainerFork.js:32:23)
    at Module._compile (node:internal/modules/cjs/loader:1873:14)
    at Module._extensions..js (node:internal/modules/cjs/loader:2013:10)
    at Module.load (node:internal/modules/cjs/loader:1596:32)
    at Module._load (node:internal/modules/cjs/loader:1398:12)
ReferenceError: Cannot access 'app' before initialization
    at Object.<anonymous> (/data/data/com.termux/files/home/server.cjs:1:1)
    at Module._compile (node:internal/modules/cjs/loader:1873:14)
    at Module._extensions..js (node:internal/modules/cjs/loader:2013:10)
    at Module.load (node:internal/modules/cjs/loader:1596:32)
    at Module._load (node:internal/modules/cjs/loader:1398:12)
    at Object.<anonymous> (/data/data/com.termux/files/usr/lib/node_modules/pm2/lib/ProcessContainerFork.js:32:23)
    at Module._compile (node:internal/modules/cjs/loader:1873:14)
    at Module._extensions..js (node:internal/modules/cjs/loader:2013:10)
    at Module.load (node:internal/modules/cjs/loader:1596:32)
    at Module._load (node:internal/modules/cjs/loader:1398:12)
ReferenceError: Cannot access 'app' before initialization
    at Object.<anonymous> (/data/data/com.termux/files/home/server.cjs:1:1)
    at Module._compile (node:internal/modules/cjs/loader:1873:14)
    at Module._extensions..js (node:internal/modules/cjs/loader:2013:10)
    at Module.load (node:internal/modules/cjs/loader:1596:32)
    at Module._load (node:internal/modules/cjs/loader:1398:12)
    at Object.<anonymous> (/data/data/com.termux/files/usr/lib/node_modules/pm2/lib/ProcessContainerFork.js:32:23)
    at Module._compile (node:internal/modules/cjs/loader:1873:14)
    at Module._extensions..js (node:internal/modules/cjs/loader:2013:10)
    at Module.load (node:internal/modules/cjs/loader:1596:32)
    at Module._load (node:internal/modules/cjs/loader:1398:12)
ReferenceError: Cannot access 'app' before initialization
    at Object.<anonymous> (/data/data/com.termux/files/home/server.cjs:1:1)
    at Module._compile (node:internal/modules/cjs/loader:1873:14)
    at Module._extensions..js (node:internal/modules/cjs/loader:2013:10)
    at Module.load (node:internal/modules/cjs/loader:1596:32)
    at Module._load (node:internal/modules/cjs/loader:1398:12)
    at Object.<anonymous> (/data/data/com.termux/files/usr/lib/node_modules/pm2/lib/ProcessContainerFork.js:32:23)
    at Module._compile (node:internal/modules/cjs/loader:1873:14)
    at Module._extensions..js (node:internal/modules/cjs/loader:2013:10)
    at Module.load (node:internal/modules/cjs/loader:1596:32)
    at Module._load (node:internal/modules/cjs/loader:1398:12)
ReferenceError: Cannot access 'app' before initialization
    at Object.<anonymous> (/data/data/com.termux/files/home/server.cjs:1:1)
    at Module._compile (node:internal/modules/cjs/loader:1873:14)
    at Module._extensions..js (node:internal/modules/cjs/loader:2013:10)
    at Module.load (node:internal/modules/cjs/loader:1596:32)
    at Module._load (node:internal/modules/cjs/loader:1398:12)
    at Object.<anonymous> (/data/data/com.termux/files/usr/lib/node_modules/pm2/lib/ProcessContainerFork.js:32:23)
    at Module._compile (node:internal/modules/cjs/loader:1873:14)
    at Module._extensions..js (node:internal/modules/cjs/loader:2013:10)
    at Module.load (node:internal/modules/cjs/loader:1596:32)
    at Module._load (node:internal/modules/cjs/loader:1398:12)
ReferenceError: Cannot access 'app' before initialization
    at Object.<anonymous> (/data/data/com.termux/files/home/server.cjs:1:1)
    at Module._compile (node:internal/modules/cjs/loader:1873:14)
    at Module._extensions..js (node:internal/modules/cjs/loader:2013:10)
    at Module.load (node:internal/modules/cjs/loader:1596:32)
    at Module._load (node:internal/modules/cjs/loader:1398:12)
    at Object.<anonymous> (/data/data/com.termux/files/usr/lib/node_modules/pm2/lib/ProcessContainerFork.js:32:23)
    at Module._compile (node:internal/modules/cjs/loader:1873:14)
    at Module._extensions..js (node:internal/modules/cjs/loader:2013:10)
    at Module.load (node:internal/modules/cjs/loader:1596:32)
    at Module._load (node:internal/modules/cjs/loader:1398:12)
ReferenceError: Cannot access 'app' before initialization
    at Object.<anonymous> (/data/data/com.termux/files/home/server.cjs:1:1)
    at Module._compile (node:internal/modules/cjs/loader:1873:14)
    at Module._extensions..js (node:internal/modules/cjs/loader:2013:10)
    at Module.load (node:internal/modules/cjs/loader:1596:32)
    at Module._load (node:internal/modules/cjs/loader:1398:12)
    at Object.<anonymous> (/data/data/com.termux/files/usr/lib/node_modules/pm2/lib/ProcessContainerFork.js:32:23)
    at Module._compile (node:internal/modules/cjs/loader:1873:14)
    at Module._extensions..js (node:internal/modules/cjs/loader:2013:10)
    at Module.load (node:internal/modules/cjs/loader:1596:32)
    at Module._load (node:internal/modules/cjs/loader:1398:12)
ReferenceError: Cannot access 'app' before initialization
    at Object.<anonymous> (/data/data/com.termux/files/home/server.cjs:1:1)
    at Module._compile (node:internal/modules/cjs/loader:1873:14)
    at Module._extensions..js (node:internal/modules/cjs/loader:2013:10)
    at Module.load (node:internal/modules/cjs/loader:1596:32)
    at Module._load (node:internal/modules/cjs/loader:1398:12)
    at Object.<anonymous> (/data/data/com.termux/files/usr/lib/node_modules/pm2/lib/ProcessContainerFork.js:32:23)
    at Module._compile (node:internal/modules/cjs/loader:1873:14)
    at Module._extensions..js (node:internal/modules/cjs/loader:2013:10)
    at Module.load (node:internal/modules/cjs/loader:1596:32)
    at Module._load (node:internal/modules/cjs/loader:1398:12)
ReferenceError: Cannot access 'app' before initialization
    at Object.<anonymous> (/data/data/com.termux/files/home/server.cjs:1:1)
    at Module._compile (node:internal/modules/cjs/loader:1873:14)
    at Module._extensions..js (node:internal/modules/cjs/loader:2013:10)
    at Module.load (node:internal/modules/cjs/loader:1596:32)
    at Module._load (node:internal/modules/cjs/loader:1398:12)
    at Object.<anonymous> (/data/data/com.termux/files/usr/lib/node_modules/pm2/lib/ProcessContainerFork.js:32:23)
    at Module._compile (node:internal/modules/cjs/loader:1873:14)
    at Module._extensions..js (node:internal/modules/cjs/loader:2013:10)
    at Module.load (node:internal/modules/cjs/loader:1596:32)
    at Module._load (node:internal/modules/cjs/loader:1398:12)
ReferenceError: Cannot access 'app' before initialization
    at Object.<anonymous> (/data/data/com.termux/files/home/server.cjs:1:1)
    at Module._compile (node:internal/modules/cjs/loader:1873:14)
    at Module._extensions..js (node:internal/modules/cjs/loader:2013:10)
    at Module.load (node:internal/modules/cjs/loader:1596:32)
    at Module._load (node:internal/modules/cjs/loader:1398:12)
    at Object.<anonymous> (/data/data/com.termux/files/usr/lib/node_modules/pm2/lib/ProcessContainerFork.js:32:23)
    at Module._compile (node:internal/modules/cjs/loader:1873:14)
    at Module._extensions..js (node:internal/modules/cjs/loader:2013:10)
    at Module.load (node:internal/modules/cjs/loader:1596:32)
    at Module._load (node:internal/modules/cjs/loader:1398:12)
ReferenceError: Cannot access 'app' before initialization
    at Object.<anonymous> (/data/data/com.termux/files/home/server.cjs:1:1)
    at Module._compile (node:internal/modules/cjs/loader:1873:14)
    at Module._extensions..js (node:internal/modules/cjs/loader:2013:10)
    at Module.load (node:internal/modules/cjs/loader:1596:32)
    at Module._load (node:internal/modules/cjs/loader:1398:12)
    at Object.<anonymous> (/data/data/com.termux/files/usr/lib/node_modules/pm2/lib/ProcessContainerFork.js:32:23)
    at Module._compile (node:internal/modules/cjs/loader:1873:14)
    at Module._extensions..js (node:internal/modules/cjs/loader:2013:10)
    at Module.load (node:internal/modules/cjs/loader:1596:32)
    at Module._load (node:internal/modules/cjs/loader:1398:12)
ReferenceError: Cannot access 'app' before initialization
    at Object.<anonymous> (/data/data/com.termux/files/home/server.cjs:1:1)
    at Module._compile (node:internal/modules/cjs/loader:1873:14)
    at Module._extensions..js (node:internal/modules/cjs/loader:2013:10)
    at Module.load (node:internal/modules/cjs/loader:1596:32)
    at Module._load (node:internal/modules/cjs/loader:1398:12)
    at Object.<anonymous> (/data/data/com.termux/files/usr/lib/node_modules/pm2/lib/ProcessContainerFork.js:32:23)
    at Module._compile (node:internal/modules/cjs/loader:1873:14)
    at Module._extensions..js (node:internal/modules/cjs/loader:2013:10)
    at Module.load (node:internal/modules/cjs/loader:1596:32)
    at Module._load (node:internal/modules/cjs/loader:1398:12)
ReferenceError: Cannot access 'app' before initialization
    at Object.<anonymous> (/data/data/com.termux/files/home/server.cjs:1:1)
    at Module._compile (node:internal/modules/cjs/loader:1873:14)
    at Module._extensions..js (node:internal/modules/cjs/loader:2013:10)
    at Module.load (node:internal/modules/cjs/loader:1596:32)
    at Module._load (node:internal/modules/cjs/loader:1398:12)
    at Object.<anonymous> (/data/data/com.termux/files/usr/lib/node_modules/pm2/lib/ProcessContainerFork.js:32:23)
    at Module._compile (node:internal/modules/cjs/loader:1873:14)
    at Module._extensions..js (node:internal/modules/cjs/loader:2013:10)
    at Module.load (node:internal/modules/cjs/loader:1596:32)
    at Module._load (node:internal/modules/cjs/loader:1398:12)
ReferenceError: Cannot access 'app' before initialization
    at Object.<anonymous> (/data/data/com.termux/files/home/server.cjs:1:1)
    at Module._compile (node:internal/modules/cjs/loader:1873:14)
    at Module._extensions..js (node:internal/modules/cjs/loader:2013:10)
    at Module.load (node:internal/modules/cjs/loader:1596:32)
    at Module._load (node:internal/modules/cjs/loader:1398:12)
    at Object.<anonymous> (/data/data/com.termux/files/usr/lib/node_modules/pm2/lib/ProcessContainerFork.js:32:23)
    at Module._compile (node:internal/modules/cjs/loader:1873:14)
    at Module._extensions..js (node:internal/modules/cjs/loader:2013:10)
    at Module.load (node:internal/modules/cjs/loader:1596:32)
    at Module._load (node:internal/modules/cjs/loader:1398:12)
ReferenceError: Cannot access 'app' before initialization
    at Object.<anonymous> (/data/data/com.termux/files/home/server.cjs:1:1)
    at Module._compile (node:internal/modules/cjs/loader:1873:14)
    at Module._extensions..js (node:internal/modules/cjs/loader:2013:10)
    at Module.load (node:internal/modules/cjs/loader:1596:32)
    at Module._load (node:internal/modules/cjs/loader:1398:12)
    at Object.<anonymous> (/data/data/com.termux/files/usr/lib/node_modules/pm2/lib/ProcessContainerFork.js:32:23)
    at Module._compile (node:internal/modules/cjs/loader:1873:14)
    at Module._extensions..js (node:internal/modules/cjs/loader:2013:10)
    at Module.load (node:internal/modules/cjs/loader:1596:32)
    at Module._load (node:internal/modules/cjs/loader:1398:12)
ReferenceError: Cannot access 'app' before initialization
    at Object.<anonymous> (/data/data/com.termux/files/home/server.cjs:1:1)
    at Module._compile (node:internal/modules/cjs/loader:1873:14)
    at Module._extensions..js (node:internal/modules/cjs/loader:2013:10)
    at Module.load (node:internal/modules/cjs/loader:1596:32)
    at Module._load (node:internal/modules/cjs/loader:1398:12)
    at Object.<anonymous> (/data/data/com.termux/files/usr/lib/node_modules/pm2/lib/ProcessContainerFork.js:32:23)
    at Module._compile (node:internal/modules/cjs/loader:1873:14)
    at Module._extensions..js (node:internal/modules/cjs/loader:2013:10)
    at Module.load (node:internal/modules/cjs/loader:1596:32)
    at Module._load (node:internal/modules/cjs/loader:1398:12)
ReferenceError: Cannot access 'app' before initialization
    at Object.<anonymous> (/data/data/com.termux/files/home/server.cjs:1:1)
    at Module._compile (node:internal/modules/cjs/loader:1873:14)
    at Module._extensions..js (node:internal/modules/cjs/loader:2013:10)
    at Module.load (node:internal/modules/cjs/loader:1596:32)
    at Module._load (node:internal/modules/cjs/loader:1398:12)
    at Object.<anonymous> (/data/data/com.termux/files/usr/lib/node_modules/pm2/lib/ProcessContainerFork.js:32:23)
    at Module._compile (node:internal/modules/cjs/loader:1873:14)
    at Module._extensions..js (node:internal/modules/cjs/loader:2013:10)
    at Module.load (node:internal/modules/cjs/loader:1596:32)
    at Module._load (node:internal/modules/cjs/loader:1398:12)
ReferenceError: Cannot access 'app' before initialization
    at Object.<anonymous> (/data/data/com.termux/files/home/server.cjs:1:1)
    at Module._compile (node:internal/modules/cjs/loader:1873:14)
    at Module._extensions..js (node:internal/modules/cjs/loader:2013:10)
    at Module.load (node:internal/modules/cjs/loader:1596:32)
    at Module._load (node:internal/modules/cjs/loader:1398:12)
    at Object.<anonymous> (/data/data/com.termux/files/usr/lib/node_modules/pm2/lib/ProcessContainerFork.js:32:23)
    at Module._compile (node:internal/modules/cjs/loader:1873:14)
    at Module._extensions..js (node:internal/modules/cjs/loader:2013:10)
    at Module.load (node:internal/modules/cjs/loader:1596:32)
    at Module._load (node:internal/modules/cjs/loader:1398:12)
ReferenceError: Cannot access 'app' before initialization
    at Object.<anonymous> (/data/data/com.termux/files/home/server.cjs:1:1)
    at Module._compile (node:internal/modules/cjs/loader:1873:14)
    at Module._extensions..js (node:internal/modules/cjs/loader:2013:10)
    at Module.load (node:internal/modules/cjs/loader:1596:32)
    at Module._load (node:internal/modules/cjs/loader:1398:12)
    at Object.<anonymous> (/data/data/com.termux/files/usr/lib/node_modules/pm2/lib/ProcessContainerFork.js:32:23)
    at Module._compile (node:internal/modules/cjs/loader:1873:14)
    at Module._extensions..js (node:internal/modules/cjs/loader:2013:10)
    at Module.load (node:internal/modules/cjs/loader:1596:32)
    at Module._load (node:internal/modules/cjs/loader:1398:12)
ReferenceError: Cannot access 'app' before initialization
    at Object.<anonymous> (/data/data/com.termux/files/home/server.cjs:1:1)
    at Module._compile (node:internal/modules/cjs/loader:1873:14)
    at Module._extensions..js (node:internal/modules/cjs/loader:2013:10)
    at Module.load (node:internal/modules/cjs/loader:1596:32)
    at Module._load (node:internal/modules/cjs/loader:1398:12)
    at Object.<anonymous> (/data/data/com.termux/files/usr/lib/node_modules/pm2/lib/ProcessContainerFork.js:32:23)
    at Module._compile (node:internal/modules/cjs/loader:1873:14)
    at Module._extensions..js (node:internal/modules/cjs/loader:2013:10)
    at Module.load (node:internal/modules/cjs/loader:1596:32)
    at Module._load (node:internal/modules/cjs/loader:1398:12)
ReferenceError: Cannot access 'app' before initialization
    at Object.<anonymous> (/data/data/com.termux/files/home/server.cjs:1:1)
    at Module._compile (node:internal/modules/cjs/loader:1873:14)
    at Module._extensions..js (node:internal/modules/cjs/loader:2013:10)
    at Module.load (node:internal/modules/cjs/loader:1596:32)
    at Module._load (node:internal/modules/cjs/loader:1398:12)
    at Object.<anonymous> (/data/data/com.termux/files/usr/lib/node_modules/pm2/lib/ProcessContainerFork.js:32:23)
    at Module._compile (node:internal/modules/cjs/loader:1873:14)
    at Module._extensions..js (node:internal/modules/cjs/loader:2013:10)
    at Module.load (node:internal/modules/cjs/loader:1596:32)
    at Module._load (node:internal/modules/cjs/loader:1398:12)
ReferenceError: Cannot access 'app' before initialization
    at Object.<anonymous> (/data/data/com.termux/files/home/server.cjs:1:1)
    at Module._compile (node:internal/modules/cjs/loader:1873:14)
    at Module._extensions..js (node:internal/modules/cjs/loader:2013:10)
    at Module.load (node:internal/modules/cjs/loader:1596:32)
    at Module._load (node:internal/modules/cjs/loader:1398:12)
    at Object.<anonymous> (/data/data/com.termux/files/usr/lib/node_modules/pm2/lib/ProcessContainerFork.js:32:23)
    at Module._compile (node:internal/modules/cjs/loader:1873:14)
    at Module._extensions..js (node:internal/modules/cjs/loader:2013:10)
    at Module.load (node:internal/modules/cjs/loader:1596:32)
    at Module._load (node:internal/modules/cjs/loader:1398:12)
ReferenceError: Cannot access 'app' before initialization
    at Object.<anonymous> (/data/data/com.termux/files/home/server.cjs:1:1)
    at Module._compile (node:internal/modules/cjs/loader:1873:14)
    at Module._extensions..js (node:internal/modules/cjs/loader:2013:10)
    at Module.load (node:internal/modules/cjs/loader:1596:32)
    at Module._load (node:internal/modules/cjs/loader:1398:12)
    at Object.<anonymous> (/data/data/com.termux/files/usr/lib/node_modules/pm2/lib/ProcessContainerFork.js:32:23)
    at Module._compile (node:internal/modules/cjs/loader:1873:14)
    at Module._extensions..js (node:internal/modules/cjs/loader:2013:10)
    at Module.load (node:internal/modules/cjs/loader:1596:32)
    at Module._load (node:internal/modules/cjs/loader:1398:12)
ReferenceError: Cannot access 'app' before initialization
    at Object.<anonymous> (/data/data/com.termux/files/home/server.cjs:1:1)
    at Module._compile (node:internal/modules/cjs/loader:1873:14)
    at Module._extensions..js (node:internal/modules/cjs/loader:2013:10)
    at Module.load (node:internal/modules/cjs/loader:1596:32)
    at Module._load (node:internal/modules/cjs/loader:1398:12)
    at Object.<anonymous> (/data/data/com.termux/files/usr/lib/node_modules/pm2/lib/ProcessContainerFork.js:32:23)
    at Module._compile (node:internal/modules/cjs/loader:1873:14)
    at Module._extensions..js (node:internal/modules/cjs/loader:2013:10)
    at Module.load (node:internal/modules/cjs/loader:1596:32)
    at Module._load (node:internal/modules/cjs/loader:1398:12)
ReferenceError: Cannot access 'app' before initialization
    at Object.<anonymous> (/data/data/com.termux/files/home/server.cjs:1:1)
    at Module._compile (node:internal/modules/cjs/loader:1873:14)
    at Module._extensions..js (node:internal/modules/cjs/loader:2013:10)
    at Module.load (node:internal/modules/cjs/loader:1596:32)
    at Module._load (node:internal/modules/cjs/loader:1398:12)
    at Object.<anonymous> (/data/data/com.termux/files/usr/lib/node_modules/pm2/lib/ProcessContainerFork.js:32:23)
    at Module._compile (node:internal/modules/cjs/loader:1873:14)
    at Module._extensions..js (node:internal/modules/cjs/loader:2013:10)
    at Module.load (node:internal/modules/cjs/loader:1596:32)
    at Module._load (node:internal/modules/cjs/loader:1398:12)
ReferenceError: Cannot access 'app' before initialization
    at Object.<anonymous> (/data/data/com.termux/files/home/server.cjs:1:1)
    at Module._compile (node:internal/modules/cjs/loader:1873:14)
    at Module._extensions..js (node:internal/modules/cjs/loader:2013:10)
    at Module.load (node:internal/modules/cjs/loader:1596:32)
    at Module._load (node:internal/modules/cjs/loader:1398:12)
    at Object.<anonymous> (/data/data/com.termux/files/usr/lib/node_modules/pm2/lib/ProcessContainerFork.js:32:23)
    at Module._compile (node:internal/modules/cjs/loader:1873:14)
    at Module._extensions..js (node:internal/modules/cjs/loader:2013:10)
    at Module.load (node:internal/modules/cjs/loader:1596:32)
    at Module._load (node:internal/modules/cjs/loader:1398:12)
ReferenceError: Cannot access 'app' before initialization
    at Object.<anonymous> (/data/data/com.termux/files/home/server.cjs:1:1)
    at Module._compile (node:internal/modules/cjs/loader:1873:14)
    at Module._extensions..js (node:internal/modules/cjs/loader:2013:10)
    at Module.load (node:internal/modules/cjs/loader:1596:32)
    at Module._load (node:internal/modules/cjs/loader:1398:12)
    at Object.<anonymous> (/data/data/com.termux/files/usr/lib/node_modules/pm2/lib/ProcessContainerFork.js:32:23)
    at Module._compile (node:internal/modules/cjs/loader:1873:14)
    at Module._extensions..js (node:internal/modules/cjs/loader:2013:10)
    at Module.load (node:internal/modules/cjs/loader:1596:32)
    at Module._load (node:internal/modules/cjs/loader:1398:12)
ReferenceError: Cannot access 'app' before initialization
    at Object.<anonymous> (/data/data/com.termux/files/home/server.cjs:1:1)
    at Module._compile (node:internal/modules/cjs/loader:1873:14)
    at Module._extensions..js (node:internal/modules/cjs/loader:2013:10)
    at Module.load (node:internal/modules/cjs/loader:1596:32)
    at Module._load (node:internal/modules/cjs/loader:1398:12)
    at Object.<anonymous> (/data/data/com.termux/files/usr/lib/node_modules/pm2/lib/ProcessContainerFork.js:32:23)
    at Module._compile (node:internal/modules/cjs/loader:1873:14)
    at Module._extensions..js (node:internal/modules/cjs/loader:2013:10)
    at Module.load (node:internal/modules/cjs/loader:1596:32)
    at Module._load (node:internal/modules/cjs/loader:1398:12)
ReferenceError: Cannot access 'app' before initialization
    at Object.<anonymous> (/data/data/com.termux/files/home/server.cjs:1:1)
    at Module._compile (node:internal/modules/cjs/loader:1873:14)
    at Module._extensions..js (node:internal/modules/cjs/loader:2013:10)
    at Module.load (node:internal/modules/cjs/loader:1596:32)
    at Module._load (node:internal/modules/cjs/loader:1398:12)
    at Object.<anonymous> (/data/data/com.termux/files/usr/lib/node_modules/pm2/lib/ProcessContainerFork.js:32:23)
    at Module._compile (node:internal/modules/cjs/loader:1873:14)
    at Module._extensions..js (node:internal/modules/cjs/loader:2013:10)
    at Module.load (node:internal/modules/cjs/loader:1596:32)
    at Module._load (node:internal/modules/cjs/loader:1398:12)
node:internal/modules/cjs/loader:1522
  throw err;
  ^

Error: Cannot find module './features/notify'
Require stack:
- /data/data/com.termux/files/usr/lib/node_modules/pm2/modules/pm2-io-bpm/featureManager.js
- /data/data/com.termux/files/usr/lib/node_modules/pm2/modules/pm2-io-bpm/pmx.js
- /data/data/com.termux/files/usr/lib/node_modules/pm2/modules/pm2-io-bpm/index.js
- /data/data/com.termux/files/usr/lib/node_modules/pm2/lib/ProcessUtils.js
- /data/data/com.termux/files/usr/lib/node_modules/pm2/lib/ProcessContainerFork.js
    at Module._resolveFilename (node:internal/modules/cjs/loader:1519:15)
    at wrapResolveFilename (node:internal/modules/cjs/loader:1073:27)
    at defaultResolveImplForCJSLoading (node:internal/modules/cjs/loader:1097:10)
    at resolveForCJSWithHooks (node:internal/modules/cjs/loader:1124:12)
    at Module._load (node:internal/modules/cjs/loader:1296:5)
    at wrapModuleLoad (node:internal/modules/cjs/loader:255:19)
    at Module.require (node:internal/modules/cjs/loader:1619:12)
    at require (node:internal/modules/helpers:191:16)
    at Object.<anonymous> (/data/data/com.termux/files/usr/lib/node_modules/pm2/modules/pm2-io-bpm/featureManager.js:3:27)
    at Module._compile (node:internal/modules/cjs/loader:1873:14) {
  code: 'MODULE_NOT_FOUND',
  requireStack: [
    '/data/data/com.termux/files/usr/lib/node_modules/pm2/modules/pm2-io-bpm/featureManager.js',
    '/data/data/com.termux/files/usr/lib/node_modules/pm2/modules/pm2-io-bpm/pmx.js',
    '/data/data/com.termux/files/usr/lib/node_modules/pm2/modules/pm2-io-bpm/index.js',
    '/data/data/com.termux/files/usr/lib/node_modules/pm2/lib/ProcessUtils.js',
    '/data/data/com.termux/files/usr/lib/node_modules/pm2/lib/ProcessContainerFork.js'
  ]
}

Node.js v26.3.1
node:internal/modules/cjs/loader:1522
  throw err;
  ^

Error: Cannot find module '/data/data/com.termux/files/usr/lib/node_modules/pm2/lib/ProcessContainerFork.js'
    at Module._resolveFilename (node:internal/modules/cjs/loader:1519:15)
    at wrapResolveFilename (node:internal/modules/cjs/loader:1073:27)
    at defaultResolveImplForCJSLoading (node:internal/modules/cjs/loader:1097:10)
    at resolveForCJSWithHooks (node:internal/modules/cjs/loader:1124:12)
    at Module._load (node:internal/modules/cjs/loader:1296:5)
    at wrapModuleLoad (node:internal/modules/cjs/loader:255:19)
    at Module.executeUserEntryPoint [as runMain] (node:internal/modules/run_main:154:5)
    at node:internal/main/run_main_module:33:47 {
  code: 'MODULE_NOT_FOUND',
  requireStack: []
}

Node.js v26.3.1
node:internal/modules/cjs/loader:1522
  throw err;
  ^

Error: Cannot find module '/data/data/com.termux/files/usr/lib/node_modules/pm2/lib/ProcessContainerFork.js'
    at Module._resolveFilename (node:internal/modules/cjs/loader:1519:15)
    at wrapResolveFilename (node:internal/modules/cjs/loader:1073:27)
    at defaultResolveImplForCJSLoading (node:internal/modules/cjs/loader:1097:10)
    at resolveForCJSWithHooks (node:internal/modules/cjs/loader:1124:12)
    at Module._load (node:internal/modules/cjs/loader:1296:5)
    at wrapModuleLoad (node:internal/modules/cjs/loader:255:19)
    at Module.executeUserEntryPoint [as runMain] (node:internal/modules/run_main:154:5)
    at node:internal/main/run_main_module:33:47 {
  code: 'MODULE_NOT_FOUND',
  requireStack: []
}

Node.js v26.3.1
node:internal/modules/cjs/loader:1522
  throw err;
  ^

Error: Cannot find module '/data/data/com.termux/files/usr/lib/node_modules/pm2/lib/ProcessContainerFork.js'
    at Module._resolveFilename (node:internal/modules/cjs/loader:1519:15)
    at wrapResolveFilename (node:internal/modules/cjs/loader:1073:27)
    at defaultResolveImplForCJSLoading (node:internal/modules/cjs/loader:1097:10)
    at resolveForCJSWithHooks (node:internal/modules/cjs/loader:1124:12)
    at Module._load (node:internal/modules/cjs/loader:1296:5)
    at wrapModuleLoad (node:internal/modules/cjs/loader:255:19)
    at Module.executeUserEntryPoint [as runMain] (node:internal/modules/run_main:154:5)
    at node:internal/main/run_main_module:33:47 {
  code: 'MODULE_NOT_FOUND',
  requireStack: []
}

Node.js v26.3.1
node:internal/modules/cjs/loader:1522
  throw err;
  ^

Error: Cannot find module '/data/data/com.termux/files/usr/lib/node_modules/pm2/lib/ProcessContainerFork.js'
    at Module._resolveFilename (node:internal/modules/cjs/loader:1519:15)
    at wrapResolveFilename (node:internal/modules/cjs/loader:1073:27)
    at defaultResolveImplForCJSLoading (node:internal/modules/cjs/loader:1097:10)
    at resolveForCJSWithHooks (node:internal/modules/cjs/loader:1124:12)
    at Module._load (node:internal/modules/cjs/loader:1296:5)
    at wrapModuleLoad (node:internal/modules/cjs/loader:255:19)
    at Module.executeUserEntryPoint [as runMain] (node:internal/modules/run_main:154:5)
    at node:internal/main/run_main_module:33:47 {
  code: 'MODULE_NOT_FOUND',
  requireStack: []
}

Node.js v26.3.1
node:internal/modules/cjs/loader:1522
  throw err;
  ^

Error: Cannot find module '/data/data/com.termux/files/usr/lib/node_modules/pm2/lib/ProcessContainerFork.js'
    at Module._resolveFilename (node:internal/modules/cjs/loader:1519:15)
    at wrapResolveFilename (node:internal/modules/cjs/loader:1073:27)
    at defaultResolveImplForCJSLoading (node:internal/modules/cjs/loader:1097:10)
    at resolveForCJSWithHooks (node:internal/modules/cjs/loader:1124:12)
    at Module._load (node:internal/modules/cjs/loader:1296:5)
    at wrapModuleLoad (node:internal/modules/cjs/loader:255:19)
    at Module.executeUserEntryPoint [as runMain] (node:internal/modules/run_main:154:5)
    at node:internal/main/run_main_module:33:47 {
  code: 'MODULE_NOT_FOUND',
  requireStack: []
}

Node.js v26.3.1
