0 verbose cli /data/data/com.termux/files/usr/bin/node /data/data/com.termux/files/usr/bin/npm
1 info using npm@11.17.0
2 info using node@v26.3.1
3 silly config load:file:/data/data/com.termux/files/usr/lib/node_modules/npm/npmrc
4 silly config load:file:/data/data/com.termux/files/home/.npmrc
5 silly config load:file:/data/data/com.termux/files/usr/etc/npmrc
6 verbose title npm install node-fetch
7 verbose argv "install" "node-fetch"
8 verbose logfile logs-max:10 dir:/data/data/com.termux/files/home/.npm/_logs/2026-07-19T20_34_28_918Z-
9 verbose logfile /data/data/com.termux/files/home/.npm/_logs/2026-07-19T20_34_28_918Z-debug-0.log
10 silly logfile done cleaning log files
11 silly packumentCache heap:1091043328 maxSize:272760832 maxEntrySize:136380416
12 silly idealTree buildDeps
13 silly fetch manifest node-fetch@*
14 silly packumentCache full:https://registry.npmjs.org/node-fetch cache-miss
15 http fetch GET 200 https://registry.npmjs.org/node-fetch 3229ms (cache miss)
16 silly packumentCache full:https://registry.npmjs.org/node-fetch set size:undefined disposed:false
17 silly placeDep ROOT node-fetch@3.3.2 OK for:  want: *
18 silly fetch manifest data-uri-to-buffer@^4.0.0
19 silly packumentCache full:https://registry.npmjs.org/data-uri-to-buffer cache-miss
20 silly fetch manifest fetch-blob@^3.1.4
21 silly packumentCache full:https://registry.npmjs.org/fetch-blob cache-miss
22 silly fetch manifest formdata-polyfill@^4.0.10
23 silly packumentCache full:https://registry.npmjs.org/formdata-polyfill cache-miss
24 http fetch GET 200 https://registry.npmjs.org/fetch-blob 549ms (cache miss)
25 silly packumentCache full:https://registry.npmjs.org/fetch-blob set size:undefined disposed:false
26 http fetch GET 200 https://registry.npmjs.org/data-uri-to-buffer 1504ms (cache revalidated)
27 silly packumentCache full:https://registry.npmjs.org/data-uri-to-buffer set size:48018 disposed:false
28 http fetch GET 200 https://registry.npmjs.org/formdata-polyfill 1533ms (cache miss)
29 silly packumentCache full:https://registry.npmjs.org/formdata-polyfill set size:undefined disposed:false
30 silly placeDep ROOT data-uri-to-buffer@4.0.1 OK for: node-fetch@3.3.2 want: ^4.0.0
31 silly placeDep ROOT fetch-blob@3.2.0 OK for: node-fetch@3.3.2 want: ^3.1.4
32 silly placeDep ROOT formdata-polyfill@4.0.10 OK for: node-fetch@3.3.2 want: ^4.0.10
33 silly fetch manifest node-domexception@^1.0.0
34 silly packumentCache full:https://registry.npmjs.org/node-domexception cache-miss
35 silly fetch manifest web-streams-polyfill@^3.0.3
36 silly packumentCache full:https://registry.npmjs.org/web-streams-polyfill cache-miss
37 http fetch GET 200 https://registry.npmjs.org/node-domexception 359ms (cache miss)
38 silly packumentCache full:https://registry.npmjs.org/node-domexception set size:undefined disposed:false
39 http fetch GET 200 https://registry.npmjs.org/web-streams-polyfill 524ms (cache miss)
40 silly packumentCache full:https://registry.npmjs.org/web-streams-polyfill set size:undefined disposed:false
41 silly placeDep ROOT node-domexception@1.0.0 OK for: fetch-blob@3.2.0 want: ^1.0.0
42 silly placeDep ROOT web-streams-polyfill@3.3.3 OK for: fetch-blob@3.2.0 want: ^3.0.3
43 silly reify moves {}
44 silly audit bulk request {
44 silly audit   accepts: [ '2.0.0' ],
44 silly audit   'body-parser': [ '2.3.0' ],
44 silly audit   'content-type': [ '2.0.0', '1.0.5' ],
44 silly audit   bytes: [ '3.1.2' ],
44 silly audit   'call-bind-apply-helpers': [ '1.0.2' ],
44 silly audit   'call-bound': [ '1.0.4' ],
44 silly audit   'content-disposition': [ '1.1.0' ],
44 silly audit   cookie: [ '0.7.2' ],
44 silly audit   'cookie-signature': [ '1.2.2' ],
44 silly audit   debug: [ '4.4.3' ],
44 silly audit   depd: [ '2.0.0' ],
44 silly audit   'dunder-proto': [ '1.0.1' ],
44 silly audit   'ee-first': [ '1.1.1' ],
44 silly audit   encodeurl: [ '2.0.0' ],
44 silly audit   'es-define-property': [ '1.0.1' ],
44 silly audit   'es-errors': [ '1.3.0' ],
44 silly audit   'es-object-atoms': [ '1.1.2' ],
44 silly audit   'escape-html': [ '1.0.3' ],
44 silly audit   etag: [ '1.8.1' ],
44 silly audit   express: [ '5.2.1' ],
44 silly audit   'express-rate-limit': [ '8.6.0' ],
44 silly audit   finalhandler: [ '2.1.1' ],
44 silly audit   forwarded: [ '0.2.0' ],
44 silly audit   fresh: [ '2.0.0' ],
44 silly audit   'function-bind': [ '1.1.2' ],
44 silly audit   'get-intrinsic': [ '1.3.0' ],
44 silly audit   'get-proto': [ '1.0.1' ],
44 silly audit   gopd: [ '1.2.0' ],
44 silly audit   'has-symbols': [ '1.1.0' ],
44 silly audit   hasown: [ '2.0.4' ],
44 silly audit   'http-errors': [ '2.0.1' ],
44 silly audit   'iconv-lite': [ '0.7.3' ],
44 silly audit   inherits: [ '2.0.4' ],
44 silly audit   'ip-address': [ '10.2.0' ],
44 silly audit   'ipaddr.js': [ '1.9.1' ],
44 silly audit   'is-promise': [ '4.0.0' ],
44 silly audit   'math-intrinsics': [ '1.1.0' ],
44 silly audit   'media-typer': [ '1.1.0' ],
44 silly audit   'merge-descriptors': [ '2.0.0' ],
44 silly audit   'mime-db': [ '1.54.0' ],
44 silly audit   'mime-types': [ '3.0.2' ],
44 silly audit   ms: [ '2.1.3' ],
44 silly audit   negotiator: [ '1.0.0' ],
44 silly audit   'object-inspect': [ '1.13.4' ],
44 silly audit   'on-finished': [ '2.4.1' ],
44 silly audit   once: [ '1.4.0' ],
44 silly audit   parseurl: [ '1.3.3' ],
44 silly audit   'path-to-regexp': [ '8.4.2' ],
44 silly audit   'proxy-addr': [ '2.0.7' ],
44 silly audit   qs: [ '6.15.3' ],
44 silly audit   'range-parser': [ '1.3.0' ],
44 silly audit   'raw-body': [ '3.0.2' ],
44 silly audit   router: [ '2.2.0' ],
44 silly audit   'safer-buffer': [ '2.1.2' ],
44 silly audit   send: [ '1.2.1' ],
44 silly audit   'serve-static': [ '2.2.1' ],
44 silly audit   setprototypeof: [ '1.2.0' ],
44 silly audit   'side-channel': [ '1.1.1' ],
44 silly audit   'side-channel-list': [ '1.0.1' ],
44 silly audit   'side-channel-map': [ '1.0.1' ],
44 silly audit   'side-channel-weakmap': [ '1.0.2' ],
44 silly audit   statuses: [ '2.0.2' ],
44 silly audit   toidentifier: [ '1.0.1' ],
44 silly audit   'type-is': [ '2.1.0' ],
44 silly audit   unpipe: [ '1.0.0' ],
44 silly audit   vary: [ '1.1.2' ],
44 silly audit   wrappy: [ '1.0.2' ],
44 silly audit   'node-fetch': [ '3.3.2' ],
44 silly audit   'data-uri-to-buffer': [ '4.0.1' ],
44 silly audit   'fetch-blob': [ '3.2.0' ],
44 silly audit   'formdata-polyfill': [ '4.0.10' ],
44 silly audit   'node-domexception': [ '1.0.0' ],
44 silly audit   'web-streams-polyfill': [ '3.3.3' ]
44 silly audit }
45 http cache web-streams-polyfill@https://registry.npmjs.org/web-streams-polyfill/-/web-streams-polyfill-3.3.3.tgz 0ms (cache hit)
46 http cache node-domexception@https://registry.npmjs.org/node-domexception/-/node-domexception-1.0.0.tgz 1ms (cache hit)
47 http cache formdata-polyfill@https://registry.npmjs.org/formdata-polyfill/-/formdata-polyfill-4.0.10.tgz 0ms (cache hit)
48 http cache fetch-blob@https://registry.npmjs.org/fetch-blob/-/fetch-blob-3.2.0.tgz 0ms (cache hit)
49 http cache data-uri-to-buffer@https://registry.npmjs.org/data-uri-to-buffer/-/data-uri-to-buffer-4.0.1.tgz 0ms (cache hit)
50 http cache node-fetch@https://registry.npmjs.org/node-fetch/-/node-fetch-3.3.2.tgz 0ms (cache hit)
51 silly tarball no local data for web-streams-polyfill@https://registry.npmjs.org/web-streams-polyfill/-/web-streams-polyfill-3.3.3.tgz. Extracting by manifest.
52 silly tarball no local data for node-domexception@https://registry.npmjs.org/node-domexception/-/node-domexception-1.0.0.tgz. Extracting by manifest.
53 silly tarball no local data for formdata-polyfill@https://registry.npmjs.org/formdata-polyfill/-/formdata-polyfill-4.0.10.tgz. Extracting by manifest.
54 silly tarball no local data for fetch-blob@https://registry.npmjs.org/fetch-blob/-/fetch-blob-3.2.0.tgz. Extracting by manifest.
55 silly tarball no local data for data-uri-to-buffer@https://registry.npmjs.org/data-uri-to-buffer/-/data-uri-to-buffer-4.0.1.tgz. Extracting by manifest.
56 silly tarball no local data for node-fetch@https://registry.npmjs.org/node-fetch/-/node-fetch-3.3.2.tgz. Extracting by manifest.
57 http fetch POST 200 https://registry.npmjs.org/-/npm/v1/security/advisories/bulk 636ms
58 silly audit report {}
59 http fetch GET 200 https://registry.npmjs.org/node-domexception/-/node-domexception-1.0.0.tgz 615ms (cache miss)
60 warn deprecated node-domexception@1.0.0: Use your platform's native DOMException instead
61 http fetch GET 200 https://registry.npmjs.org/formdata-polyfill/-/formdata-polyfill-4.0.10.tgz 1791ms (cache miss)
62 http fetch GET 200 https://registry.npmjs.org/fetch-blob/-/fetch-blob-3.2.0.tgz 2171ms (cache miss)
63 http fetch GET 200 https://registry.npmjs.org/data-uri-to-buffer/-/data-uri-to-buffer-4.0.1.tgz 2192ms (cache miss)
64 http fetch GET 200 https://registry.npmjs.org/node-fetch/-/node-fetch-3.3.2.tgz 2644ms (cache miss)
65 http fetch GET 200 https://registry.npmjs.org/web-streams-polyfill/-/web-streams-polyfill-3.3.3.tgz 12134ms (cache miss)
66 silly ADD node_modules/web-streams-polyfill
67 silly ADD node_modules/node-domexception
68 silly ADD node_modules/formdata-polyfill
69 silly ADD node_modules/fetch-blob
70 silly ADD node_modules/data-uri-to-buffer
71 silly ADD node_modules/node-fetch
72 verbose cwd /data/data/com.termux/files/home
73 verbose os Linux 4.19.191-27193134-abA037FXXS8CYE1
74 verbose node v26.3.1
75 verbose npm  v11.17.0
76 verbose exit 0
77 info ok
