0 verbose cli /data/data/com.termux/files/usr/bin/node /data/data/com.termux/files/usr/bin/npm
1 info using npm@11.17.0
2 info using node@v26.3.1
3 silly config load:file:/data/data/com.termux/files/usr/lib/node_modules/npm/npmrc
4 silly config load:file:/data/data/com.termux/files/home/.npmrc
5 silly config load:file:/data/data/com.termux/files/usr/etc/npmrc
6 verbose title npm install express express-rate-limit
7 verbose argv "install" "express" "express-rate-limit"
8 verbose logfile logs-max:10 dir:/data/data/com.termux/files/home/.npm/_logs/2026-07-19T18_24_01_882Z-
9 verbose logfile /data/data/com.termux/files/home/.npm/_logs/2026-07-19T18_24_01_882Z-debug-0.log
10 silly logfile done cleaning log files
11 silly allow-scripts no package.json at prefix Could not read package.json: Error: ENOENT: no such file or directory, open '/data/data/com.termux/files/home/package.json'
12 silly packumentCache heap:1091043328 maxSize:272760832 maxEntrySize:136380416
13 silly idealTree buildDeps
14 silly fetch manifest express@*
15 silly packumentCache full:https://registry.npmjs.org/express cache-miss
16 http fetch GET 200 https://registry.npmjs.org/express 1603ms (cache revalidated)
17 silly packumentCache full:https://registry.npmjs.org/express set size:804956 disposed:false
18 silly fetch manifest express-rate-limit@*
19 silly packumentCache full:https://registry.npmjs.org/express-rate-limit cache-miss
20 http fetch GET 200 https://registry.npmjs.org/express-rate-limit 524ms (cache miss)
21 silly packumentCache full:https://registry.npmjs.org/express-rate-limit set size:undefined disposed:false
22 silly placeDep ROOT express@5.2.1 OK for:  want: *
23 silly placeDep ROOT express-rate-limit@8.6.0 OK for:  want: *
24 silly fetch manifest qs@^6.14.0
25 silly packumentCache full:https://registry.npmjs.org/qs cache-miss
26 silly fetch manifest depd@^2.0.0
27 silly packumentCache full:https://registry.npmjs.org/depd cache-miss
28 silly fetch manifest etag@^1.8.1
29 silly packumentCache full:https://registry.npmjs.org/etag cache-miss
30 silly fetch manifest once@^1.4.0
31 silly packumentCache full:https://registry.npmjs.org/once cache-miss
32 silly fetch manifest send@^1.1.0
33 silly packumentCache full:https://registry.npmjs.org/send cache-miss
34 silly fetch manifest vary@^1.1.2
35 silly packumentCache full:https://registry.npmjs.org/vary cache-miss
36 silly fetch manifest debug@^4.4.0
37 silly packumentCache full:https://registry.npmjs.org/debug cache-miss
38 http fetch GET 200 https://registry.npmjs.org/etag 347ms (cache revalidated)
39 silly packumentCache full:https://registry.npmjs.org/etag set size:30032 disposed:false
40 silly fetch manifest fresh@^2.0.0
41 silly packumentCache full:https://registry.npmjs.org/fresh cache-miss
42 http fetch GET 200 https://registry.npmjs.org/fresh 308ms (cache revalidated)
43 silly packumentCache full:https://registry.npmjs.org/fresh set size:25427 disposed:false
44 silly fetch manifest cookie@^0.7.1
45 silly packumentCache full:https://registry.npmjs.org/cookie cache-miss
46 http fetch GET 200 https://registry.npmjs.org/once 1096ms (cache revalidated)
47 silly packumentCache full:https://registry.npmjs.org/once set size:11752 disposed:false
48 silly fetch manifest router@^2.2.0
49 silly packumentCache full:https://registry.npmjs.org/router cache-miss
50 http fetch GET 200 https://registry.npmjs.org/cookie 407ms (cache revalidated)
51 silly packumentCache full:https://registry.npmjs.org/cookie set size:78274 disposed:false
52 silly fetch manifest accepts@^2.0.0
53 silly packumentCache full:https://registry.npmjs.org/accepts cache-miss
54 http fetch GET 200 https://registry.npmjs.org/qs 1157ms (cache revalidated)
55 silly packumentCache full:https://registry.npmjs.org/qs set size:360318 disposed:false
56 silly fetch manifest type-is@^2.0.1
57 silly packumentCache full:https://registry.npmjs.org/type-is cache-miss
58 http fetch GET 200 https://registry.npmjs.org/vary 1210ms (cache revalidated)
59 silly packumentCache full:https://registry.npmjs.org/vary set size:15994 disposed:false
60 silly fetch manifest parseurl@^1.3.3
61 silly packumentCache full:https://registry.npmjs.org/parseurl cache-miss
62 http fetch GET 200 https://registry.npmjs.org/depd 1247ms (cache revalidated)
63 silly packumentCache full:https://registry.npmjs.org/depd set size:40182 disposed:false
64 silly fetch manifest statuses@^2.0.1
65 silly packumentCache full:https://registry.npmjs.org/statuses cache-miss
66 http fetch GET 200 https://registry.npmjs.org/send 1252ms (cache revalidated)
67 silly packumentCache full:https://registry.npmjs.org/send set size:152810 disposed:false
68 silly fetch manifest encodeurl@^2.0.0
69 silly packumentCache full:https://registry.npmjs.org/encodeurl cache-miss
70 http fetch GET 200 https://registry.npmjs.org/debug 1275ms (cache revalidated)
71 silly packumentCache full:https://registry.npmjs.org/debug set size:195840 disposed:false
72 silly fetch manifest mime-types@^3.0.0
73 silly packumentCache full:https://registry.npmjs.org/mime-types cache-miss
74 http fetch GET 200 https://registry.npmjs.org/router 518ms (cache revalidated)
75 silly packumentCache full:https://registry.npmjs.org/router set size:116499 disposed:false
76 silly fetch manifest proxy-addr@^2.0.7
77 silly packumentCache full:https://registry.npmjs.org/proxy-addr cache-miss
78 http fetch GET 200 https://registry.npmjs.org/accepts 539ms (cache revalidated)
79 silly packumentCache full:https://registry.npmjs.org/accepts set size:77054 disposed:false
80 silly fetch manifest body-parser@^2.2.1
81 silly packumentCache full:https://registry.npmjs.org/body-parser cache-miss
82 http fetch GET 200 https://registry.npmjs.org/type-is 538ms (cache revalidated)
83 silly packumentCache full:https://registry.npmjs.org/type-is set size:88614 disposed:false
84 silly fetch manifest escape-html@^1.0.3
85 silly packumentCache full:https://registry.npmjs.org/escape-html cache-miss
86 http fetch GET 200 https://registry.npmjs.org/statuses 520ms (cache revalidated)
87 silly packumentCache full:https://registry.npmjs.org/statuses set size:37117 disposed:false
88 silly fetch manifest http-errors@^2.0.0
89 silly packumentCache full:https://registry.npmjs.org/http-errors cache-miss
90 http fetch GET 200 https://registry.npmjs.org/parseurl 576ms (cache revalidated)
91 silly packumentCache full:https://registry.npmjs.org/parseurl set size:24148 disposed:false
92 silly fetch manifest on-finished@^2.4.1
93 silly packumentCache full:https://registry.npmjs.org/on-finished cache-miss
94 http fetch GET 200 https://registry.npmjs.org/encodeurl 635ms (cache revalidated)
95 silly packumentCache full:https://registry.npmjs.org/encodeurl set size:12296 disposed:false
96 silly fetch manifest content-type@^1.0.5
97 silly packumentCache full:https://registry.npmjs.org/content-type cache-miss
98 http fetch GET 200 https://registry.npmjs.org/mime-types 658ms (cache revalidated)
99 silly packumentCache full:https://registry.npmjs.org/mime-types set size:139110 disposed:false
100 silly fetch manifest finalhandler@^2.1.0
101 silly packumentCache full:https://registry.npmjs.org/finalhandler cache-miss
102 http fetch GET 200 https://registry.npmjs.org/escape-html 674ms (cache revalidated)
103 silly packumentCache full:https://registry.npmjs.org/escape-html set size:7345 disposed:false
104 silly fetch manifest range-parser@^1.2.1
105 silly packumentCache full:https://registry.npmjs.org/range-parser cache-miss
106 http fetch GET 200 https://registry.npmjs.org/proxy-addr 823ms (cache revalidated)
107 silly packumentCache full:https://registry.npmjs.org/proxy-addr set size:61619 disposed:false
108 silly fetch manifest serve-static@^2.2.0
109 silly packumentCache full:https://registry.npmjs.org/serve-static cache-miss
110 http fetch GET 200 https://registry.npmjs.org/http-errors 758ms (cache revalidated)
111 silly packumentCache full:https://registry.npmjs.org/http-errors set size:71987 disposed:false
112 silly fetch manifest cookie-signature@^1.2.1
113 silly packumentCache full:https://registry.npmjs.org/cookie-signature cache-miss
114 http fetch GET 200 https://registry.npmjs.org/on-finished 735ms (cache revalidated)
115 silly packumentCache full:https://registry.npmjs.org/on-finished set size:23212 disposed:false
116 silly fetch manifest merge-descriptors@^2.0.0
117 silly packumentCache full:https://registry.npmjs.org/merge-descriptors cache-miss
118 http fetch GET 200 https://registry.npmjs.org/body-parser 892ms (cache revalidated)
119 silly packumentCache full:https://registry.npmjs.org/body-parser set size:204544 disposed:false
120 silly fetch manifest content-disposition@^1.0.0
121 silly packumentCache full:https://registry.npmjs.org/content-disposition cache-miss
122 http fetch GET 200 https://registry.npmjs.org/finalhandler 638ms (cache revalidated)
123 silly packumentCache full:https://registry.npmjs.org/finalhandler set size:79291 disposed:false
124 silly fetch manifest debug@^4.4.3
125 silly packumentCache full:https://registry.npmjs.org/debug cache-hit
126 silly fetch manifest ip-address@^10.2.0
127 silly packumentCache full:https://registry.npmjs.org/ip-address cache-miss
128 http fetch GET 200 https://registry.npmjs.org/content-type 783ms (cache revalidated)
129 silly packumentCache full:https://registry.npmjs.org/content-type set size:18994 disposed:false
130 http fetch GET 200 https://registry.npmjs.org/range-parser 634ms (cache revalidated)
131 silly packumentCache full:https://registry.npmjs.org/range-parser set size:24852 disposed:false
132 http fetch GET 200 https://registry.npmjs.org/serve-static 636ms (cache revalidated)
133 silly packumentCache full:https://registry.npmjs.org/serve-static set size:150391 disposed:false
134 http fetch GET 200 https://registry.npmjs.org/merge-descriptors 616ms (cache revalidated)
135 silly packumentCache full:https://registry.npmjs.org/merge-descriptors set size:16527 disposed:false
136 http fetch GET 200 https://registry.npmjs.org/cookie-signature 692ms (cache revalidated)
137 silly packumentCache full:https://registry.npmjs.org/cookie-signature set size:21777 disposed:false
138 http fetch GET 200 https://registry.npmjs.org/content-disposition 642ms (cache revalidated)
139 silly packumentCache full:https://registry.npmjs.org/content-disposition set size:42862 disposed:false
140 http fetch GET 200 https://registry.npmjs.org/ip-address 595ms (cache revalidated)
141 silly packumentCache full:https://registry.npmjs.org/ip-address set size:171530 disposed:false
142 silly placeDep ROOT accepts@2.0.0 OK for: express@5.2.1 want: ^2.0.0
143 silly placeDep ROOT body-parser@2.3.0 OK for: express@5.2.1 want: ^2.2.1
144 silly placeDep ROOT content-disposition@1.1.0 OK for: express@5.2.1 want: ^1.0.0
145 silly placeDep ROOT content-type@1.0.5 OK for: express@5.2.1 want: ^1.0.5
146 silly placeDep ROOT cookie@0.7.2 OK for: express@5.2.1 want: ^0.7.1
147 silly placeDep ROOT cookie-signature@1.2.2 OK for: express@5.2.1 want: ^1.2.1
148 silly placeDep ROOT debug@4.4.3 OK for: express@5.2.1 want: ^4.4.0
149 silly placeDep ROOT depd@2.0.0 OK for: express@5.2.1 want: ^2.0.0
150 silly placeDep ROOT encodeurl@2.0.0 OK for: express@5.2.1 want: ^2.0.0
151 silly placeDep ROOT escape-html@1.0.3 OK for: express@5.2.1 want: ^1.0.3
152 silly placeDep ROOT etag@1.8.1 OK for: express@5.2.1 want: ^1.8.1
153 silly placeDep ROOT finalhandler@2.1.1 OK for: express@5.2.1 want: ^2.1.0
154 silly placeDep ROOT fresh@2.0.0 OK for: express@5.2.1 want: ^2.0.0
155 silly placeDep ROOT http-errors@2.0.1 OK for: express@5.2.1 want: ^2.0.0
156 silly placeDep ROOT merge-descriptors@2.0.0 OK for: express@5.2.1 want: ^2.0.0
157 silly placeDep ROOT mime-types@3.0.2 OK for: express@5.2.1 want: ^3.0.0
158 silly placeDep ROOT on-finished@2.4.1 OK for: express@5.2.1 want: ^2.4.1
159 silly placeDep ROOT once@1.4.0 OK for: express@5.2.1 want: ^1.4.0
160 silly placeDep ROOT parseurl@1.3.3 OK for: express@5.2.1 want: ^1.3.3
161 silly placeDep ROOT proxy-addr@2.0.7 OK for: express@5.2.1 want: ^2.0.7
162 silly placeDep ROOT qs@6.15.3 OK for: express@5.2.1 want: ^6.14.0
163 silly placeDep ROOT range-parser@1.3.0 OK for: express@5.2.1 want: ^1.2.1
164 silly placeDep ROOT router@2.2.0 OK for: express@5.2.1 want: ^2.2.0
165 silly placeDep ROOT send@1.2.1 OK for: express@5.2.1 want: ^1.1.0
166 silly placeDep ROOT serve-static@2.2.1 OK for: express@5.2.1 want: ^2.2.0
167 silly placeDep ROOT statuses@2.0.2 OK for: express@5.2.1 want: ^2.0.1
168 silly placeDep ROOT type-is@2.1.0 OK for: express@5.2.1 want: ^2.0.1
169 silly placeDep ROOT vary@1.1.2 OK for: express@5.2.1 want: ^1.1.2
170 silly fetch manifest negotiator@^1.0.0
171 silly packumentCache full:https://registry.npmjs.org/negotiator cache-miss
172 silly fetch manifest qs@^6.15.2
173 silly packumentCache full:https://registry.npmjs.org/qs cache-hit
174 silly fetch manifest bytes@^3.1.2
175 silly packumentCache full:https://registry.npmjs.org/bytes cache-miss
176 silly fetch manifest type-is@^2.1.0
177 silly packumentCache full:https://registry.npmjs.org/type-is cache-hit
178 silly fetch manifest raw-body@^3.0.2
179 silly packumentCache full:https://registry.npmjs.org/raw-body cache-miss
180 silly fetch manifest iconv-lite@^0.7.2
181 silly packumentCache full:https://registry.npmjs.org/iconv-lite cache-miss
182 silly fetch manifest http-errors@^2.0.1
183 silly packumentCache full:https://registry.npmjs.org/http-errors cache-hit
184 silly fetch manifest content-type@^2.0.0
185 silly packumentCache full:https://registry.npmjs.org/content-type cache-hit
186 silly fetch manifest ms@^2.1.3
187 silly packumentCache full:https://registry.npmjs.org/ms cache-miss
188 silly fetch manifest inherits@~2.0.4
189 silly packumentCache full:https://registry.npmjs.org/inherits cache-miss
190 silly fetch manifest setprototypeof@~1.2.0
191 silly packumentCache full:https://registry.npmjs.org/setprototypeof cache-miss
192 http fetch GET 200 https://registry.npmjs.org/bytes 359ms (cache revalidated)
193 silly packumentCache full:https://registry.npmjs.org/bytes set size:37018 disposed:false
194 silly fetch manifest statuses@~2.0.2
195 silly packumentCache full:https://registry.npmjs.org/statuses cache-hit
196 silly fetch manifest toidentifier@~1.0.1
197 silly packumentCache full:https://registry.npmjs.org/toidentifier cache-miss
198 http fetch GET 200 https://registry.npmjs.org/negotiator 452ms (cache revalidated)
199 silly packumentCache full:https://registry.npmjs.org/negotiator set size:48046 disposed:false
200 silly fetch manifest mime-db@^1.54.0
201 silly packumentCache full:https://registry.npmjs.org/mime-db cache-miss
202 http fetch GET 200 https://registry.npmjs.org/iconv-lite 433ms (cache revalidated)
203 silly packumentCache full:https://registry.npmjs.org/iconv-lite set size:126462 disposed:false
204 silly fetch manifest ee-first@1.1.1
205 silly packumentCache full:https://registry.npmjs.org/ee-first cache-miss
206 http fetch GET 200 https://registry.npmjs.org/raw-body 498ms (cache revalidated)
207 silly packumentCache full:https://registry.npmjs.org/raw-body set size:120042 disposed:false
208 silly fetch manifest wrappy@1
209 silly packumentCache full:https://registry.npmjs.org/wrappy cache-miss
210 http fetch GET 200 https://registry.npmjs.org/ms 519ms (cache revalidated)
211 silly packumentCache full:https://registry.npmjs.org/ms set size:92208 disposed:false
212 silly fetch manifest forwarded@0.2.0
213 silly packumentCache full:https://registry.npmjs.org/forwarded cache-miss
214 http fetch GET 200 https://registry.npmjs.org/inherits 603ms (cache revalidated)
215 silly packumentCache full:https://registry.npmjs.org/inherits set size:12925 disposed:false
216 silly fetch manifest ipaddr.js@1.9.1
217 silly packumentCache full:https://registry.npmjs.org/ipaddr.js cache-miss
218 http fetch GET 200 https://registry.npmjs.org/setprototypeof 623ms (cache revalidated)
219 silly packumentCache full:https://registry.npmjs.org/setprototypeof set size:14532 disposed:false
220 silly fetch manifest side-channel@^1.1.1
221 silly packumentCache full:https://registry.npmjs.org/side-channel cache-miss
222 http fetch GET 200 https://registry.npmjs.org/toidentifier 491ms (cache revalidated)
223 silly packumentCache full:https://registry.npmjs.org/toidentifier set size:12006 disposed:false
224 silly fetch manifest es-define-property@^1.0.1
225 silly packumentCache full:https://registry.npmjs.org/es-define-property cache-miss
226 http fetch GET 200 https://registry.npmjs.org/ee-first 561ms (cache revalidated)
227 silly packumentCache full:https://registry.npmjs.org/ee-first set size:15327 disposed:false
228 silly fetch manifest is-promise@^4.0.0
229 silly packumentCache full:https://registry.npmjs.org/is-promise cache-miss
230 http fetch GET 200 https://registry.npmjs.org/mime-db 627ms (cache revalidated)
231 silly packumentCache full:https://registry.npmjs.org/mime-db set size:164953 disposed:false
232 silly fetch manifest path-to-regexp@^8.0.0
233 silly packumentCache full:https://registry.npmjs.org/path-to-regexp cache-miss
234 http fetch GET 200 https://registry.npmjs.org/forwarded 510ms (cache revalidated)
235 silly packumentCache full:https://registry.npmjs.org/forwarded set size:11229 disposed:false
236 silly fetch manifest statuses@^2.0.2
237 silly packumentCache full:https://registry.npmjs.org/statuses cache-hit
238 silly fetch manifest media-typer@^1.1.0
239 silly packumentCache full:https://registry.npmjs.org/media-typer cache-miss
240 http fetch GET 200 https://registry.npmjs.org/wrappy 590ms (cache revalidated)
241 silly packumentCache full:https://registry.npmjs.org/wrappy set size:7682 disposed:false
242 http fetch GET 200 https://registry.npmjs.org/side-channel 439ms (cache revalidated)
243 silly packumentCache full:https://registry.npmjs.org/side-channel set size:27650 disposed:false
244 http fetch GET 200 https://registry.npmjs.org/ipaddr.js 471ms (cache revalidated)
245 silly packumentCache full:https://registry.npmjs.org/ipaddr.js set size:69549 disposed:false
246 http fetch GET 200 https://registry.npmjs.org/es-define-property 326ms (cache revalidated)
247 silly packumentCache full:https://registry.npmjs.org/es-define-property set size:8542 disposed:false
248 http fetch GET 200 https://registry.npmjs.org/is-promise 360ms (cache revalidated)
249 silly packumentCache full:https://registry.npmjs.org/is-promise set size:18599 disposed:false
250 http fetch GET 200 https://registry.npmjs.org/path-to-regexp 347ms (cache revalidated)
251 silly packumentCache full:https://registry.npmjs.org/path-to-regexp set size:216334 disposed:false
252 http fetch GET 200 https://registry.npmjs.org/media-typer 390ms (cache revalidated)
253 silly packumentCache full:https://registry.npmjs.org/media-typer set size:22678 disposed:false
254 silly placeDep ROOT negotiator@1.0.0 OK for: accepts@2.0.0 want: ^1.0.0
255 silly placeDep ROOT bytes@3.1.2 OK for: body-parser@2.3.0 want: ^3.1.2
256 silly placeDep node_modules/body-parser content-type@2.0.0 OK for: body-parser@2.3.0 want: ^2.0.0
257 silly placeDep ROOT iconv-lite@0.7.3 OK for: body-parser@2.3.0 want: ^0.7.2
258 silly placeDep ROOT raw-body@3.0.2 OK for: body-parser@2.3.0 want: ^3.0.2
259 silly fetch manifest safer-buffer@>= 2.1.2 < 3.0.0
260 silly packumentCache full:https://registry.npmjs.org/safer-buffer cache-miss
261 silly fetch manifest unpipe@~1.0.0
262 silly packumentCache full:https://registry.npmjs.org/unpipe cache-miss
263 http fetch GET 200 https://registry.npmjs.org/safer-buffer 272ms (cache revalidated)
264 silly packumentCache full:https://registry.npmjs.org/safer-buffer set size:18521 disposed:false
265 http fetch GET 200 https://registry.npmjs.org/unpipe 280ms (cache revalidated)
266 silly packumentCache full:https://registry.npmjs.org/unpipe set size:3609 disposed:false
267 silly placeDep ROOT ms@2.1.3 OK for: debug@4.4.3 want: ^2.1.3
268 silly placeDep ROOT ip-address@10.2.0 OK for: express-rate-limit@8.6.0 want: ^10.2.0
269 silly placeDep ROOT inherits@2.0.4 OK for: http-errors@2.0.1 want: ~2.0.4
270 silly placeDep ROOT setprototypeof@1.2.0 OK for: http-errors@2.0.1 want: ~1.2.0
271 silly placeDep ROOT toidentifier@1.0.1 OK for: http-errors@2.0.1 want: ~1.0.1
272 silly placeDep ROOT safer-buffer@2.1.2 OK for: iconv-lite@0.7.3 want: >= 2.1.2 < 3.0.0
273 silly placeDep ROOT mime-db@1.54.0 OK for: mime-types@3.0.2 want: ^1.54.0
274 silly placeDep ROOT ee-first@1.1.1 OK for: on-finished@2.4.1 want: 1.1.1
275 silly placeDep ROOT wrappy@1.0.2 OK for: once@1.4.0 want: 1
276 silly placeDep ROOT forwarded@0.2.0 OK for: proxy-addr@2.0.7 want: 0.2.0
277 silly placeDep ROOT ipaddr.js@1.9.1 OK for: proxy-addr@2.0.7 want: 1.9.1
278 silly placeDep ROOT es-define-property@1.0.1 OK for: qs@6.15.3 want: ^1.0.1
279 silly placeDep ROOT side-channel@1.1.1 OK for: qs@6.15.3 want: ^1.1.1
280 silly fetch manifest es-errors@^1.3.0
281 silly packumentCache full:https://registry.npmjs.org/es-errors cache-miss
282 silly fetch manifest object-inspect@^1.13.4
283 silly packumentCache full:https://registry.npmjs.org/object-inspect cache-miss
284 silly fetch manifest side-channel-list@^1.0.1
285 silly packumentCache full:https://registry.npmjs.org/side-channel-list cache-miss
286 silly fetch manifest side-channel-map@^1.0.1
287 silly packumentCache full:https://registry.npmjs.org/side-channel-map cache-miss
288 silly fetch manifest side-channel-weakmap@^1.0.2
289 silly packumentCache full:https://registry.npmjs.org/side-channel-weakmap cache-miss
290 http fetch GET 200 https://registry.npmjs.org/es-errors 331ms (cache revalidated)
291 silly packumentCache full:https://registry.npmjs.org/es-errors set size:16918 disposed:false
292 http fetch GET 200 https://registry.npmjs.org/object-inspect 337ms (cache revalidated)
293 silly packumentCache full:https://registry.npmjs.org/object-inspect set size:101912 disposed:false
294 http fetch GET 200 https://registry.npmjs.org/side-channel-list 360ms (cache revalidated)
295 silly packumentCache full:https://registry.npmjs.org/side-channel-list set size:9021 disposed:false
296 http fetch GET 200 https://registry.npmjs.org/side-channel-map 374ms (cache revalidated)
297 silly packumentCache full:https://registry.npmjs.org/side-channel-map set size:9126 disposed:false
298 http fetch GET 200 https://registry.npmjs.org/side-channel-weakmap 404ms (cache revalidated)
299 silly packumentCache full:https://registry.npmjs.org/side-channel-weakmap set size:12620 disposed:false
300 silly placeDep ROOT unpipe@1.0.0 OK for: raw-body@3.0.2 want: ~1.0.0
301 silly placeDep ROOT is-promise@4.0.0 OK for: router@2.2.0 want: ^4.0.0
302 silly placeDep ROOT path-to-regexp@8.4.2 OK for: router@2.2.0 want: ^8.0.0
303 silly placeDep ROOT es-errors@1.3.0 OK for: side-channel@1.1.1 want: ^1.3.0
304 silly placeDep ROOT object-inspect@1.13.4 OK for: side-channel@1.1.1 want: ^1.13.4
305 silly placeDep ROOT side-channel-list@1.0.1 OK for: side-channel@1.1.1 want: ^1.0.1
306 silly placeDep ROOT side-channel-map@1.0.1 OK for: side-channel@1.1.1 want: ^1.0.1
307 silly placeDep ROOT side-channel-weakmap@1.0.2 OK for: side-channel@1.1.1 want: ^1.0.2
308 silly fetch manifest call-bound@^1.0.2
309 silly packumentCache full:https://registry.npmjs.org/call-bound cache-miss
310 silly fetch manifest get-intrinsic@^1.2.5
311 silly packumentCache full:https://registry.npmjs.org/get-intrinsic cache-miss
312 silly fetch manifest call-bound@^1.0.2
313 silly packumentCache full:https://registry.npmjs.org/call-bound cache-miss
314 silly fetch manifest get-intrinsic@^1.2.5
315 silly packumentCache full:https://registry.npmjs.org/get-intrinsic cache-miss
316 http fetch GET 200 https://registry.npmjs.org/call-bound 340ms (cache revalidated)
317 silly packumentCache full:https://registry.npmjs.org/call-bound set size:15317 disposed:false
318 http fetch GET 200 https://registry.npmjs.org/call-bound 344ms (cache revalidated)
319 silly packumentCache full:https://registry.npmjs.org/call-bound set size:15317 disposed:false
320 silly packumentCache full:https://registry.npmjs.org/call-bound dispose
321 http fetch GET 200 https://registry.npmjs.org/get-intrinsic 352ms (cache revalidated)
322 silly packumentCache full:https://registry.npmjs.org/get-intrinsic set size:60985 disposed:false
323 http fetch GET 200 https://registry.npmjs.org/get-intrinsic 375ms (cache revalidated)
324 silly packumentCache full:https://registry.npmjs.org/get-intrinsic set size:60985 disposed:false
325 silly packumentCache full:https://registry.npmjs.org/get-intrinsic dispose
326 silly placeDep ROOT call-bound@1.0.4 OK for: side-channel-map@1.0.1 want: ^1.0.2
327 silly placeDep ROOT get-intrinsic@1.3.0 OK for: side-channel-map@1.0.1 want: ^1.2.5
328 silly fetch manifest call-bind-apply-helpers@^1.0.2
329 silly packumentCache full:https://registry.npmjs.org/call-bind-apply-helpers cache-miss
330 silly fetch manifest get-intrinsic@^1.3.0
331 silly packumentCache full:https://registry.npmjs.org/get-intrinsic cache-hit
332 silly fetch manifest gopd@^1.2.0
333 silly packumentCache full:https://registry.npmjs.org/gopd cache-miss
334 silly fetch manifest hasown@^2.0.2
335 silly packumentCache full:https://registry.npmjs.org/hasown cache-miss
336 silly fetch manifest get-proto@^1.0.1
337 silly packumentCache full:https://registry.npmjs.org/get-proto cache-miss
338 silly fetch manifest has-symbols@^1.1.0
339 silly packumentCache full:https://registry.npmjs.org/has-symbols cache-miss
340 silly fetch manifest function-bind@^1.1.2
341 silly packumentCache full:https://registry.npmjs.org/function-bind cache-miss
342 silly fetch manifest es-object-atoms@^1.1.1
343 silly packumentCache full:https://registry.npmjs.org/es-object-atoms cache-miss
344 http fetch GET 200 https://registry.npmjs.org/hasown 348ms (cache revalidated)
345 silly packumentCache full:https://registry.npmjs.org/hasown set size:18361 disposed:false
346 silly fetch manifest math-intrinsics@^1.1.0
347 silly packumentCache full:https://registry.npmjs.org/math-intrinsics cache-miss
348 http fetch GET 200 https://registry.npmjs.org/gopd 368ms (cache revalidated)
349 silly packumentCache full:https://registry.npmjs.org/gopd set size:11483 disposed:false
350 silly fetch manifest call-bind-apply-helpers@^1.0.2
351 silly packumentCache full:https://registry.npmjs.org/call-bind-apply-helpers cache-miss
352 http fetch GET 200 https://registry.npmjs.org/call-bind-apply-helpers 387ms (cache revalidated)
353 silly packumentCache full:https://registry.npmjs.org/call-bind-apply-helpers set size:12744 disposed:false
354 http fetch GET 200 https://registry.npmjs.org/get-proto 386ms (cache revalidated)
355 silly packumentCache full:https://registry.npmjs.org/get-proto set size:8300 disposed:false
356 http fetch GET 200 https://registry.npmjs.org/function-bind 387ms (cache revalidated)
357 silly packumentCache full:https://registry.npmjs.org/function-bind set size:15733 disposed:false
358 http fetch GET 200 https://registry.npmjs.org/has-symbols 400ms (cache revalidated)
359 silly packumentCache full:https://registry.npmjs.org/has-symbols set size:21550 disposed:false
360 http fetch GET 200 https://registry.npmjs.org/es-object-atoms 401ms (cache revalidated)
361 silly packumentCache full:https://registry.npmjs.org/es-object-atoms set size:18278 disposed:false
362 http cache https://registry.npmjs.org/call-bind-apply-helpers 81ms (cache hit)
363 silly packumentCache full:https://registry.npmjs.org/call-bind-apply-helpers set size:12744 disposed:false
364 silly packumentCache full:https://registry.npmjs.org/call-bind-apply-helpers dispose
365 http fetch GET 200 https://registry.npmjs.org/math-intrinsics 334ms (cache revalidated)
366 silly packumentCache full:https://registry.npmjs.org/math-intrinsics set size:9265 disposed:false
367 silly placeDep ROOT call-bind-apply-helpers@1.0.2 OK for: call-bound@1.0.4 want: ^1.0.2
368 silly placeDep ROOT function-bind@1.1.2 OK for: call-bind-apply-helpers@1.0.2 want: ^1.1.2
369 silly placeDep ROOT es-object-atoms@1.1.2 OK for: get-intrinsic@1.3.0 want: ^1.1.1
370 silly placeDep ROOT get-proto@1.0.1 OK for: get-intrinsic@1.3.0 want: ^1.0.1
371 silly placeDep ROOT gopd@1.2.0 OK for: get-intrinsic@1.3.0 want: ^1.2.0
372 silly placeDep ROOT has-symbols@1.1.0 OK for: get-intrinsic@1.3.0 want: ^1.1.0
373 silly placeDep ROOT hasown@2.0.4 OK for: get-intrinsic@1.3.0 want: ^2.0.2
374 silly placeDep ROOT math-intrinsics@1.1.0 OK for: get-intrinsic@1.3.0 want: ^1.1.0
375 silly fetch manifest dunder-proto@^1.0.1
376 silly packumentCache full:https://registry.npmjs.org/dunder-proto cache-miss
377 http fetch GET 200 https://registry.npmjs.org/dunder-proto 344ms (cache revalidated)
378 silly packumentCache full:https://registry.npmjs.org/dunder-proto set size:8256 disposed:false
379 silly placeDep ROOT dunder-proto@1.0.1 OK for: get-proto@1.0.1 want: ^1.0.1
380 silly placeDep node_modules/type-is content-type@2.0.0 OK for: type-is@2.1.0 want: ^2.0.0
381 silly placeDep ROOT media-typer@1.1.0 OK for: type-is@2.1.0 want: ^1.1.0
382 silly reify moves {}
383 http cache media-typer@https://registry.npmjs.org/media-typer/-/media-typer-1.1.0.tgz 1ms (cache hit)
384 http cache dunder-proto@https://registry.npmjs.org/dunder-proto/-/dunder-proto-1.0.1.tgz 0ms (cache hit)
385 http cache math-intrinsics@https://registry.npmjs.org/math-intrinsics/-/math-intrinsics-1.1.0.tgz 1ms (cache hit)
386 http cache hasown@https://registry.npmjs.org/hasown/-/hasown-2.0.4.tgz 0ms (cache hit)
387 http cache has-symbols@https://registry.npmjs.org/has-symbols/-/has-symbols-1.1.0.tgz 0ms (cache hit)
388 http cache gopd@https://registry.npmjs.org/gopd/-/gopd-1.2.0.tgz 1ms (cache hit)
389 http cache get-proto@https://registry.npmjs.org/get-proto/-/get-proto-1.0.1.tgz 1ms (cache hit)
390 http cache es-object-atoms@https://registry.npmjs.org/es-object-atoms/-/es-object-atoms-1.1.2.tgz 1ms (cache hit)
391 http cache function-bind@https://registry.npmjs.org/function-bind/-/function-bind-1.1.2.tgz 0ms (cache hit)
392 http cache call-bind-apply-helpers@https://registry.npmjs.org/call-bind-apply-helpers/-/call-bind-apply-helpers-1.0.2.tgz 1ms (cache hit)
393 http cache call-bound@https://registry.npmjs.org/call-bound/-/call-bound-1.0.4.tgz 0ms (cache hit)
394 http cache get-intrinsic@https://registry.npmjs.org/get-intrinsic/-/get-intrinsic-1.3.0.tgz 0ms (cache hit)
395 http cache side-channel-weakmap@https://registry.npmjs.org/side-channel-weakmap/-/side-channel-weakmap-1.0.2.tgz 0ms (cache hit)
396 http cache side-channel-map@https://registry.npmjs.org/side-channel-map/-/side-channel-map-1.0.1.tgz 0ms (cache hit)
397 http cache side-channel-list@https://registry.npmjs.org/side-channel-list/-/side-channel-list-1.0.1.tgz 0ms (cache hit)
398 http cache object-inspect@https://registry.npmjs.org/object-inspect/-/object-inspect-1.13.4.tgz 0ms (cache hit)
399 http cache path-to-regexp@https://registry.npmjs.org/path-to-regexp/-/path-to-regexp-8.4.2.tgz 0ms (cache hit)
400 http cache unpipe@https://registry.npmjs.org/unpipe/-/unpipe-1.0.0.tgz 0ms (cache hit)
401 http cache es-errors@https://registry.npmjs.org/es-errors/-/es-errors-1.3.0.tgz 0ms (cache hit)
402 http cache is-promise@https://registry.npmjs.org/is-promise/-/is-promise-4.0.0.tgz 0ms (cache hit)
403 http cache side-channel@https://registry.npmjs.org/side-channel/-/side-channel-1.1.1.tgz 0ms (cache hit)
404 http cache es-define-property@https://registry.npmjs.org/es-define-property/-/es-define-property-1.0.1.tgz 1ms (cache hit)
405 http cache ipaddr.js@https://registry.npmjs.org/ipaddr.js/-/ipaddr.js-1.9.1.tgz 0ms (cache hit)
406 http cache forwarded@https://registry.npmjs.org/forwarded/-/forwarded-0.2.0.tgz 0ms (cache hit)
407 http cache wrappy@https://registry.npmjs.org/wrappy/-/wrappy-1.0.2.tgz 0ms (cache hit)
408 http cache mime-db@https://registry.npmjs.org/mime-db/-/mime-db-1.54.0.tgz 0ms (cache hit)
409 http cache ee-first@https://registry.npmjs.org/ee-first/-/ee-first-1.1.1.tgz 0ms (cache hit)
410 http cache inherits@https://registry.npmjs.org/inherits/-/inherits-2.0.4.tgz 0ms (cache hit)
411 http cache ip-address@https://registry.npmjs.org/ip-address/-/ip-address-10.2.0.tgz 1ms (cache hit)
412 http cache toidentifier@https://registry.npmjs.org/toidentifier/-/toidentifier-1.0.1.tgz 0ms (cache hit)
413 http cache setprototypeof@https://registry.npmjs.org/setprototypeof/-/setprototypeof-1.2.0.tgz 0ms (cache hit)
414 http cache ms@https://registry.npmjs.org/ms/-/ms-2.1.3.tgz 0ms (cache hit)
415 http cache raw-body@https://registry.npmjs.org/raw-body/-/raw-body-3.0.2.tgz 0ms (cache hit)
416 http cache iconv-lite@https://registry.npmjs.org/iconv-lite/-/iconv-lite-0.7.3.tgz 0ms (cache hit)
417 http cache bytes@https://registry.npmjs.org/bytes/-/bytes-3.1.2.tgz 0ms (cache hit)
418 http cache negotiator@https://registry.npmjs.org/negotiator/-/negotiator-1.0.0.tgz 0ms (cache hit)
419 http cache vary@https://registry.npmjs.org/vary/-/vary-1.1.2.tgz 1ms (cache hit)
420 http cache safer-buffer@https://registry.npmjs.org/safer-buffer/-/safer-buffer-2.1.2.tgz 0ms (cache hit)
421 http cache type-is@https://registry.npmjs.org/type-is/-/type-is-2.1.0.tgz 0ms (cache hit)
422 http cache statuses@https://registry.npmjs.org/statuses/-/statuses-2.0.2.tgz 1ms (cache hit)
423 http cache serve-static@https://registry.npmjs.org/serve-static/-/serve-static-2.2.1.tgz 0ms (cache hit)
424 http cache router@https://registry.npmjs.org/router/-/router-2.2.0.tgz 0ms (cache hit)
425 http cache range-parser@https://registry.npmjs.org/range-parser/-/range-parser-1.3.0.tgz 0ms (cache hit)
426 http cache qs@https://registry.npmjs.org/qs/-/qs-6.15.3.tgz 0ms (cache hit)
427 http cache proxy-addr@https://registry.npmjs.org/proxy-addr/-/proxy-addr-2.0.7.tgz 0ms (cache hit)
428 http cache parseurl@https://registry.npmjs.org/parseurl/-/parseurl-1.3.3.tgz 0ms (cache hit)
429 http cache send@https://registry.npmjs.org/send/-/send-1.2.1.tgz 0ms (cache hit)
430 http cache mime-types@https://registry.npmjs.org/mime-types/-/mime-types-3.0.2.tgz 1ms (cache hit)
431 http cache merge-descriptors@https://registry.npmjs.org/merge-descriptors/-/merge-descriptors-2.0.0.tgz 0ms (cache hit)
432 http cache http-errors@https://registry.npmjs.org/http-errors/-/http-errors-2.0.1.tgz 0ms (cache hit)
433 http cache fresh@https://registry.npmjs.org/fresh/-/fresh-2.0.0.tgz 0ms (cache hit)
434 http cache finalhandler@https://registry.npmjs.org/finalhandler/-/finalhandler-2.1.1.tgz 0ms (cache hit)
435 http cache etag@https://registry.npmjs.org/etag/-/etag-1.8.1.tgz 0ms (cache hit)
436 http cache escape-html@https://registry.npmjs.org/escape-html/-/escape-html-1.0.3.tgz 1ms (cache hit)
437 http cache encodeurl@https://registry.npmjs.org/encodeurl/-/encodeurl-2.0.0.tgz 1ms (cache hit)
438 http cache depd@https://registry.npmjs.org/depd/-/depd-2.0.0.tgz 0ms (cache hit)
439 http cache debug@https://registry.npmjs.org/debug/-/debug-4.4.3.tgz 1ms (cache hit)
440 http cache cookie-signature@https://registry.npmjs.org/cookie-signature/-/cookie-signature-1.2.2.tgz 1ms (cache hit)
441 http cache cookie@https://registry.npmjs.org/cookie/-/cookie-0.7.2.tgz 0ms (cache hit)
442 http cache content-type@https://registry.npmjs.org/content-type/-/content-type-1.0.5.tgz 1ms (cache hit)
443 http cache content-disposition@https://registry.npmjs.org/content-disposition/-/content-disposition-1.1.0.tgz 1ms (cache hit)
444 http cache body-parser@https://registry.npmjs.org/body-parser/-/body-parser-2.3.0.tgz 0ms (cache hit)
445 http cache accepts@https://registry.npmjs.org/accepts/-/accepts-2.0.0.tgz 0ms (cache hit)
446 http cache express-rate-limit@https://registry.npmjs.org/express-rate-limit/-/express-rate-limit-8.6.0.tgz 0ms (cache hit)
447 http cache express@https://registry.npmjs.org/express/-/express-5.2.1.tgz 0ms (cache hit)
448 http cache content-type@https://registry.npmjs.org/content-type/-/content-type-2.0.0.tgz 0ms (cache hit)
449 http cache content-type@https://registry.npmjs.org/content-type/-/content-type-2.0.0.tgz 0ms (cache hit)
450 http cache once@https://registry.npmjs.org/once/-/once-1.4.0.tgz 0ms (cache hit)
451 http cache on-finished@https://registry.npmjs.org/on-finished/-/on-finished-2.4.1.tgz 0ms (cache hit)
452 silly tarball no local data for express-rate-limit@https://registry.npmjs.org/express-rate-limit/-/express-rate-limit-8.6.0.tgz. Extracting by manifest.
453 http fetch GET 200 https://registry.npmjs.org/express-rate-limit/-/express-rate-limit-8.6.0.tgz 1938ms (cache miss)
454 silly ADD node_modules/media-typer
455 silly ADD node_modules/dunder-proto
456 silly ADD node_modules/math-intrinsics
457 silly ADD node_modules/hasown
458 silly ADD node_modules/has-symbols
459 silly ADD node_modules/gopd
460 silly ADD node_modules/get-proto
461 silly ADD node_modules/es-object-atoms
462 silly ADD node_modules/function-bind
463 silly ADD node_modules/call-bind-apply-helpers
464 silly ADD node_modules/get-intrinsic
465 silly ADD node_modules/call-bound
466 silly ADD node_modules/side-channel-weakmap
467 silly ADD node_modules/side-channel-map
468 silly ADD node_modules/side-channel-list
469 silly ADD node_modules/object-inspect
470 silly ADD node_modules/es-errors
471 silly ADD node_modules/path-to-regexp
472 silly ADD node_modules/is-promise
473 silly ADD node_modules/unpipe
474 silly ADD node_modules/side-channel
475 silly ADD node_modules/es-define-property
476 silly ADD node_modules/ipaddr.js
477 silly ADD node_modules/forwarded
478 silly ADD node_modules/wrappy
479 silly ADD node_modules/ee-first
480 silly ADD node_modules/mime-db
481 silly ADD node_modules/safer-buffer
482 silly ADD node_modules/toidentifier
483 silly ADD node_modules/setprototypeof
484 silly ADD node_modules/inherits
485 silly ADD node_modules/ip-address
486 silly ADD node_modules/ms
487 silly ADD node_modules/raw-body
488 silly ADD node_modules/iconv-lite
489 silly ADD node_modules/bytes
490 silly ADD node_modules/negotiator
491 silly ADD node_modules/vary
492 silly ADD node_modules/type-is
493 silly ADD node_modules/type-is/node_modules/content-type
494 silly ADD node_modules/statuses
495 silly ADD node_modules/serve-static
496 silly ADD node_modules/send
497 silly ADD node_modules/router
498 silly ADD node_modules/range-parser
499 silly ADD node_modules/qs
500 silly ADD node_modules/proxy-addr
501 silly ADD node_modules/parseurl
502 silly ADD node_modules/once
503 silly ADD node_modules/on-finished
504 silly ADD node_modules/mime-types
505 silly ADD node_modules/merge-descriptors
506 silly ADD node_modules/http-errors
507 silly ADD node_modules/fresh
508 silly ADD node_modules/finalhandler
509 silly ADD node_modules/etag
510 silly ADD node_modules/escape-html
511 silly ADD node_modules/encodeurl
512 silly ADD node_modules/depd
513 silly ADD node_modules/debug
514 silly ADD node_modules/cookie-signature
515 silly ADD node_modules/cookie
516 silly ADD node_modules/content-type
517 silly ADD node_modules/content-disposition
518 silly ADD node_modules/body-parser
519 silly ADD node_modules/body-parser/node_modules/content-type
520 silly ADD node_modules/accepts
521 silly ADD node_modules/express-rate-limit
522 silly ADD node_modules/express
523 verbose cwd /data/data/com.termux/files/home
524 verbose os Linux 4.19.191-27193134-abA037FXXS8CYE1
525 verbose node v26.3.1
526 verbose npm  v11.17.0
527 verbose exit 0
528 info ok
