0 verbose cli /data/data/com.termux/files/usr/bin/node /data/data/com.termux/files/usr/bin/npm
1 info using npm@11.17.0
2 info using node@v26.3.1
3 silly config load:file:/data/data/com.termux/files/usr/lib/node_modules/npm/npmrc
4 silly config load:file:/data/data/com.termux/files/home/.npmrc
5 silly config load:file:/data/data/com.termux/files/usr/etc/npmrc
6 verbose title npm install pm2
7 verbose argv "install" "--global" "pm2"
8 verbose logfile logs-max:10 dir:/data/data/com.termux/files/home/.npm/_logs/2026-07-20T06_28_01_728Z-
9 verbose logfile /data/data/com.termux/files/home/.npm/_logs/2026-07-20T06_28_01_728Z-debug-0.log
10 silly packumentCache heap:1091043328 maxSize:272760832 maxEntrySize:136380416
11 silly logfile start cleaning logs, removing 1 files
12 silly logfile done cleaning log files
13 silly idealTree buildDeps
14 silly fetch manifest pm2@*
15 silly packumentCache full:https://registry.npmjs.org/pm2 cache-miss
16 http fetch GET 200 https://registry.npmjs.org/pm2 1745ms (cache revalidated)
17 silly packumentCache full:https://registry.npmjs.org/pm2 set size:1067995 disposed:false
18 silly placeDep ROOT pm2@7.0.3 OK for:  want: *
19 silly fetch manifest @pm2/blessed@0.1.81
20 silly packumentCache full:https://registry.npmjs.org/@pm2%2fblessed cache-miss
21 silly fetch manifest @pm2/js-api@0.8.1
22 silly packumentCache full:https://registry.npmjs.org/@pm2%2fjs-api cache-miss
23 silly fetch manifest @pm2/pm2-version-check@1.0.4
24 silly packumentCache full:https://registry.npmjs.org/@pm2%2fpm2-version-check cache-miss
25 silly fetch manifest amp@0.3.1
26 silly packumentCache full:https://registry.npmjs.org/amp cache-miss
27 silly fetch manifest amp-message@0.1.2
28 silly packumentCache full:https://registry.npmjs.org/amp-message cache-miss
29 silly fetch manifest ansis@4.0.0-node10
30 silly packumentCache full:https://registry.npmjs.org/ansis cache-miss
31 silly fetch manifest async@3.2.6
32 silly packumentCache full:https://registry.npmjs.org/async cache-miss
33 http fetch GET 200 https://registry.npmjs.org/@pm2%2fpm2-version-check 337ms (cache revalidated)
34 silly packumentCache full:https://registry.npmjs.org/@pm2%2fpm2-version-check set size:11335 disposed:false
35 silly fetch manifest chokidar@3.6.0
36 silly packumentCache full:https://registry.npmjs.org/chokidar cache-miss
37 http fetch GET 200 https://registry.npmjs.org/chokidar 341ms (cache revalidated)
38 silly packumentCache full:https://registry.npmjs.org/chokidar set size:255902 disposed:false
39 silly fetch manifest cli-tableau@2.0.1
40 silly packumentCache full:https://registry.npmjs.org/cli-tableau cache-miss
41 http fetch GET 200 https://registry.npmjs.org/ansis 1027ms (cache revalidated)
42 silly packumentCache full:https://registry.npmjs.org/ansis set size:228409 disposed:false
43 silly fetch manifest commander@2.15.1
44 silly packumentCache full:https://registry.npmjs.org/commander cache-miss
45 http fetch GET 200 https://registry.npmjs.org/amp 1114ms (cache revalidated)
46 silly packumentCache full:https://registry.npmjs.org/amp set size:6794 disposed:false
47 silly fetch manifest croner@4.1.97
48 silly packumentCache full:https://registry.npmjs.org/croner cache-miss
49 http fetch GET 200 https://registry.npmjs.org/cli-tableau 387ms (cache revalidated)
50 silly packumentCache full:https://registry.npmjs.org/cli-tableau set size:9593 disposed:false
51 silly fetch manifest dayjs@1.11.15
52 silly packumentCache full:https://registry.npmjs.org/dayjs cache-miss
53 http fetch GET 200 https://registry.npmjs.org/@pm2%2fblessed 1166ms (cache revalidated)
54 silly packumentCache full:https://registry.npmjs.org/@pm2%2fblessed set size:70238 disposed:false
55 silly fetch manifest debug@4.4.3
56 silly packumentCache full:https://registry.npmjs.org/debug cache-miss
57 http fetch GET 200 https://registry.npmjs.org/amp-message 1160ms (cache revalidated)
58 silly packumentCache full:https://registry.npmjs.org/amp-message set size:6704 disposed:false
59 silly fetch manifest eventemitter2@6.4.9
60 silly packumentCache full:https://registry.npmjs.org/eventemitter2 cache-miss
61 http fetch GET 200 https://registry.npmjs.org/async 1168ms (cache revalidated)
62 silly packumentCache full:https://registry.npmjs.org/async set size:230482 disposed:false
63 silly fetch manifest fast-json-patch@3.1.1
64 silly packumentCache full:https://registry.npmjs.org/fast-json-patch cache-miss
65 http fetch GET 200 https://registry.npmjs.org/@pm2%2fjs-api 1254ms (cache revalidated)
66 silly packumentCache full:https://registry.npmjs.org/@pm2%2fjs-api set size:207785 disposed:false
67 silly fetch manifest js-yaml@4.3.0
68 silly packumentCache full:https://registry.npmjs.org/js-yaml cache-miss
69 http fetch GET 200 https://registry.npmjs.org/dayjs 416ms (cache revalidated)
70 silly packumentCache full:https://registry.npmjs.org/dayjs set size:489321 disposed:false
71 silly fetch manifest pidusage@4.0.1
72 silly packumentCache full:https://registry.npmjs.org/pidusage cache-miss
73 http fetch GET 200 https://registry.npmjs.org/commander 572ms (cache revalidated)
74 silly packumentCache full:https://registry.npmjs.org/commander set size:353115 disposed:false
75 silly fetch manifest pm2-deploy@1.0.2
76 silly packumentCache full:https://registry.npmjs.org/pm2-deploy cache-miss
77 http fetch GET 200 https://registry.npmjs.org/croner 585ms (cache revalidated)
78 silly packumentCache full:https://registry.npmjs.org/croner set size:728690 disposed:false
79 silly fetch manifest proxy-agent@6.5.0
80 silly packumentCache full:https://registry.npmjs.org/proxy-agent cache-miss
81 http fetch GET 200 https://registry.npmjs.org/debug 643ms (cache revalidated)
82 silly packumentCache full:https://registry.npmjs.org/debug set size:195840 disposed:false
83 silly fetch manifest semver@7.7.2
84 silly packumentCache full:https://registry.npmjs.org/semver cache-miss
85 http fetch GET 200 https://registry.npmjs.org/fast-json-patch 611ms (cache revalidated)
86 silly packumentCache full:https://registry.npmjs.org/fast-json-patch set size:129532 disposed:false
87 silly fetch manifest tx2@1.0.5
88 silly packumentCache full:https://registry.npmjs.org/tx2 cache-miss
89 http fetch GET 200 https://registry.npmjs.org/js-yaml 604ms (cache revalidated)
90 silly packumentCache full:https://registry.npmjs.org/js-yaml set size:171743 disposed:false
91 silly fetch manifest ws@8.21.0
92 silly packumentCache full:https://registry.npmjs.org/ws cache-miss
93 http fetch GET 200 https://registry.npmjs.org/eventemitter2 743ms (cache revalidated)
94 silly packumentCache full:https://registry.npmjs.org/eventemitter2 set size:172525 disposed:false
95 http fetch GET 200 https://registry.npmjs.org/pidusage 620ms (cache revalidated)
96 silly packumentCache full:https://registry.npmjs.org/pidusage set size:110982 disposed:false
97 http fetch GET 200 https://registry.npmjs.org/proxy-agent 485ms (cache revalidated)
98 silly packumentCache full:https://registry.npmjs.org/proxy-agent set size:81277 disposed:false
99 http fetch GET 200 https://registry.npmjs.org/pm2-deploy 607ms (cache revalidated)
100 silly packumentCache full:https://registry.npmjs.org/pm2-deploy set size:43474 disposed:false
101 http fetch GET 200 https://registry.npmjs.org/ws 415ms (cache revalidated)
102 silly packumentCache full:https://registry.npmjs.org/ws set size:426890 disposed:false
103 http fetch GET 200 https://registry.npmjs.org/semver 603ms (cache revalidated)
104 silly packumentCache full:https://registry.npmjs.org/semver set size:246069 disposed:false
105 http fetch GET 200 https://registry.npmjs.org/tx2 613ms (cache revalidated)
106 silly packumentCache full:https://registry.npmjs.org/tx2 set size:7551 disposed:false
107 silly fetch manifest bufferutil@^4.0.1
108 silly packumentCache full:https://registry.npmjs.org/bufferutil cache-miss
109 http fetch GET 200 https://registry.npmjs.org/bufferutil 266ms (cache revalidated)
110 silly packumentCache full:https://registry.npmjs.org/bufferutil set size:52763 disposed:false
111 silly fetch manifest utf-8-validate@>=5.0.2
112 silly packumentCache full:https://registry.npmjs.org/utf-8-validate cache-miss
113 http fetch GET 200 https://registry.npmjs.org/utf-8-validate 258ms (cache revalidated)
114 silly packumentCache full:https://registry.npmjs.org/utf-8-validate set size:77148 disposed:false
115 silly placeDep node_modules/pm2 @pm2/blessed@0.1.81 OK for: pm2@7.0.3 want: 0.1.81
116 silly placeDep node_modules/pm2 @pm2/js-api@0.8.1 OK for: pm2@7.0.3 want: 0.8.1
117 silly placeDep node_modules/pm2 @pm2/pm2-version-check@1.0.4 OK for: pm2@7.0.3 want: 1.0.4
118 silly placeDep node_modules/pm2 amp@0.3.1 OK for: pm2@7.0.3 want: 0.3.1
119 silly placeDep node_modules/pm2 amp-message@0.1.2 OK for: pm2@7.0.3 want: 0.1.2
120 silly placeDep node_modules/pm2 ansis@4.0.0-node10 OK for: pm2@7.0.3 want: 4.0.0-node10
121 silly placeDep node_modules/pm2 async@3.2.6 OK for: pm2@7.0.3 want: 3.2.6
122 silly placeDep node_modules/pm2 chokidar@3.6.0 OK for: pm2@7.0.3 want: 3.6.0
123 silly placeDep node_modules/pm2 cli-tableau@2.0.1 OK for: pm2@7.0.3 want: 2.0.1
124 silly placeDep node_modules/pm2 commander@2.15.1 OK for: pm2@7.0.3 want: 2.15.1
125 silly placeDep node_modules/pm2 croner@4.1.97 OK for: pm2@7.0.3 want: 4.1.97
126 silly placeDep node_modules/pm2 dayjs@1.11.15 OK for: pm2@7.0.3 want: 1.11.15
127 silly placeDep node_modules/pm2 debug@4.4.3 OK for: pm2@7.0.3 want: 4.4.3
128 silly placeDep node_modules/pm2 eventemitter2@6.4.9 OK for: pm2@7.0.3 want: 6.4.9
129 silly placeDep node_modules/pm2 fast-json-patch@3.1.1 OK for: pm2@7.0.3 want: 3.1.1
130 silly placeDep node_modules/pm2 js-yaml@4.3.0 OK for: pm2@7.0.3 want: 4.3.0
131 silly placeDep node_modules/pm2 pidusage@4.0.1 OK for: pm2@7.0.3 want: 4.0.1
132 silly placeDep node_modules/pm2 pm2-deploy@1.0.2 OK for: pm2@7.0.3 want: 1.0.2
133 silly placeDep node_modules/pm2 proxy-agent@6.5.0 OK for: pm2@7.0.3 want: 6.5.0
134 silly placeDep node_modules/pm2 semver@7.7.2 OK for: pm2@7.0.3 want: 7.7.2
135 silly placeDep node_modules/pm2 tx2@1.0.5 OK for: pm2@7.0.3 want: 1.0.5
136 silly placeDep node_modules/pm2 ws@8.21.0 OK for: pm2@7.0.3 want: 8.21.0
137 silly fetch manifest async@^2.6.3
138 silly packumentCache full:https://registry.npmjs.org/async cache-hit
139 silly fetch manifest extrareqp2@^1.0.0
140 silly packumentCache full:https://registry.npmjs.org/extrareqp2 cache-miss
141 silly fetch manifest debug@~4.3.1
142 silly packumentCache full:https://registry.npmjs.org/debug cache-hit
143 silly fetch manifest eventemitter2@^6.3.1
144 silly packumentCache full:https://registry.npmjs.org/eventemitter2 cache-hit
145 silly fetch manifest ws@^8.21.0
146 silly packumentCache full:https://registry.npmjs.org/ws cache-hit
147 silly fetch manifest debug@^4.3.1
148 silly packumentCache full:https://registry.npmjs.org/debug cache-hit
149 silly fetch manifest braces@~3.0.2
150 silly packumentCache full:https://registry.npmjs.org/braces cache-miss
151 silly fetch manifest is-glob@~4.0.1
152 silly packumentCache full:https://registry.npmjs.org/is-glob cache-miss
153 silly fetch manifest anymatch@~3.1.2
154 silly packumentCache full:https://registry.npmjs.org/anymatch cache-miss
155 silly fetch manifest readdirp@~3.6.0
156 silly packumentCache full:https://registry.npmjs.org/readdirp cache-miss
157 silly fetch manifest glob-parent@~5.1.2
158 silly packumentCache full:https://registry.npmjs.org/glob-parent cache-miss
159 silly fetch manifest is-binary-path@~2.1.0
160 silly packumentCache full:https://registry.npmjs.org/is-binary-path cache-miss
161 http fetch GET 200 https://registry.npmjs.org/braces 326ms (cache revalidated)
162 silly packumentCache full:https://registry.npmjs.org/braces set size:114529 disposed:false
163 silly fetch manifest normalize-path@~3.0.0
164 silly packumentCache full:https://registry.npmjs.org/normalize-path cache-miss
165 http fetch GET 200 https://registry.npmjs.org/readdirp 390ms (cache revalidated)
166 silly packumentCache full:https://registry.npmjs.org/readdirp set size:107589 disposed:false
167 silly fetch manifest fsevents@~2.3.2
168 silly packumentCache full:https://registry.npmjs.org/fsevents cache-miss
169 http fetch GET 200 https://registry.npmjs.org/is-glob 441ms (cache revalidated)
170 silly packumentCache full:https://registry.npmjs.org/is-glob set size:40530 disposed:false
171 silly fetch manifest chalk@3.0.0
172 silly packumentCache full:https://registry.npmjs.org/chalk cache-miss
173 http fetch GET 200 https://registry.npmjs.org/glob-parent 447ms (cache revalidated)
174 silly packumentCache full:https://registry.npmjs.org/glob-parent set size:42445 disposed:false
175 silly fetch manifest ms@^2.1.3
176 silly packumentCache full:https://registry.npmjs.org/ms cache-miss
177 http fetch GET 200 https://registry.npmjs.org/anymatch 488ms (cache revalidated)
178 silly packumentCache full:https://registry.npmjs.org/anymatch set size:42974 disposed:false
179 silly fetch manifest argparse@^2.0.1
180 silly packumentCache full:https://registry.npmjs.org/argparse cache-miss
181 http fetch GET 200 https://registry.npmjs.org/is-binary-path 485ms (cache revalidated)
182 silly packumentCache full:https://registry.npmjs.org/is-binary-path set size:13475 disposed:false
183 silly fetch manifest safe-buffer@^5.2.1
184 silly packumentCache full:https://registry.npmjs.org/safe-buffer cache-miss
185 http fetch GET 200 https://registry.npmjs.org/extrareqp2 609ms (cache revalidated)
186 silly packumentCache full:https://registry.npmjs.org/extrareqp2 set size:33058 disposed:false
187 silly fetch manifest tv4@^1.3.0
188 silly packumentCache full:https://registry.npmjs.org/tv4 cache-miss
189 http fetch GET 200 https://registry.npmjs.org/normalize-path 438ms (cache revalidated)
190 silly packumentCache full:https://registry.npmjs.org/normalize-path set size:28713 disposed:false
191 silly fetch manifest run-series@^1.1.8
192 silly packumentCache full:https://registry.npmjs.org/run-series cache-miss
193 http fetch GET 200 https://registry.npmjs.org/fsevents 393ms (cache revalidated)
194 silly packumentCache full:https://registry.npmjs.org/fsevents set size:182472 disposed:false
195 silly fetch manifest lru-cache@^7.14.1
196 silly packumentCache full:https://registry.npmjs.org/lru-cache cache-miss
197 http fetch GET 200 https://registry.npmjs.org/argparse 405ms (cache revalidated)
198 silly packumentCache full:https://registry.npmjs.org/argparse set size:51348 disposed:false
199 silly fetch manifest agent-base@^7.1.2
200 silly packumentCache full:https://registry.npmjs.org/agent-base cache-miss
201 http fetch GET 200 https://registry.npmjs.org/ms 450ms (cache revalidated)
202 silly packumentCache full:https://registry.npmjs.org/ms set size:92208 disposed:false
203 silly fetch manifest proxy-from-env@^1.1.0
204 silly packumentCache full:https://registry.npmjs.org/proxy-from-env cache-miss
205 http fetch GET 200 https://registry.npmjs.org/safe-buffer 436ms (cache revalidated)
206 silly packumentCache full:https://registry.npmjs.org/safe-buffer set size:41183 disposed:false
207 silly fetch manifest pac-proxy-agent@^7.1.0
208 silly packumentCache full:https://registry.npmjs.org/pac-proxy-agent cache-miss
209 http fetch GET 200 https://registry.npmjs.org/tv4 411ms (cache revalidated)
210 silly packumentCache full:https://registry.npmjs.org/tv4 set size:84466 disposed:false
211 silly fetch manifest http-proxy-agent@^7.0.1
212 silly packumentCache full:https://registry.npmjs.org/http-proxy-agent cache-miss
213 http fetch GET 200 https://registry.npmjs.org/chalk 538ms (cache revalidated)
214 silly packumentCache full:https://registry.npmjs.org/chalk set size:117861 disposed:false
215 silly fetch manifest https-proxy-agent@^7.0.6
216 silly packumentCache full:https://registry.npmjs.org/https-proxy-agent cache-miss
217 http fetch GET 200 https://registry.npmjs.org/run-series 329ms (cache revalidated)
218 silly packumentCache full:https://registry.npmjs.org/run-series set size:35375 disposed:false
219 silly fetch manifest socks-proxy-agent@^8.0.5
220 silly packumentCache full:https://registry.npmjs.org/socks-proxy-agent cache-miss
221 http fetch GET 200 https://registry.npmjs.org/lru-cache 448ms (cache revalidated)
222 silly packumentCache full:https://registry.npmjs.org/lru-cache set size:460407 disposed:false
223 silly fetch manifest json-stringify-safe@^5.0.1
224 silly packumentCache full:https://registry.npmjs.org/json-stringify-safe cache-miss
225 http fetch GET 200 https://registry.npmjs.org/proxy-from-env 431ms (cache revalidated)
226 silly packumentCache full:https://registry.npmjs.org/proxy-from-env set size:21422 disposed:false
227 http fetch GET 200 https://registry.npmjs.org/agent-base 528ms (cache revalidated)
228 silly packumentCache full:https://registry.npmjs.org/agent-base set size:72085 disposed:false
229 http fetch GET 200 https://registry.npmjs.org/pac-proxy-agent 506ms (cache revalidated)
230 silly packumentCache full:https://registry.npmjs.org/pac-proxy-agent set size:69698 disposed:false
231 http fetch GET 200 https://registry.npmjs.org/socks-proxy-agent 359ms (cache revalidated)
232 silly packumentCache full:https://registry.npmjs.org/socks-proxy-agent set size:108698 disposed:false
233 http fetch GET 200 https://registry.npmjs.org/http-proxy-agent 554ms (cache revalidated)
234 silly packumentCache full:https://registry.npmjs.org/http-proxy-agent set size:57253 disposed:false
235 http fetch GET 200 https://registry.npmjs.org/https-proxy-agent 538ms (cache revalidated)
236 silly packumentCache full:https://registry.npmjs.org/https-proxy-agent set size:83792 disposed:false
237 http fetch GET 200 https://registry.npmjs.org/json-stringify-safe 443ms (cache revalidated)
238 silly packumentCache full:https://registry.npmjs.org/json-stringify-safe set size:8806 disposed:false
239 silly placeDep node_modules/pm2/node_modules/@pm2/js-api async@2.6.4 OK for: @pm2/js-api@0.8.1 want: ^2.6.3
240 silly placeDep node_modules/pm2/node_modules/@pm2/js-api debug@4.3.7 OK for: @pm2/js-api@0.8.1 want: ~4.3.1
241 silly placeDep node_modules/pm2 extrareqp2@1.0.0 OK for: @pm2/js-api@0.8.1 want: ^1.0.0
242 silly fetch manifest lodash@^4.17.14
243 silly packumentCache full:https://registry.npmjs.org/lodash cache-miss
244 silly fetch manifest follow-redirects@^1.14.0
245 silly packumentCache full:https://registry.npmjs.org/follow-redirects cache-miss
246 http fetch GET 200 https://registry.npmjs.org/follow-redirects 377ms (cache revalidated)
247 silly packumentCache full:https://registry.npmjs.org/follow-redirects set size:188945 disposed:false
248 http fetch GET 200 https://registry.npmjs.org/lodash 474ms (cache updated)
249 silly packumentCache full:https://registry.npmjs.org/lodash set size:undefined disposed:false
250 silly placeDep node_modules/pm2 anymatch@3.1.3 OK for: chokidar@3.6.0 want: ~3.1.2
251 silly placeDep node_modules/pm2 braces@3.0.3 OK for: chokidar@3.6.0 want: ~3.0.2
252 silly placeDep node_modules/pm2 fsevents@2.3.3 OK for: chokidar@3.6.0 want: ~2.3.2
253 silly placeDep node_modules/pm2 glob-parent@5.1.2 OK for: chokidar@3.6.0 want: ~5.1.2
254 silly placeDep node_modules/pm2 is-binary-path@2.1.0 OK for: chokidar@3.6.0 want: ~2.1.0
255 silly placeDep node_modules/pm2 is-glob@4.0.3 OK for: chokidar@3.6.0 want: ~4.0.1
256 silly placeDep node_modules/pm2 normalize-path@3.0.0 OK for: chokidar@3.6.0 want: ~3.0.0
257 silly placeDep node_modules/pm2 readdirp@3.6.0 OK for: chokidar@3.6.0 want: ~3.6.0
258 silly fetch manifest picomatch@^2.0.4
259 silly packumentCache full:https://registry.npmjs.org/picomatch cache-miss
260 silly fetch manifest normalize-path@^3.0.0
261 silly packumentCache full:https://registry.npmjs.org/normalize-path cache-hit
262 silly fetch manifest fill-range@^7.1.1
263 silly packumentCache full:https://registry.npmjs.org/fill-range cache-miss
264 silly fetch manifest is-glob@^4.0.1
265 silly packumentCache full:https://registry.npmjs.org/is-glob cache-hit
266 silly fetch manifest binary-extensions@^2.0.0
267 silly packumentCache full:https://registry.npmjs.org/binary-extensions cache-miss
268 silly fetch manifest is-extglob@^2.1.1
269 silly packumentCache full:https://registry.npmjs.org/is-extglob cache-miss
270 silly fetch manifest picomatch@^2.2.1
271 silly packumentCache full:https://registry.npmjs.org/picomatch cache-miss
272 http fetch GET 200 https://registry.npmjs.org/picomatch 271ms (cache revalidated)
273 silly packumentCache full:https://registry.npmjs.org/picomatch set size:128942 disposed:false
274 http fetch GET 200 https://registry.npmjs.org/picomatch 362ms (cache revalidated)
275 silly packumentCache full:https://registry.npmjs.org/picomatch set size:128942 disposed:false
276 silly packumentCache full:https://registry.npmjs.org/picomatch dispose
277 http fetch GET 200 https://registry.npmjs.org/is-extglob 366ms (cache revalidated)
278 silly packumentCache full:https://registry.npmjs.org/is-extglob set size:11766 disposed:false
279 http fetch GET 200 https://registry.npmjs.org/fill-range 392ms (cache revalidated)
280 silly packumentCache full:https://registry.npmjs.org/fill-range set size:90162 disposed:false
281 http fetch GET 200 https://registry.npmjs.org/binary-extensions 407ms (cache revalidated)
282 silly packumentCache full:https://registry.npmjs.org/binary-extensions set size:51551 disposed:false
283 silly placeDep node_modules/pm2 picomatch@2.3.2 OK for: anymatch@3.1.3 want: ^2.0.4
284 silly placeDep node_modules/pm2 fill-range@7.1.1 OK for: braces@3.0.3 want: ^7.1.1
285 silly fetch manifest to-regex-range@^5.0.1
286 silly packumentCache full:https://registry.npmjs.org/to-regex-range cache-miss
287 http fetch GET 200 https://registry.npmjs.org/to-regex-range 310ms (cache revalidated)
288 silly packumentCache full:https://registry.npmjs.org/to-regex-range set size:61569 disposed:false
289 silly placeDep node_modules/pm2 chalk@3.0.0 OK for: cli-tableau@2.0.1 want: 3.0.0
290 silly fetch manifest ansi-styles@^4.1.0
291 silly packumentCache full:https://registry.npmjs.org/ansi-styles cache-miss
292 silly fetch manifest supports-color@^7.1.0
293 silly packumentCache full:https://registry.npmjs.org/supports-color cache-miss
294 http fetch GET 200 https://registry.npmjs.org/supports-color 324ms (cache revalidated)
295 silly packumentCache full:https://registry.npmjs.org/supports-color set size:118680 disposed:false
296 http fetch GET 200 https://registry.npmjs.org/ansi-styles 369ms (cache revalidated)
297 silly packumentCache full:https://registry.npmjs.org/ansi-styles set size:63233 disposed:false
298 silly placeDep node_modules/pm2 ansi-styles@4.3.0 OK for: chalk@3.0.0 want: ^4.1.0
299 silly placeDep node_modules/pm2 supports-color@7.2.0 OK for: chalk@3.0.0 want: ^7.1.0
300 silly fetch manifest color-convert@^2.0.1
301 silly packumentCache full:https://registry.npmjs.org/color-convert cache-miss
302 silly fetch manifest has-flag@^4.0.0
303 silly packumentCache full:https://registry.npmjs.org/has-flag cache-miss
304 http fetch GET 200 https://registry.npmjs.org/color-convert 259ms (cache revalidated)
305 silly packumentCache full:https://registry.npmjs.org/color-convert set size:72663 disposed:false
306 http fetch GET 200 https://registry.npmjs.org/has-flag 278ms (cache revalidated)
307 silly packumentCache full:https://registry.npmjs.org/has-flag set size:15180 disposed:false
308 silly placeDep node_modules/pm2 color-convert@2.0.1 OK for: ansi-styles@4.3.0 want: ^2.0.1
309 silly fetch manifest color-name@~1.1.4
310 silly packumentCache full:https://registry.npmjs.org/color-name cache-miss
311 http fetch GET 200 https://registry.npmjs.org/color-name 244ms (cache revalidated)
312 silly packumentCache full:https://registry.npmjs.org/color-name set size:19467 disposed:false
313 silly placeDep node_modules/pm2 color-name@1.1.4 OK for: color-convert@2.0.1 want: ~1.1.4
314 silly placeDep node_modules/pm2 ms@2.1.3 OK for: debug@4.4.3 want: ^2.1.3
315 silly placeDep node_modules/pm2 follow-redirects@1.16.0 OK for: extrareqp2@1.0.0 want: ^1.14.0
316 silly placeDep node_modules/pm2 to-regex-range@5.0.1 OK for: fill-range@7.1.1 want: ^5.0.1
317 silly fetch manifest is-number@^7.0.0
318 silly packumentCache full:https://registry.npmjs.org/is-number cache-miss
319 http fetch GET 200 https://registry.npmjs.org/is-number 283ms (cache revalidated)
320 silly packumentCache full:https://registry.npmjs.org/is-number set size:36183 disposed:false
321 silly placeDep node_modules/pm2 binary-extensions@2.3.0 OK for: is-binary-path@2.1.0 want: ^2.0.0
322 silly placeDep node_modules/pm2 is-extglob@2.1.1 OK for: is-glob@4.0.3 want: ^2.1.1
323 silly placeDep node_modules/pm2 argparse@2.0.1 OK for: js-yaml@4.3.0 want: ^2.0.1
324 silly placeDep node_modules/pm2 safe-buffer@5.2.1 OK for: pidusage@4.0.1 want: ^5.2.1
325 silly placeDep node_modules/pm2 run-series@1.1.9 OK for: pm2-deploy@1.0.2 want: ^1.1.8
326 silly placeDep node_modules/pm2 tv4@1.3.0 OK for: pm2-deploy@1.0.2 want: ^1.3.0
327 silly placeDep node_modules/pm2 agent-base@7.1.4 OK for: proxy-agent@6.5.0 want: ^7.1.2
328 silly placeDep node_modules/pm2 http-proxy-agent@7.0.2 OK for: proxy-agent@6.5.0 want: ^7.0.1
329 silly placeDep node_modules/pm2 https-proxy-agent@7.0.6 OK for: proxy-agent@6.5.0 want: ^7.0.6
330 silly placeDep node_modules/pm2 lru-cache@7.18.3 OK for: proxy-agent@6.5.0 want: ^7.14.1
331 silly placeDep node_modules/pm2 pac-proxy-agent@7.2.0 OK for: proxy-agent@6.5.0 want: ^7.1.0
332 silly placeDep node_modules/pm2 proxy-from-env@1.1.0 OK for: proxy-agent@6.5.0 want: ^1.1.0
333 silly placeDep node_modules/pm2 socks-proxy-agent@8.0.5 OK for: proxy-agent@6.5.0 want: ^8.0.5
334 silly fetch manifest get-uri@^6.0.1
335 silly packumentCache full:https://registry.npmjs.org/get-uri cache-miss
336 silly fetch manifest pac-resolver@^7.0.1
337 silly packumentCache full:https://registry.npmjs.org/pac-resolver cache-miss
338 silly fetch manifest @tootallnate/quickjs-emscripten@^0.23.0
339 silly packumentCache full:https://registry.npmjs.org/@tootallnate%2fquickjs-emscripten cache-miss
340 silly fetch manifest socks@^2.8.3
341 silly packumentCache full:https://registry.npmjs.org/socks cache-miss
342 http fetch GET 200 https://registry.npmjs.org/pac-resolver 326ms (cache revalidated)
343 silly packumentCache full:https://registry.npmjs.org/pac-resolver set size:61269 disposed:false
344 http fetch GET 200 https://registry.npmjs.org/get-uri 349ms (cache revalidated)
345 silly packumentCache full:https://registry.npmjs.org/get-uri set size:64835 disposed:false
346 http fetch GET 200 https://registry.npmjs.org/@tootallnate%2fquickjs-emscripten 356ms (cache revalidated)
347 silly packumentCache full:https://registry.npmjs.org/@tootallnate%2fquickjs-emscripten set size:27622 disposed:false
348 http fetch GET 200 https://registry.npmjs.org/socks 362ms (cache revalidated)
349 silly packumentCache full:https://registry.npmjs.org/socks set size:173143 disposed:false
350 silly placeDep node_modules/pm2 @tootallnate/quickjs-emscripten@0.23.0 OK for: pac-proxy-agent@7.2.0 want: ^0.23.0
351 silly placeDep node_modules/pm2 get-uri@6.0.5 OK for: pac-proxy-agent@7.2.0 want: ^6.0.1
352 silly placeDep node_modules/pm2 pac-resolver@7.0.1 OK for: pac-proxy-agent@7.2.0 want: ^7.0.1
353 silly fetch manifest basic-ftp@^5.0.2
354 silly packumentCache full:https://registry.npmjs.org/basic-ftp cache-miss
355 silly fetch manifest data-uri-to-buffer@^6.0.2
356 silly packumentCache full:https://registry.npmjs.org/data-uri-to-buffer cache-miss
357 silly fetch manifest netmask@^2.0.2
358 silly packumentCache full:https://registry.npmjs.org/netmask cache-miss
359 silly fetch manifest degenerator@^5.0.0
360 silly packumentCache full:https://registry.npmjs.org/degenerator cache-miss
361 http fetch GET 200 https://registry.npmjs.org/netmask 274ms (cache revalidated)
362 silly packumentCache full:https://registry.npmjs.org/netmask set size:25703 disposed:false
363 http fetch GET 200 https://registry.npmjs.org/basic-ftp 323ms (cache revalidated)
364 silly packumentCache full:https://registry.npmjs.org/basic-ftp set size:297552 disposed:false
365 http fetch GET 200 https://registry.npmjs.org/data-uri-to-buffer 356ms (cache revalidated)
366 silly packumentCache full:https://registry.npmjs.org/data-uri-to-buffer set size:48018 disposed:false
367 http fetch GET 200 https://registry.npmjs.org/degenerator 368ms (cache revalidated)
368 silly packumentCache full:https://registry.npmjs.org/degenerator set size:77133 disposed:false
369 silly placeDep node_modules/pm2 basic-ftp@5.3.1 OK for: get-uri@6.0.5 want: ^5.0.2
370 silly placeDep node_modules/pm2 data-uri-to-buffer@6.0.2 OK for: get-uri@6.0.5 want: ^6.0.2
371 silly placeDep node_modules/pm2 degenerator@5.0.1 OK for: pac-resolver@7.0.1 want: ^5.0.0
372 silly placeDep node_modules/pm2 netmask@2.1.1 OK for: pac-resolver@7.0.1 want: ^2.0.2
373 silly fetch manifest esprima@^4.0.1
374 silly packumentCache full:https://registry.npmjs.org/esprima cache-miss
375 silly fetch manifest ast-types@^0.13.4
376 silly packumentCache full:https://registry.npmjs.org/ast-types cache-miss
377 silly fetch manifest escodegen@^2.1.0
378 silly packumentCache full:https://registry.npmjs.org/escodegen cache-miss
379 http fetch GET 200 https://registry.npmjs.org/ast-types 312ms (cache revalidated)
380 silly packumentCache full:https://registry.npmjs.org/ast-types set size:443020 disposed:false
381 http fetch GET 200 https://registry.npmjs.org/esprima 360ms (cache revalidated)
382 silly packumentCache full:https://registry.npmjs.org/esprima set size:118410 disposed:false
383 http fetch GET 200 https://registry.npmjs.org/escodegen 381ms (cache revalidated)
384 silly packumentCache full:https://registry.npmjs.org/escodegen set size:119723 disposed:false
385 silly placeDep node_modules/pm2 ast-types@0.13.4 OK for: degenerator@5.0.1 want: ^0.13.4
386 silly placeDep node_modules/pm2 escodegen@2.1.0 OK for: degenerator@5.0.1 want: ^2.1.0
387 silly placeDep node_modules/pm2 esprima@4.0.1 OK for: degenerator@5.0.1 want: ^4.0.1
388 silly fetch manifest tslib@^2.0.1
389 silly packumentCache full:https://registry.npmjs.org/tslib cache-miss
390 silly fetch manifest estraverse@^5.2.0
391 silly packumentCache full:https://registry.npmjs.org/estraverse cache-miss
392 silly fetch manifest esutils@^2.0.2
393 silly packumentCache full:https://registry.npmjs.org/esutils cache-miss
394 silly fetch manifest source-map@~0.6.1
395 silly packumentCache full:https://registry.npmjs.org/source-map cache-miss
396 http fetch GET 200 https://registry.npmjs.org/tslib 382ms (cache revalidated)
397 silly packumentCache full:https://registry.npmjs.org/tslib set size:108843 disposed:false
398 http fetch GET 200 https://registry.npmjs.org/estraverse 397ms (cache revalidated)
399 silly packumentCache full:https://registry.npmjs.org/estraverse set size:62412 disposed:false
400 http fetch GET 200 https://registry.npmjs.org/esutils 419ms (cache revalidated)
401 silly packumentCache full:https://registry.npmjs.org/esutils set size:29522 disposed:false
402 http fetch GET 200 https://registry.npmjs.org/source-map 472ms (cache updated)
403 silly packumentCache full:https://registry.npmjs.org/source-map set size:undefined disposed:false
404 silly placeDep node_modules/pm2 tslib@2.8.1 OK for: ast-types@0.13.4 want: ^2.0.1
405 silly placeDep node_modules/pm2 estraverse@5.3.0 OK for: escodegen@2.1.0 want: ^5.2.0
406 silly placeDep node_modules/pm2 esutils@2.0.3 OK for: escodegen@2.1.0 want: ^2.0.2
407 silly placeDep node_modules/pm2 source-map@0.6.1 OK for: escodegen@2.1.0 want: ~0.6.1
408 silly placeDep node_modules/pm2 socks@2.8.9 OK for: socks-proxy-agent@8.0.5 want: ^2.8.3
409 silly fetch manifest ip-address@^10.1.1
410 silly packumentCache full:https://registry.npmjs.org/ip-address cache-miss
411 silly fetch manifest smart-buffer@^4.2.0
412 silly packumentCache full:https://registry.npmjs.org/smart-buffer cache-miss
413 http fetch GET 200 https://registry.npmjs.org/smart-buffer 275ms (cache revalidated)
414 silly packumentCache full:https://registry.npmjs.org/smart-buffer set size:87065 disposed:false
415 http fetch GET 200 https://registry.npmjs.org/ip-address 299ms (cache revalidated)
416 silly packumentCache full:https://registry.npmjs.org/ip-address set size:171530 disposed:false
417 silly placeDep node_modules/pm2 ip-address@10.2.0 OK for: socks@2.8.9 want: ^10.1.1
418 silly placeDep node_modules/pm2 smart-buffer@4.2.0 OK for: socks@2.8.9 want: ^4.2.0
419 silly placeDep node_modules/pm2 has-flag@4.0.0 OK for: supports-color@7.2.0 want: ^4.0.0
420 silly placeDep node_modules/pm2 is-number@7.0.0 OK for: to-regex-range@5.0.1 want: ^7.0.0
421 silly placeDep node_modules/pm2 json-stringify-safe@5.0.1 OK for: tx2@1.0.5 want: ^5.0.1
422 silly placeDep node_modules/pm2 lodash@4.18.1 OK for: async@2.6.4 want: ^4.17.14
423 silly reify mark retired [
423 silly reify   '/data/data/com.termux/files/usr/lib/node_modules/pm2',
423 silly reify   '/data/data/com.termux/files/usr/bin/pm2',
423 silly reify   '/data/data/com.termux/files/usr/bin/pm2-dev',
423 silly reify   '/data/data/com.termux/files/usr/bin/pm2-docker',
423 silly reify   '/data/data/com.termux/files/usr/bin/pm2-runtime'
423 silly reify ]
424 silly reify moves {
424 silly reify   '/data/data/com.termux/files/usr/lib/node_modules/pm2': '/data/data/com.termux/files/usr/lib/node_modules/.pm2-FlVkszcj',
424 silly reify   '/data/data/com.termux/files/usr/bin/pm2': '/data/data/com.termux/files/usr/bin/.pm2-FRQaDvuS',
424 silly reify   '/data/data/com.termux/files/usr/bin/pm2-dev': '/data/data/com.termux/files/usr/bin/.pm2-dev-s4GlCs4K',
424 silly reify   '/data/data/com.termux/files/usr/bin/pm2-docker': '/data/data/com.termux/files/usr/bin/.pm2-docker-W0zuDwcB',
424 silly reify   '/data/data/com.termux/files/usr/bin/pm2-runtime': '/data/data/com.termux/files/usr/bin/.pm2-runtime-fy9YiYfS'
424 silly reify }
425 http cache pm2@https://registry.npmjs.org/pm2/-/pm2-7.0.3.tgz 0ms (cache hit)
426 http cache @tootallnate/quickjs-emscripten@https://registry.npmjs.org/@tootallnate/quickjs-emscripten/-/quickjs-emscripten-0.23.0.tgz 0ms (cache hit)
427 http cache @pm2/js-api@https://registry.npmjs.org/@pm2/js-api/-/js-api-0.8.1.tgz 0ms (cache hit)
428 http cache @pm2/pm2-version-check@https://registry.npmjs.org/@pm2/pm2-version-check/-/pm2-version-check-1.0.4.tgz 0ms (cache hit)
429 http cache async@https://registry.npmjs.org/async/-/async-2.6.4.tgz 0ms (cache hit)
430 http cache debug@https://registry.npmjs.org/debug/-/debug-4.3.7.tgz 0ms (cache hit)
431 http cache @pm2/blessed@https://registry.npmjs.org/@pm2/blessed/-/blessed-0.1.81.tgz 0ms (cache hit)
432 http cache ws@https://registry.npmjs.org/ws/-/ws-8.21.0.tgz 0ms (cache hit)
433 http cache tx2@https://registry.npmjs.org/tx2/-/tx2-1.0.5.tgz 0ms (cache hit)
434 http cache tv4@https://registry.npmjs.org/tv4/-/tv4-1.3.0.tgz 0ms (cache hit)
435 http cache to-regex-range@https://registry.npmjs.org/to-regex-range/-/to-regex-range-5.0.1.tgz 0ms (cache hit)
436 http cache tslib@https://registry.npmjs.org/tslib/-/tslib-2.8.1.tgz 1ms (cache hit)
437 http cache source-map@https://registry.npmjs.org/source-map/-/source-map-0.6.1.tgz 0ms (cache hit)
438 http cache supports-color@https://registry.npmjs.org/supports-color/-/supports-color-7.2.0.tgz 0ms (cache hit)
439 http cache socks@https://registry.npmjs.org/socks/-/socks-2.8.9.tgz 0ms (cache hit)
440 http cache socks-proxy-agent@https://registry.npmjs.org/socks-proxy-agent/-/socks-proxy-agent-8.0.5.tgz 1ms (cache hit)
441 http cache smart-buffer@https://registry.npmjs.org/smart-buffer/-/smart-buffer-4.2.0.tgz 0ms (cache hit)
442 http cache semver@https://registry.npmjs.org/semver/-/semver-7.7.2.tgz 0ms (cache hit)
443 http cache safe-buffer@https://registry.npmjs.org/safe-buffer/-/safe-buffer-5.2.1.tgz 0ms (cache hit)
444 http cache run-series@https://registry.npmjs.org/run-series/-/run-series-1.1.9.tgz 0ms (cache hit)
445 http cache readdirp@https://registry.npmjs.org/readdirp/-/readdirp-3.6.0.tgz 0ms (cache hit)
446 http cache proxy-from-env@https://registry.npmjs.org/proxy-from-env/-/proxy-from-env-1.1.0.tgz 0ms (cache hit)
447 http cache pm2-deploy@https://registry.npmjs.org/pm2-deploy/-/pm2-deploy-1.0.2.tgz 0ms (cache hit)
448 http cache proxy-agent@https://registry.npmjs.org/proxy-agent/-/proxy-agent-6.5.0.tgz 0ms (cache hit)
449 http cache pidusage@https://registry.npmjs.org/pidusage/-/pidusage-4.0.1.tgz 0ms (cache hit)
450 http cache picomatch@https://registry.npmjs.org/picomatch/-/picomatch-2.3.2.tgz 0ms (cache hit)
451 http cache pac-proxy-agent@https://registry.npmjs.org/pac-proxy-agent/-/pac-proxy-agent-7.2.0.tgz 1ms (cache hit)
452 http cache pac-resolver@https://registry.npmjs.org/pac-resolver/-/pac-resolver-7.0.1.tgz 0ms (cache hit)
453 http cache normalize-path@https://registry.npmjs.org/normalize-path/-/normalize-path-3.0.0.tgz 0ms (cache hit)
454 http cache netmask@https://registry.npmjs.org/netmask/-/netmask-2.1.1.tgz 0ms (cache hit)
455 http cache lodash@https://registry.npmjs.org/lodash/-/lodash-4.18.1.tgz 1ms (cache hit)
456 http cache ms@https://registry.npmjs.org/ms/-/ms-2.1.3.tgz 0ms (cache hit)
457 http cache lru-cache@https://registry.npmjs.org/lru-cache/-/lru-cache-7.18.3.tgz 0ms (cache hit)
458 http cache json-stringify-safe@https://registry.npmjs.org/json-stringify-safe/-/json-stringify-safe-5.0.1.tgz 1ms (cache hit)
459 http cache is-number@https://registry.npmjs.org/is-number/-/is-number-7.0.0.tgz 0ms (cache hit)
460 http cache is-glob@https://registry.npmjs.org/is-glob/-/is-glob-4.0.3.tgz 0ms (cache hit)
461 http cache is-extglob@https://registry.npmjs.org/is-extglob/-/is-extglob-2.1.1.tgz 0ms (cache hit)
462 http cache ip-address@https://registry.npmjs.org/ip-address/-/ip-address-10.2.0.tgz 0ms (cache hit)
463 http cache is-binary-path@https://registry.npmjs.org/is-binary-path/-/is-binary-path-2.1.0.tgz 0ms (cache hit)
464 http cache https-proxy-agent@https://registry.npmjs.org/https-proxy-agent/-/https-proxy-agent-7.0.6.tgz 1ms (cache hit)
465 http cache http-proxy-agent@https://registry.npmjs.org/http-proxy-agent/-/http-proxy-agent-7.0.2.tgz 1ms (cache hit)
466 http cache has-flag@https://registry.npmjs.org/has-flag/-/has-flag-4.0.0.tgz 1ms (cache hit)
467 http cache glob-parent@https://registry.npmjs.org/glob-parent/-/glob-parent-5.1.2.tgz 1ms (cache hit)
468 http cache get-uri@https://registry.npmjs.org/get-uri/-/get-uri-6.0.5.tgz 1ms (cache hit)
469 http cache follow-redirects@https://registry.npmjs.org/follow-redirects/-/follow-redirects-1.16.0.tgz 0ms (cache hit)
470 http cache fast-json-patch@https://registry.npmjs.org/fast-json-patch/-/fast-json-patch-3.1.1.tgz 0ms (cache hit)
471 http cache fill-range@https://registry.npmjs.org/fill-range/-/fill-range-7.1.1.tgz 0ms (cache hit)
472 http cache js-yaml@https://registry.npmjs.org/js-yaml/-/js-yaml-4.3.0.tgz 1ms (cache hit)
473 http cache esutils@https://registry.npmjs.org/esutils/-/esutils-2.0.3.tgz 0ms (cache hit)
474 http cache esprima@https://registry.npmjs.org/esprima/-/esprima-4.0.1.tgz 0ms (cache hit)
475 http cache estraverse@https://registry.npmjs.org/estraverse/-/estraverse-5.3.0.tgz 0ms (cache hit)
476 http cache degenerator@https://registry.npmjs.org/degenerator/-/degenerator-5.0.1.tgz 0ms (cache hit)
477 http cache escodegen@https://registry.npmjs.org/escodegen/-/escodegen-2.1.0.tgz 0ms (cache hit)
478 http cache debug@https://registry.npmjs.org/debug/-/debug-4.4.3.tgz 0ms (cache hit)
479 http cache dayjs@https://registry.npmjs.org/dayjs/-/dayjs-1.11.15.tgz 0ms (cache hit)
480 http cache data-uri-to-buffer@https://registry.npmjs.org/data-uri-to-buffer/-/data-uri-to-buffer-6.0.2.tgz 0ms (cache hit)
481 http cache croner@https://registry.npmjs.org/croner/-/croner-4.1.97.tgz 0ms (cache hit)
482 http cache commander@https://registry.npmjs.org/commander/-/commander-2.15.1.tgz 0ms (cache hit)
483 http cache color-name@https://registry.npmjs.org/color-name/-/color-name-1.1.4.tgz 0ms (cache hit)
484 http cache color-convert@https://registry.npmjs.org/color-convert/-/color-convert-2.0.1.tgz 0ms (cache hit)
485 http cache chokidar@https://registry.npmjs.org/chokidar/-/chokidar-3.6.0.tgz 0ms (cache hit)
486 http cache cli-tableau@https://registry.npmjs.org/cli-tableau/-/cli-tableau-2.0.1.tgz 0ms (cache hit)
487 http cache chalk@https://registry.npmjs.org/chalk/-/chalk-3.0.0.tgz 1ms (cache hit)
488 http cache braces@https://registry.npmjs.org/braces/-/braces-3.0.3.tgz 0ms (cache hit)
489 http cache binary-extensions@https://registry.npmjs.org/binary-extensions/-/binary-extensions-2.3.0.tgz 0ms (cache hit)
490 http cache async@https://registry.npmjs.org/async/-/async-3.2.6.tgz 1ms (cache hit)
491 http cache basic-ftp@https://registry.npmjs.org/basic-ftp/-/basic-ftp-5.3.1.tgz 0ms (cache hit)
492 http cache argparse@https://registry.npmjs.org/argparse/-/argparse-2.0.1.tgz 0ms (cache hit)
493 http cache ast-types@https://registry.npmjs.org/ast-types/-/ast-types-0.13.4.tgz 0ms (cache hit)
494 http cache anymatch@https://registry.npmjs.org/anymatch/-/anymatch-3.1.3.tgz 0ms (cache hit)
495 http cache agent-base@https://registry.npmjs.org/agent-base/-/agent-base-7.1.4.tgz 0ms (cache hit)
496 http cache ansis@https://registry.npmjs.org/ansis/-/ansis-4.0.0-node10.tgz 0ms (cache hit)
497 http cache amp@https://registry.npmjs.org/amp/-/amp-0.3.1.tgz 0ms (cache hit)
498 http cache ansi-styles@https://registry.npmjs.org/ansi-styles/-/ansi-styles-4.3.0.tgz 0ms (cache hit)
499 http cache amp-message@https://registry.npmjs.org/amp-message/-/amp-message-0.1.2.tgz 0ms (cache hit)
500 http cache eventemitter2@https://registry.npmjs.org/eventemitter2/-/eventemitter2-6.4.9.tgz 0ms (cache hit)
501 http cache extrareqp2@https://registry.npmjs.org/extrareqp2/-/extrareqp2-1.0.0.tgz 1ms (cache hit)
502 silly CHANGE node_modules/pm2
503 silly CHANGE node_modules/pm2/node_modules/@tootallnate/quickjs-emscripten
504 silly CHANGE node_modules/pm2/node_modules/@pm2/pm2-version-check
505 silly CHANGE node_modules/pm2/node_modules/@pm2/js-api
506 silly CHANGE node_modules/pm2/node_modules/@pm2/js-api/node_modules/async
507 silly CHANGE node_modules/pm2/node_modules/@pm2/js-api/node_modules/debug
508 silly CHANGE node_modules/pm2/node_modules/@pm2/blessed
509 silly CHANGE node_modules/pm2/node_modules/ws
510 silly CHANGE node_modules/pm2/node_modules/tx2
511 silly CHANGE node_modules/pm2/node_modules/tv4
512 silly CHANGE node_modules/pm2/node_modules/to-regex-range
513 silly CHANGE node_modules/pm2/node_modules/tslib
514 silly CHANGE node_modules/pm2/node_modules/source-map
515 silly CHANGE node_modules/pm2/node_modules/supports-color
516 silly CHANGE node_modules/pm2/node_modules/socks
517 silly CHANGE node_modules/pm2/node_modules/socks-proxy-agent
518 silly CHANGE node_modules/pm2/node_modules/smart-buffer
519 silly CHANGE node_modules/pm2/node_modules/semver
520 silly CHANGE node_modules/pm2/node_modules/safe-buffer
521 silly CHANGE node_modules/pm2/node_modules/run-series
522 silly CHANGE node_modules/pm2/node_modules/readdirp
523 silly CHANGE node_modules/pm2/node_modules/proxy-from-env
524 silly CHANGE node_modules/pm2/node_modules/proxy-agent
525 silly CHANGE node_modules/pm2/node_modules/pm2-deploy
526 silly CHANGE node_modules/pm2/node_modules/pidusage
527 silly CHANGE node_modules/pm2/node_modules/picomatch
528 silly CHANGE node_modules/pm2/node_modules/pac-proxy-agent
529 silly CHANGE node_modules/pm2/node_modules/pac-resolver
530 silly CHANGE node_modules/pm2/node_modules/normalize-path
531 silly CHANGE node_modules/pm2/node_modules/netmask
532 silly CHANGE node_modules/pm2/node_modules/lodash
533 silly CHANGE node_modules/pm2/node_modules/ms
534 silly CHANGE node_modules/pm2/node_modules/lru-cache
535 silly CHANGE node_modules/pm2/node_modules/json-stringify-safe
536 silly CHANGE node_modules/pm2/node_modules/js-yaml
537 silly CHANGE node_modules/pm2/node_modules/is-number
538 silly CHANGE node_modules/pm2/node_modules/is-glob
539 silly CHANGE node_modules/pm2/node_modules/is-extglob
540 silly CHANGE node_modules/pm2/node_modules/is-binary-path
541 silly CHANGE node_modules/pm2/node_modules/ip-address
542 silly CHANGE node_modules/pm2/node_modules/https-proxy-agent
543 silly CHANGE node_modules/pm2/node_modules/http-proxy-agent
544 silly CHANGE node_modules/pm2/node_modules/has-flag
545 silly CHANGE node_modules/pm2/node_modules/glob-parent
546 silly CHANGE node_modules/pm2/node_modules/get-uri
547 silly CHANGE node_modules/pm2/node_modules/follow-redirects
548 silly CHANGE node_modules/pm2/node_modules/fast-json-patch
549 silly CHANGE node_modules/pm2/node_modules/fill-range
550 silly CHANGE node_modules/pm2/node_modules/extrareqp2
551 silly CHANGE node_modules/pm2/node_modules/eventemitter2
552 silly CHANGE node_modules/pm2/node_modules/esutils
553 silly CHANGE node_modules/pm2/node_modules/esprima
554 silly CHANGE node_modules/pm2/node_modules/estraverse
555 silly CHANGE node_modules/pm2/node_modules/escodegen
556 silly CHANGE node_modules/pm2/node_modules/degenerator
557 silly CHANGE node_modules/pm2/node_modules/debug
558 silly CHANGE node_modules/pm2/node_modules/dayjs
559 silly CHANGE node_modules/pm2/node_modules/data-uri-to-buffer
560 silly CHANGE node_modules/pm2/node_modules/croner
561 silly CHANGE node_modules/pm2/node_modules/commander
562 silly CHANGE node_modules/pm2/node_modules/color-name
563 silly CHANGE node_modules/pm2/node_modules/color-convert
564 silly CHANGE node_modules/pm2/node_modules/chokidar
565 silly CHANGE node_modules/pm2/node_modules/cli-tableau
566 silly CHANGE node_modules/pm2/node_modules/chalk
567 silly CHANGE node_modules/pm2/node_modules/braces
568 silly CHANGE node_modules/pm2/node_modules/binary-extensions
569 silly CHANGE node_modules/pm2/node_modules/async
570 silly CHANGE node_modules/pm2/node_modules/basic-ftp
571 silly CHANGE node_modules/pm2/node_modules/argparse
572 silly CHANGE node_modules/pm2/node_modules/ast-types
573 silly CHANGE node_modules/pm2/node_modules/anymatch
574 silly CHANGE node_modules/pm2/node_modules/agent-base
575 silly CHANGE node_modules/pm2/node_modules/ansis
576 silly CHANGE node_modules/pm2/node_modules/amp
577 silly CHANGE node_modules/pm2/node_modules/ansi-styles
578 silly CHANGE node_modules/pm2/node_modules/amp-message
579 verbose cwd /data/data/com.termux/files/home
580 verbose os Linux 4.19.191-27193134-abA037FXXS8CYE1
581 verbose node v26.3.1
582 verbose npm  v11.17.0
583 verbose exit 0
584 info ok
